Using pre-set license
Built from '6000.0/release' branch; Version is '6000.0.25f1 (4859ab7b5a49) revision 4741547'; Using compiler version '193933523'; Build Type 'Release'
OS: 'Windows 11  (10.0.22631) 64bit Professional' Language: 'ru' Physical Memory: 32530 MB
BatchMode: 1, IsHumanControllingUs: 0, StartBugReporterOnCrash: 0, Is64bit: 1, IsPro: 1

COMMAND LINE ARGUMENTS:
D:\6000.0.25f1\Editor\Unity.exe
-adb2
-batchMode
-noUpm
-name
AssetImportWorker2
-projectPath
D:/ЛИЗА/Project/2DPlatformer
-logFile
Logs/AssetImportWorker2.log
-srvPort
52349
-job-worker-count
11
-background-job-worker-count
8
-asset-garbage-collectors
1
Successfully changed project path to: D:/ЛИЗА/Project/2DPlatformer
D:/ЛИЗА/Project/2DPlatformer
[UnityMemory] Configuration Parameters - Can be set up in boot.config
    "memorysetup-bucket-allocator-granularity=16"
    "memorysetup-bucket-allocator-bucket-count=8"
    "memorysetup-bucket-allocator-block-size=33554432"
    "memorysetup-bucket-allocator-block-count=8"
    "memorysetup-main-allocator-block-size=16777216"
    "memorysetup-thread-allocator-block-size=16777216"
    "memorysetup-gfx-main-allocator-block-size=16777216"
    "memorysetup-gfx-thread-allocator-block-size=16777216"
    "memorysetup-cache-allocator-block-size=4194304"
    "memorysetup-typetree-allocator-block-size=2097152"
    "memorysetup-profiler-bucket-allocator-granularity=16"
    "memorysetup-profiler-bucket-allocator-bucket-count=8"
    "memorysetup-profiler-bucket-allocator-block-size=33554432"
    "memorysetup-profiler-bucket-allocator-block-count=8"
    "memorysetup-profiler-allocator-block-size=16777216"
    "memorysetup-profiler-editor-allocator-block-size=1048576"
    "memorysetup-temp-allocator-size-main=16777216"
    "memorysetup-job-temp-allocator-block-size=2097152"
    "memorysetup-job-temp-allocator-block-size-background=1048576"
    "memorysetup-job-temp-allocator-reduction-small-platforms=262144"
    "memorysetup-allocator-temp-initial-block-size-main=262144"
    "memorysetup-allocator-temp-initial-block-size-worker=262144"
    "memorysetup-temp-allocator-size-background-worker=32768"
    "memorysetup-temp-allocator-size-job-worker=262144"
    "memorysetup-temp-allocator-size-preload-manager=33554432"
    "memorysetup-temp-allocator-size-nav-mesh-worker=65536"
    "memorysetup-temp-allocator-size-audio-worker=65536"
    "memorysetup-temp-allocator-size-cloud-worker=32768"
    "memorysetup-temp-allocator-size-gi-baking-worker=262144"
    "memorysetup-temp-allocator-size-gi-baking-worker=262144"
    "memorysetup-temp-allocator-size-gi-baking-worker=262144"
    "memorysetup-temp-allocator-size-gi-baking-worker=262144"
    "memorysetup-temp-allocator-size-gi-baking-worker=262144"
    "memorysetup-temp-allocator-size-gfx=262144"
Player connection [14868]  Target information:

Player connection [14868]  * "[IP] 192.168.100.3 [Port] 0 [Flags] 2 [Guid] 3460580232 [EditorId] 3460580232 [Version] 1048832 [Id] WindowsEditor(7,WIN-BVFHT5710N9) [Debug] 1 [PackageName] WindowsEditor [ProjectName] Editor" 

Player connection [14868] Host joined multi-casting on [225.0.0.222:54997]...
Player connection [14868] Host joined alternative multi-casting on [225.0.0.222:34997]...
JobSystem: Creating JobQueue using job-worker-count value 11
[Physics::Module] Initialized fallback backend.
[Physics::Module] Id: 0xdecafbad
Library Redirect Path: Library/
[Physics::Module] Selected backend.
[Physics::Module] Name: PhysX
[Physics::Module] Id: 0xf2b8ea05
[Physics::Module] SDK Version: 4.1.2
[Physics::Module] Integration Version: 1.0.0
[Physics::Module] Threading Mode: Multi-Threaded
Refreshing native plugins compatible for Editor in 0.00 ms, found 0 plugins.
Preloading 0 native plugins for Editor in 0.00 ms.
Initialize engine version: 6000.0.25f1 (4859ab7b5a49)
[Subsystems] Discovering subsystems at path D:/6000.0.25f1/Editor/Data/Resources/UnitySubsystems
[Subsystems] Discovering subsystems at path D:/ЛИЗА/Project/2DPlatformer/Assets
GfxDevice: creating device client; kGfxThreadingModeNonThreaded
Direct3D:
    Version:  Direct3D 11.0 [level 11.1]
    Renderer: NVIDIA GeForce RTX 4070 (ID=0x2786)
    Vendor:   NVIDIA
    VRAM:     12012 MB
    Driver:   32.0.15.6081
Initialize mono
Mono path[0] = 'D:/6000.0.25f1/Editor/Data/Managed'
Mono path[1] = 'D:/6000.0.25f1/Editor/Data/MonoBleedingEdge/lib/mono/unityjit-win32'
Mono config path = 'D:/6000.0.25f1/Editor/Data/MonoBleedingEdge/etc'
Using monoOptions --debugger-agent=transport=dt_socket,embedding=1,server=y,suspend=n,address=127.0.0.1:56256
Begin MonoManager ReloadAssembly
Registering precompiled unity dll's ...
Register platform support module: D:/6000.0.25f1/Editor/Data/PlaybackEngines/WebGLSupport/UnityEditor.WebGL.Extensions.dll
Register platform support module: D:/6000.0.25f1/Editor/Data/PlaybackEngines/WindowsStandaloneSupport/UnityEditor.WindowsStandalone.Extensions.dll
Register platform support module: D:/6000.0.25f1/Editor/Data/PlaybackEngines/AndroidPlayer/UnityEditor.Android.Extensions.dll
Registered in 0.001482 seconds.
- Loaded All Assemblies, in  1.380 seconds
Native extension for Android target not found
Android Extension - Scanning For ADB Devices 264 ms
Native extension for WindowsStandalone target not found
Native extension for WebGL target not found
Mono: successfully reloaded assembly
- Finished resetting the current domain, in  0.561 seconds
Domain Reload Profiling: 1942ms
	BeginReloadAssembly (86ms)
		ExecutionOrderSort (0ms)
		DisableScriptedObjects (0ms)
		BackupInstance (0ms)
		ReleaseScriptingObjects (0ms)
		CreateAndSetChildDomain (1ms)
	RebuildCommonClasses (164ms)
	RebuildNativeTypeToScriptingClass (8ms)
	initialDomainReloadingComplete (35ms)
	LoadAllAssembliesAndSetupDomain (1087ms)
		LoadAssemblies (86ms)
		RebuildTransferFunctionScriptingTraits (0ms)
		AnalyzeDomain (1084ms)
			TypeCache.Refresh (1083ms)
				TypeCache.ScanAssembly (814ms)
			BuildScriptInfoCaches (0ms)
			ResolveRequiredComponents (0ms)
	FinalizeReload (562ms)
		ReleaseScriptCaches (0ms)
		RebuildScriptCaches (0ms)
		SetupLoadedEditorAssemblies (537ms)
			LogAssemblyErrors (0ms)
			InitializePlatformSupportModulesInManaged (327ms)
			SetLoadedEditorAssemblies (3ms)
			BeforeProcessingInitializeOnLoad (5ms)
			ProcessInitializeOnLoadAttributes (136ms)
			ProcessInitializeOnLoadMethodAttributes (64ms)
			AfterProcessingInitializeOnLoad (2ms)
			EditorAssembliesLoaded (0ms)
		ExecutionOrderSort2 (0ms)
		AwakeInstancesAfterBackupRestoration (0ms)
========================================================================
Worker process is ready to serve import requests
Import Worker Mode flag is 0x00
Begin MonoManager ReloadAssembly
- Loaded All Assemblies, in  1.272 seconds
Refreshing native plugins compatible for Editor in 0.00 ms, found 0 plugins.
Native extension for Android target not found
Native extension for WindowsStandalone target not found
Native extension for WebGL target not found
Mono: successfully reloaded assembly
- Finished resetting the current domain, in  0.389 seconds
Domain Reload Profiling: 1661ms
	BeginReloadAssembly (1126ms)
		ExecutionOrderSort (0ms)
		DisableScriptedObjects (4ms)
		BackupInstance (0ms)
		ReleaseScriptingObjects (0ms)
		CreateAndSetChildDomain (23ms)
	RebuildCommonClasses (23ms)
	RebuildNativeTypeToScriptingClass (7ms)
	initialDomainReloadingComplete (11ms)
	LoadAllAssembliesAndSetupDomain (104ms)
		LoadAssemblies (71ms)
		RebuildTransferFunctionScriptingTraits (0ms)
		AnalyzeDomain (101ms)
			TypeCache.Refresh (97ms)
				TypeCache.ScanAssembly (93ms)
			BuildScriptInfoCaches (2ms)
			ResolveRequiredComponents (0ms)
	FinalizeReload (389ms)
		ReleaseScriptCaches (0ms)
		RebuildScriptCaches (0ms)
		SetupLoadedEditorAssemblies (223ms)
			LogAssemblyErrors (0ms)
			InitializePlatformSupportModulesInManaged (9ms)
			SetLoadedEditorAssemblies (3ms)
			BeforeProcessingInitializeOnLoad (11ms)
			ProcessInitializeOnLoadAttributes (142ms)
			ProcessInitializeOnLoadMethodAttributes (44ms)
			AfterProcessingInitializeOnLoad (14ms)
			EditorAssembliesLoaded (0ms)
		ExecutionOrderSort2 (0ms)
		AwakeInstancesAfterBackupRestoration (6ms)
Launched and connected shader compiler UnityShaderCompiler.exe after 0.03 seconds
Refreshing native plugins compatible for Editor in 0.00 ms, found 0 plugins.
Preloading 0 native plugins for Editor in 0.00 ms.
Unloading 8 Unused Serialized files (Serialized files now loaded: 0)
Unloading 212 unused Assets / (81.7 KB). Loaded Objects now: 815.
Memory consumption went from 83.7 MB to 83.6 MB.
Total: 3.152300 ms (FindLiveObjects: 0.041500 ms CreateObjectMapping: 0.007700 ms MarkObjects: 2.959200 ms  DeleteObjects: 0.141900 ms)

========================================================================
Received Import Request.
  Time since last request: 17296.597645 seconds.
  path: Assets/Cainos/TilesPalette/TX Tileset Ground_0.asset
  artifactKey: Guid(aea62c786b0f9004695d5db8b9703be6) Importer(2089858483,192608db42251d675da83286b1cce702)
Start importing Assets/Cainos/TilesPalette/TX Tileset Ground_0.asset using Guid(aea62c786b0f9004695d5db8b9703be6) Importer(2089858483,192608db42251d675da83286b1cce702) (ScriptedImporter) -> (artifact id: '7808368662e3de2a1fa4091777b0626c') in 0.0989506 seconds
Number of updated asset objects reloaded before import = 0Number of asset objects unloaded after import = 2

========================================================================
Received Import Request.
  Time since last request: 0.000067 seconds.
  path: Assets/Cainos/TilesPalette/TX Tileset Ground_2.asset
  artifactKey: Guid(4bfbc2f48a91a294ab5a84cb649bde12) Importer(2089858483,192608db42251d675da83286b1cce702)
Start importing Assets/Cainos/TilesPalette/TX Tileset Ground_2.asset using Guid(4bfbc2f48a91a294ab5a84cb649bde12) Importer(2089858483,192608db42251d675da83286b1cce702) (ScriptedImporter) -> (artifact id: '138bc88de85c9361be2e5a0464dddaf3') in 0.0151505 seconds
Number of updated asset objects reloaded before import = 0Number of asset objects unloaded after import = 2

========================================================================
Received Import Request.
  Time since last request: 0.000013 seconds.
  path: Assets/Settings/UniversalRP.asset
  artifactKey: Guid(681886c5eb7344803b6206f758bf0b1c) Importer(2089858483,192608db42251d675da83286b1cce702)
Start importing Assets/Settings/UniversalRP.asset using Guid(681886c5eb7344803b6206f758bf0b1c) Importer(2089858483,192608db42251d675da83286b1cce702) (ScriptedImporter) -> (artifact id: '7999a422a6d8ea79871c6d856e0f7e4b') in 0.0144043 seconds
Number of updated asset objects reloaded before import = 0Number of asset objects unloaded after import = 1

========================================================================
Received Import Request.
  Time since last request: 0.000013 seconds.
  path: Assets/Cainos/TilesPalette/TX Tileset Ground_104.asset
  artifactKey: Guid(2b0ffda2d6a7d614c9d8d863db7b0244) Importer(2089858483,192608db42251d675da83286b1cce702)
Start importing Assets/Cainos/TilesPalette/TX Tileset Ground_104.asset using Guid(2b0ffda2d6a7d614c9d8d863db7b0244) Importer(2089858483,192608db42251d675da83286b1cce702) (ScriptedImporter) -> (artifact id: '7cd4078f9a5ee5e0fc9a90d62077bcfe') in 0.014842 seconds
Number of updated asset objects reloaded before import = 0Number of asset objects unloaded after import = 2

========================================================================
Received Import Request.
  Time since last request: 0.000012 seconds.
  path: Assets/Cainos/TilesPalette/TX Tileset Ground_142.asset
  artifactKey: Guid(69bf7929959dc1e458f15717e39b93e8) Importer(2089858483,192608db42251d675da83286b1cce702)
Start importing Assets/Cainos/TilesPalette/TX Tileset Ground_142.asset using Guid(69bf7929959dc1e458f15717e39b93e8) Importer(2089858483,192608db42251d675da83286b1cce702) (ScriptedImporter) -> (artifact id: '87c4d857270e5849a7569873fcd5b131') in 0.0154977 seconds
Number of updated asset objects reloaded before import = 0Number of asset objects unloaded after import = 2

========================================================================
Received Import Request.
  Time since last request: 0.000028 seconds.
  path: Assets/Cainos/TilesPalette/TX Tileset Ground_162.asset
  artifactKey: Guid(a8322b006ec29f3498ace1446cde95df) Importer(2089858483,192608db42251d675da83286b1cce702)
Start importing Assets/Cainos/TilesPalette/TX Tileset Ground_162.asset using Guid(a8322b006ec29f3498ace1446cde95df) Importer(2089858483,192608db42251d675da83286b1cce702) (ScriptedImporter) -> (artifact id: 'b66d754ed362313934d5125c90b24061') in 0.0142992 seconds
Number of updated asset objects reloaded before import = 0Number of asset objects unloaded after import = 2

========================================================================
Received Import Request.
  Time since last request: 0.000012 seconds.
  path: Assets/Cainos/TilesPalette/TX Tileset Ground_20.asset
  artifactKey: Guid(897da0167aaf0334cadada370344520c) Importer(2089858483,192608db42251d675da83286b1cce702)
Start importing Assets/Cainos/TilesPalette/TX Tileset Ground_20.asset using Guid(897da0167aaf0334cadada370344520c) Importer(2089858483,192608db42251d675da83286b1cce702) (ScriptedImporter) -> (artifact id: 'c85379e840a65bd317851b1d92c63b8b') in 0.0143875 seconds
Number of updated asset objects reloaded before import = 0Number of asset objects unloaded after import = 2

========================================================================
Received Import Request.
  Time since last request: 0.000012 seconds.
  path: Assets/Cainos/TilesPalette/TX Tileset Ground_111.asset
  artifactKey: Guid(72f188904849dee45a1b386a308171d3) Importer(2089858483,192608db42251d675da83286b1cce702)
Start importing Assets/Cainos/TilesPalette/TX Tileset Ground_111.asset using Guid(72f188904849dee45a1b386a308171d3) Importer(2089858483,192608db42251d675da83286b1cce702) (ScriptedImporter) -> (artifact id: 'ded2443bbee116486ba2689279bbe573') in 0.014229 seconds
Number of updated asset objects reloaded before import = 0Number of asset objects unloaded after import = 2

========================================================================
Received Import Request.
  Time since last request: 0.000014 seconds.
  path: Assets/Cainos/TilesPalette/TX Tileset Ground_129.asset
  artifactKey: Guid(70b8b2695feba284dbad578c92c7dd67) Importer(2089858483,192608db42251d675da83286b1cce702)
Start importing Assets/Cainos/TilesPalette/TX Tileset Ground_129.asset using Guid(70b8b2695feba284dbad578c92c7dd67) Importer(2089858483,192608db42251d675da83286b1cce702) (ScriptedImporter) -> (artifact id: 'e9d9575c4dc63a507ed998182b0eef33') in 0.0133702 seconds
Number of updated asset objects reloaded before import = 0Number of asset objects unloaded after import = 2

========================================================================
Received Import Request.
  Time since last request: 0.000014 seconds.
  path: Assets/Cainos/TilesPalette/TX Tileset Ground_149.asset
  artifactKey: Guid(c6784d540eb8714488962694e60c9895) Importer(2089858483,192608db42251d675da83286b1cce702)
Start importing Assets/Cainos/TilesPalette/TX Tileset Ground_149.asset using Guid(c6784d540eb8714488962694e60c9895) Importer(2089858483,192608db42251d675da83286b1cce702) (ScriptedImporter) -> (artifact id: 'e404f33524479a35a77c6e83c2e7d86c') in 0.0136832 seconds
Number of updated asset objects reloaded before import = 0Number of asset objects unloaded after import = 2

========================================================================
Received Import Request.
  Time since last request: 0.000017 seconds.
  path: Assets/Cainos/TilesPalette/TX Tileset Ground_136.asset
  artifactKey: Guid(7b516fb4b77e6ea4c878bda95575f05a) Importer(2089858483,192608db42251d675da83286b1cce702)
Start importing Assets/Cainos/TilesPalette/TX Tileset Ground_136.asset using Guid(7b516fb4b77e6ea4c878bda95575f05a) Importer(2089858483,192608db42251d675da83286b1cce702) (ScriptedImporter) -> (artifact id: 'ae583f30173225d0ae2b81aaf0ba344a') in 0.0142074 seconds
Number of updated asset objects reloaded before import = 0Number of asset objects unloaded after import = 2

========================================================================
Received Import Request.
  Time since last request: 0.000012 seconds.
  path: Assets/Cainos/TilesPalette/TX Tileset Ground_23.asset
  artifactKey: Guid(fa9b47c9239c0b3469ff76959d74ac6b) Importer(2089858483,192608db42251d675da83286b1cce702)
Start importing Assets/Cainos/TilesPalette/TX Tileset Ground_23.asset using Guid(fa9b47c9239c0b3469ff76959d74ac6b) Importer(2089858483,192608db42251d675da83286b1cce702) (ScriptedImporter) -> (artifact id: '127b0e8a60eee7051910dbfa9d1f3266') in 0.0140712 seconds
Number of updated asset objects reloaded before import = 0Number of asset objects unloaded after import = 2

========================================================================
Received Import Request.
  Time since last request: 0.000012 seconds.
  path: Assets/Cainos/TilesPalette/TX Tileset Ground_125.asset
  artifactKey: Guid(349b9bec6ad281844b8f8e8462a2308c) Importer(2089858483,192608db42251d675da83286b1cce702)
Start importing Assets/Cainos/TilesPalette/TX Tileset Ground_125.asset using Guid(349b9bec6ad281844b8f8e8462a2308c) Importer(2089858483,192608db42251d675da83286b1cce702) (ScriptedImporter) -> (artifact id: 'ef513a1d6786c558ab942fa20503586a') in 0.0139567 seconds
Number of updated asset objects reloaded before import = 0Number of asset objects unloaded after import = 2

========================================================================
Received Import Request.
  Time since last request: 0.000011 seconds.
  path: Assets/Cainos/TilesPalette/TX Tileset Ground_146.asset
  artifactKey: Guid(f9fe76e68a31ea7479c64a3f25ee4cee) Importer(2089858483,192608db42251d675da83286b1cce702)
Start importing Assets/Cainos/TilesPalette/TX Tileset Ground_146.asset using Guid(f9fe76e68a31ea7479c64a3f25ee4cee) Importer(2089858483,192608db42251d675da83286b1cce702) (ScriptedImporter) -> (artifact id: 'f0711eb4a6da688c08ded633bf0313e3') in 0.0148611 seconds
Number of updated asset objects reloaded before import = 0Number of asset objects unloaded after import = 2

========================================================================
Received Import Request.
  Time since last request: 0.000013 seconds.
  path: Assets/Cainos/TilesPalette/TX Tileset Ground_116.asset
  artifactKey: Guid(e09ff218fdd3e8c4e9935b57d44c813e) Importer(2089858483,192608db42251d675da83286b1cce702)
Start importing Assets/Cainos/TilesPalette/TX Tileset Ground_116.asset using Guid(e09ff218fdd3e8c4e9935b57d44c813e) Importer(2089858483,192608db42251d675da83286b1cce702) (ScriptedImporter) -> (artifact id: '729a511700ddefe3386536d5c022b2fb') in 0.0152361 seconds
Number of updated asset objects reloaded before import = 0Number of asset objects unloaded after import = 2

========================================================================
Received Import Request.
  Time since last request: 0.000046 seconds.
  path: Assets/Cainos/TilesPalette/TX Tileset Ground_135.asset
  artifactKey: Guid(1337aa9b43cae104489c5bb1f5154ee2) Importer(2089858483,192608db42251d675da83286b1cce702)
Start importing Assets/Cainos/TilesPalette/TX Tileset Ground_135.asset using Guid(1337aa9b43cae104489c5bb1f5154ee2) Importer(2089858483,192608db42251d675da83286b1cce702) (ScriptedImporter) -> (artifact id: '5c6d3840244f7762e8d6372879294bb1') in 0.0148134 seconds
Number of updated asset objects reloaded before import = 0Number of asset objects unloaded after import = 2

========================================================================
Received Import Request.
  Time since last request: 0.000069 seconds.
  path: Assets/Cainos/TilesPalette/TX Tileset Ground_121.asset
  artifactKey: Guid(5df101e07b68ba545aaf367ade73ca62) Importer(2089858483,192608db42251d675da83286b1cce702)
Start importing Assets/Cainos/TilesPalette/TX Tileset Ground_121.asset using Guid(5df101e07b68ba545aaf367ade73ca62) Importer(2089858483,192608db42251d675da83286b1cce702) (ScriptedImporter) -> (artifact id: 'ec22911f38aa68f129257cca65f1d347') in 0.0143832 seconds
Number of updated asset objects reloaded before import = 0Number of asset objects unloaded after import = 2

========================================================================
Received Import Request.
  Time since last request: 0.000013 seconds.
  path: Assets/Cainos/Pixel Art Platformer - Village Props/Changelog.txt
  artifactKey: Guid(042aaf459f74cb341bca9c0e6b430868) Importer(2089858483,192608db42251d675da83286b1cce702)
Start importing Assets/Cainos/Pixel Art Platformer - Village Props/Changelog.txt using Guid(042aaf459f74cb341bca9c0e6b430868) Importer(2089858483,192608db42251d675da83286b1cce702) (ScriptedImporter) -> (artifact id: 'a09857913a7611c92b2fdb0a0f5c4527') in 0.0119982 seconds
Number of updated asset objects reloaded before import = 0Number of asset objects unloaded after import = 1

========================================================================
Received Import Request.
  Time since last request: 0.099931 seconds.
  path: Assets/Cainos/TilesPalette/TX Tileset Ground_33.asset
  artifactKey: Guid(f63cb3f2dd66e2e47af2c08956db9a48) Importer(2089858483,192608db42251d675da83286b1cce702)
Start importing Assets/Cainos/TilesPalette/TX Tileset Ground_33.asset using Guid(f63cb3f2dd66e2e47af2c08956db9a48) Importer(2089858483,192608db42251d675da83286b1cce702) (ScriptedImporter) -> (artifact id: '8cb5b9ae6813edd12a9d16c07cb9bbbb') in 0.0244922 seconds
Number of updated asset objects reloaded before import = 0Number of asset objects unloaded after import = 2

========================================================================
Received Import Request.
  Time since last request: 0.000012 seconds.
  path: Assets/Cainos/TilesPalette/TX Tileset Ground_67.asset
  artifactKey: Guid(261718a1e796e59428f1e413fd398e6d) Importer(2089858483,192608db42251d675da83286b1cce702)
Start importing Assets/Cainos/TilesPalette/TX Tileset Ground_67.asset using Guid(261718a1e796e59428f1e413fd398e6d) Importer(2089858483,192608db42251d675da83286b1cce702) (ScriptedImporter) -> (artifact id: '46f44471f091483b1bfe37bb0da8f291') in 0.0135774 seconds
Number of updated asset objects reloaded before import = 0Number of asset objects unloaded after import = 2

========================================================================
Received Import Request.
  Time since last request: 0.000013 seconds.
  path: Assets/Cainos/TilesPalette/TX Tileset Ground_51.asset
  artifactKey: Guid(ba962c08eab321e40a97fc808a8e3718) Importer(2089858483,192608db42251d675da83286b1cce702)
Start importing Assets/Cainos/TilesPalette/TX Tileset Ground_51.asset using Guid(ba962c08eab321e40a97fc808a8e3718) Importer(2089858483,192608db42251d675da83286b1cce702) (ScriptedImporter) -> (artifact id: 'c695dc677044c67b9058fee6b5189510') in 0.0141632 seconds
Number of updated asset objects reloaded before import = 0Number of asset objects unloaded after import = 2

========================================================================
Received Import Request.
  Time since last request: 0.000012 seconds.
  path: Assets/Cainos/TilesPalette/TX Tileset Ground_48.asset
  artifactKey: Guid(4b2c932a0c27f534f868cea62ff6e883) Importer(2089858483,192608db42251d675da83286b1cce702)
Start importing Assets/Cainos/TilesPalette/TX Tileset Ground_48.asset using Guid(4b2c932a0c27f534f868cea62ff6e883) Importer(2089858483,192608db42251d675da83286b1cce702) (ScriptedImporter) -> (artifact id: 'd665974bbe01aa5f9bbaaade0d281d2e') in 0.018432 seconds
Number of updated asset objects reloaded before import = 0Number of asset objects unloaded after import = 2

========================================================================
Received Import Request.
  Time since last request: 0.000012 seconds.
  path: Assets/Cainos/TilesPalette/TX Tileset Ground_64.asset
  artifactKey: Guid(c652b0c07f25adc41a62e5a1bad01609) Importer(2089858483,192608db42251d675da83286b1cce702)
Start importing Assets/Cainos/TilesPalette/TX Tileset Ground_64.asset using Guid(c652b0c07f25adc41a62e5a1bad01609) Importer(2089858483,192608db42251d675da83286b1cce702) (ScriptedImporter) -> (artifact id: '4fa43c5148135ea785ccfb9e9d2aba18') in 0.0132213 seconds
Number of updated asset objects reloaded before import = 0Number of asset objects unloaded after import = 2

========================================================================
Received Import Request.
  Time since last request: 0.000013 seconds.
  path: Assets/Hero Knight - Pixel Art/Animations/HeroKnight_Fall.anim
  artifactKey: Guid(dd8f4cf2e37ede148ba7ae01f7b60168) Importer(2089858483,192608db42251d675da83286b1cce702)
Start importing Assets/Hero Knight - Pixel Art/Animations/HeroKnight_Fall.anim using Guid(dd8f4cf2e37ede148ba7ae01f7b60168) Importer(2089858483,192608db42251d675da83286b1cce702) (ScriptedImporter) -> (artifact id: '9c3bf4b2014f8b19ef58646a936fdeb2') in 0.02026 seconds
Number of updated asset objects reloaded before import = 0Number of asset objects unloaded after import = 1

========================================================================
Received Import Request.
  Time since last request: 0.000020 seconds.
  path: Assets/Hero Knight - Pixel Art/Animations/HeroKnight_AnimController.controller
  artifactKey: Guid(3c2a5b7097b0fe44394328c0bdb9252e) Importer(2089858483,192608db42251d675da83286b1cce702)
Start importing Assets/Hero Knight - Pixel Art/Animations/HeroKnight_AnimController.controller using Guid(3c2a5b7097b0fe44394328c0bdb9252e) Importer(2089858483,192608db42251d675da83286b1cce702) (ScriptedImporter) -> (artifact id: '6f61e22f65a1413fdb47eaaa0cf03167') in 0.0719191 seconds
Number of updated asset objects reloaded before import = 0Number of asset objects unloaded after import = 55

========================================================================
Received Import Request.
  Time since last request: 0.000013 seconds.
  path: Assets/Cainos/TilesPalette/TX Tileset Ground_70.asset
  artifactKey: Guid(7a4c2dd18da3d2449987b7e3e36ed5bb) Importer(2089858483,192608db42251d675da83286b1cce702)
Start importing Assets/Cainos/TilesPalette/TX Tileset Ground_70.asset using Guid(7a4c2dd18da3d2449987b7e3e36ed5bb) Importer(2089858483,192608db42251d675da83286b1cce702) (ScriptedImporter) -> (artifact id: '23aad133d0597cd831d01788190080e5') in 0.0129247 seconds
Number of updated asset objects reloaded before import = 0Number of asset objects unloaded after import = 2

========================================================================
Received Import Request.
  Time since last request: 0.000015 seconds.
  path: Assets/Cainos/TilesPalette/TX Tileset Ground_5.asset
  artifactKey: Guid(ca957b6f8a76a744981a86f55e966b76) Importer(2089858483,192608db42251d675da83286b1cce702)
Start importing Assets/Cainos/TilesPalette/TX Tileset Ground_5.asset using Guid(ca957b6f8a76a744981a86f55e966b76) Importer(2089858483,192608db42251d675da83286b1cce702) (ScriptedImporter) -> (artifact id: 'a64bf20b0fab2307123355089eb869f3') in 0.0132562 seconds
Number of updated asset objects reloaded before import = 0Number of asset objects unloaded after import = 2

========================================================================
Received Import Request.
  Time since last request: 0.000017 seconds.
  path: Assets/Hero Knight - Pixel Art/Animations/HeroKnight_IdleBlock.anim
  artifactKey: Guid(e1f22af3d2d63dd4caa8b2d637dbb1a3) Importer(2089858483,192608db42251d675da83286b1cce702)
Start importing Assets/Hero Knight - Pixel Art/Animations/HeroKnight_IdleBlock.anim using Guid(e1f22af3d2d63dd4caa8b2d637dbb1a3) Importer(2089858483,192608db42251d675da83286b1cce702) (ScriptedImporter) -> (artifact id: '5cf5156901beaf653dd6609a23972a15') in 0.0098816 seconds
Number of updated asset objects reloaded before import = 0Number of asset objects unloaded after import = 1

========================================================================
Received Import Request.
  Time since last request: 0.000028 seconds.
  path: Assets/Cainos/TilesPalette/TX Tileset Ground_74.asset
  artifactKey: Guid(d6e71fb351ab5954c87a7401f8984950) Importer(2089858483,192608db42251d675da83286b1cce702)
Start importing Assets/Cainos/TilesPalette/TX Tileset Ground_74.asset using Guid(d6e71fb351ab5954c87a7401f8984950) Importer(2089858483,192608db42251d675da83286b1cce702) (ScriptedImporter) -> (artifact id: '3f17c62f02e741f681f74c0ac128c2ef') in 0.0147102 seconds
Number of updated asset objects reloaded before import = 0Number of asset objects unloaded after import = 2

========================================================================
Received Import Request.
  Time since last request: 0.000013 seconds.
  path: Assets/Cainos/TilesPalette/TX Tileset Ground_49.asset
  artifactKey: Guid(829ea3129e46259418bf109093f3556a) Importer(2089858483,192608db42251d675da83286b1cce702)
Start importing Assets/Cainos/TilesPalette/TX Tileset Ground_49.asset using Guid(829ea3129e46259418bf109093f3556a) Importer(2089858483,192608db42251d675da83286b1cce702) (ScriptedImporter) -> (artifact id: '50106732766961476bf384d9c3c33d42') in 0.0130913 seconds
Number of updated asset objects reloaded before import = 0Number of asset objects unloaded after import = 2

========================================================================
Received Import Request.
  Time since last request: 0.000011 seconds.
  path: Assets/Cainos/TilesPalette/TX Tileset Ground_94.asset
  artifactKey: Guid(53563e2785d5db94ebb5f9c7ef38f000) Importer(2089858483,192608db42251d675da83286b1cce702)
Start importing Assets/Cainos/TilesPalette/TX Tileset Ground_94.asset using Guid(53563e2785d5db94ebb5f9c7ef38f000) Importer(2089858483,192608db42251d675da83286b1cce702) (ScriptedImporter) -> (artifact id: '111eaf66c92c2a200fad0c54f3251cb3') in 0.0150006 seconds
Number of updated asset objects reloaded before import = 0Number of asset objects unloaded after import = 2

========================================================================
Received Import Request.
  Time since last request: 0.000060 seconds.
  path: Assets/Cainos/TilesPalette/TX Tileset Ground_8.asset
  artifactKey: Guid(69407d10c06739b4bb8dca63f731d442) Importer(2089858483,192608db42251d675da83286b1cce702)
Start importing Assets/Cainos/TilesPalette/TX Tileset Ground_8.asset using Guid(69407d10c06739b4bb8dca63f731d442) Importer(2089858483,192608db42251d675da83286b1cce702) (ScriptedImporter) -> (artifact id: 'f1ea7deed8b69d6b666fa033115445c9') in 0.0130512 seconds
Number of updated asset objects reloaded before import = 0Number of asset objects unloaded after import = 2

========================================================================
Received Import Request.
  Time since last request: 0.231406 seconds.
  path: Assets/Hero Knight - Pixel Art/Sprites/Background.png
  artifactKey: Guid(33dccf83b7f7f294992c97ebe1990464) Importer(2089858483,192608db42251d675da83286b1cce702)
Start importing Assets/Hero Knight - Pixel Art/Sprites/Background.png using Guid(33dccf83b7f7f294992c97ebe1990464) Importer(2089858483,192608db42251d675da83286b1cce702) (ScriptedImporter) -> (artifact id: 'e09c221f18da7efd3e23f4fcb168127e') in 0.040475 seconds
Number of updated asset objects reloaded before import = 0Number of asset objects unloaded after import = 3

========================================================================
Received Import Request.
  Time since last request: 0.000013 seconds.
  path: Assets/Cainos/Tile/Texture/TX Village Props - Arrow Hit.asset
  artifactKey: Guid(9e4452ef4dea1ec4ab35f9b68e42f7b0) Importer(2089858483,192608db42251d675da83286b1cce702)
Start importing Assets/Cainos/Tile/Texture/TX Village Props - Arrow Hit.asset using Guid(9e4452ef4dea1ec4ab35f9b68e42f7b0) Importer(2089858483,192608db42251d675da83286b1cce702) (ScriptedImporter) -> (artifact id: '04e27e877dd0389510100804b8effadd') in 0.0137487 seconds
Number of updated asset objects reloaded before import = 0Number of asset objects unloaded after import = 2

========================================================================
Received Import Request.
  Time since last request: 0.000013 seconds.
  path: Assets/Cainos/Tile/Prefab/PF Village Props - Bush 02.prefab
  artifactKey: Guid(e3ef72d9f2a941b479a3bda87147db32) Importer(2089858483,192608db42251d675da83286b1cce702)
Start importing Assets/Cainos/Tile/Prefab/PF Village Props - Bush 02.prefab using Guid(e3ef72d9f2a941b479a3bda87147db32) Importer(2089858483,192608db42251d675da83286b1cce702) (ScriptedImporter) -> (artifact id: '7985d1c4b1d528fdd8090bf18e2ef37b') in 0.0355283 seconds
Number of updated asset objects reloaded before import = 0Number of asset objects unloaded after import = 8

========================================================================
Received Import Request.
  Time since last request: 0.000013 seconds.
  path: Assets/Cainos/Tile/Prefab/PF Village Props - Bush 03.prefab
  artifactKey: Guid(de570bfbf1a49ba4c9575930f7db6bae) Importer(2089858483,192608db42251d675da83286b1cce702)
Start importing Assets/Cainos/Tile/Prefab/PF Village Props - Bush 03.prefab using Guid(de570bfbf1a49ba4c9575930f7db6bae) Importer(2089858483,192608db42251d675da83286b1cce702) (ScriptedImporter) -> (artifact id: '2e98572382921875554eab90acc2bc6a') in 0.0233524 seconds
Number of updated asset objects reloaded before import = 0Number of asset objects unloaded after import = 8

========================================================================
Received Import Request.
  Time since last request: 0.000015 seconds.
  path: Assets/Cainos/Tile/Prefab/PF Village Props - Gravestone 02.prefab
  artifactKey: Guid(f39426a001c71d84999be2ee63c7d322) Importer(2089858483,192608db42251d675da83286b1cce702)
Start importing Assets/Cainos/Tile/Prefab/PF Village Props - Gravestone 02.prefab using Guid(f39426a001c71d84999be2ee63c7d322) Importer(2089858483,192608db42251d675da83286b1cce702) (ScriptedImporter) -> (artifact id: '2469daca6a2fe2a7a98311719e15088e') in 0.0201323 seconds
Number of updated asset objects reloaded before import = 0Number of asset objects unloaded after import = 8

========================================================================
Received Import Request.
  Time since last request: 0.000028 seconds.
  path: Assets/Hero Knight - Pixel Art/Sprites/SlideDust.png
  artifactKey: Guid(7fb51a422c4a36e40b71b06331a74b11) Importer(2089858483,192608db42251d675da83286b1cce702)
Start importing Assets/Hero Knight - Pixel Art/Sprites/SlideDust.png using Guid(7fb51a422c4a36e40b71b06331a74b11) Importer(2089858483,192608db42251d675da83286b1cce702) (ScriptedImporter) -> (artifact id: 'd96aa5cb135eb077386f52267ef2ae9c') in 0.0232772 seconds
Number of updated asset objects reloaded before import = 0Number of asset objects unloaded after import = 7

========================================================================
Received Import Request.
  Time since last request: 0.000012 seconds.
  path: Assets/Cainos/Tile/Prefab/PF Village Props - Pot 01.prefab
  artifactKey: Guid(78c0f168d9274124eaeedea139301a44) Importer(2089858483,192608db42251d675da83286b1cce702)
Start importing Assets/Cainos/Tile/Prefab/PF Village Props - Pot 01.prefab using Guid(78c0f168d9274124eaeedea139301a44) Importer(2089858483,192608db42251d675da83286b1cce702) (ScriptedImporter) -> (artifact id: '853a7b6ee1273ccd8cc769f8752bc95c') in 0.027784 seconds
Number of updated asset objects reloaded before import = 0Number of asset objects unloaded after import = 10

========================================================================
Received Import Request.
  Time since last request: 0.000013 seconds.
  path: Assets/Cainos/Tile/Prefab/PF Village Props - Ladder 02.prefab
  artifactKey: Guid(7b51376ff9aae694dbc3f515f5737d84) Importer(2089858483,192608db42251d675da83286b1cce702)
Start importing Assets/Cainos/Tile/Prefab/PF Village Props - Ladder 02.prefab using Guid(7b51376ff9aae694dbc3f515f5737d84) Importer(2089858483,192608db42251d675da83286b1cce702) (ScriptedImporter) -> (artifact id: 'a3fcee8841beefab9378183d83cd1453') in 0.0198361 seconds
Number of updated asset objects reloaded before import = 0Number of asset objects unloaded after import = 28

========================================================================
Received Import Request.
  Time since last request: 0.000012 seconds.
  path: Assets/Cainos/Tile/Prefab/PF Village Props - Stairs X48.prefab
  artifactKey: Guid(92aca809b931fc849b230d03bbcfee16) Importer(2089858483,192608db42251d675da83286b1cce702)
Start importing Assets/Cainos/Tile/Prefab/PF Village Props - Stairs X48.prefab using Guid(92aca809b931fc849b230d03bbcfee16) Importer(2089858483,192608db42251d675da83286b1cce702) (ScriptedImporter) -> (artifact id: '34a815dd0fd8bb9d6b9ccc01bcef6280') in 0.029934 seconds
Number of updated asset objects reloaded before import = 0Number of asset objects unloaded after import = 13

========================================================================
Received Import Request.
  Time since last request: 0.000015 seconds.
  path: Assets/Settings/Scenes/URP2DSceneTemplate.unity
  artifactKey: Guid(2cda990e2423bbf4892e6590ba056729) Importer(2089858483,192608db42251d675da83286b1cce702)
Start importing Assets/Settings/Scenes/URP2DSceneTemplate.unity using Guid(2cda990e2423bbf4892e6590ba056729) Importer(2089858483,192608db42251d675da83286b1cce702) (ScriptedImporter) -> (artifact id: 'fc8ccf33700d55b4fe32680e627e3cb7') in 0.0155024 seconds
Number of updated asset objects reloaded before import = 0Number of asset objects unloaded after import = 1

========================================================================
Received Import Request.
  Time since last request: 0.000037 seconds.
  path: Assets/Cainos/Tile/Prefab/PF Village Props - Chest Iron.prefab
  artifactKey: Guid(5abf20f0457997348bd80242fe916388) Importer(2089858483,192608db42251d675da83286b1cce702)
Start importing Assets/Cainos/Tile/Prefab/PF Village Props - Chest Iron.prefab using Guid(5abf20f0457997348bd80242fe916388) Importer(2089858483,192608db42251d675da83286b1cce702) (ScriptedImporter) -> (artifact id: '5b17dc144d7f4b94ccdcf7fcdf60ba5e') in 0.0242266 seconds
Number of updated asset objects reloaded before import = 0Number of asset objects unloaded after import = 12

========================================================================
Received Import Request.
  Time since last request: 0.000012 seconds.
  path: Assets/Cainos/Tile/Prefab/PF Village Props - Tree 02.prefab
  artifactKey: Guid(c5f8f079905bce04f945cd8ff4ba545a) Importer(2089858483,192608db42251d675da83286b1cce702)
Start importing Assets/Cainos/Tile/Prefab/PF Village Props - Tree 02.prefab using Guid(c5f8f079905bce04f945cd8ff4ba545a) Importer(2089858483,192608db42251d675da83286b1cce702) (ScriptedImporter) -> (artifact id: '485d3b2c5f24880496c46ea332ced8eb') in 0.0235807 seconds
Number of updated asset objects reloaded before import = 0Number of asset objects unloaded after import = 8

========================================================================
Received Import Request.
  Time since last request: 0.000014 seconds.
  path: Assets/Cainos/Tile/Prefab/PF Village Props - Log Bench.prefab
  artifactKey: Guid(28ae4e85426a2f54a98737a016d4cbc2) Importer(2089858483,192608db42251d675da83286b1cce702)
Start importing Assets/Cainos/Tile/Prefab/PF Village Props - Log Bench.prefab using Guid(28ae4e85426a2f54a98737a016d4cbc2) Importer(2089858483,192608db42251d675da83286b1cce702) (ScriptedImporter) -> (artifact id: '70fd99f4299c944006b78027a02adc4b') in 0.0233134 seconds
Number of updated asset objects reloaded before import = 0Number of asset objects unloaded after import = 8

========================================================================
Received Import Request.
  Time since last request: 0.000012 seconds.
  path: Assets/Cainos/Tile/Prefab/PF Village Props - Stall.prefab
  artifactKey: Guid(b18dcd3ee86986b469e9cfc64055704c) Importer(2089858483,192608db42251d675da83286b1cce702)
Start importing Assets/Cainos/Tile/Prefab/PF Village Props - Stall.prefab using Guid(b18dcd3ee86986b469e9cfc64055704c) Importer(2089858483,192608db42251d675da83286b1cce702) (ScriptedImporter) -> (artifact id: 'deacf6422f8c9976056b7245e089a7ab') in 0.0229487 seconds
Number of updated asset objects reloaded before import = 0Number of asset objects unloaded after import = 76

========================================================================
Received Import Request.
  Time since last request: 0.000013 seconds.
  path: Assets/Cainos/Tile/Prefab/PF Village Props - Wine Bottle.prefab
  artifactKey: Guid(83d9652edf8102948abc7e6551b4db36) Importer(2089858483,192608db42251d675da83286b1cce702)
Start importing Assets/Cainos/Tile/Prefab/PF Village Props - Wine Bottle.prefab using Guid(83d9652edf8102948abc7e6551b4db36) Importer(2089858483,192608db42251d675da83286b1cce702) (ScriptedImporter) -> (artifact id: '8a64c1b712c757d4a0d88c9973365e16') in 0.0252713 seconds
Number of updated asset objects reloaded before import = 0Number of asset objects unloaded after import = 10

========================================================================
Received Import Request.
  Time since last request: 0.000014 seconds.
  path: Assets/Cainos/Tile/Prefab/PF Village Props - Platform 02 X4.prefab
  artifactKey: Guid(5e8d23661846f4140b8492397ab54a94) Importer(2089858483,192608db42251d675da83286b1cce702)
Start importing Assets/Cainos/Tile/Prefab/PF Village Props - Platform 02 X4.prefab using Guid(5e8d23661846f4140b8492397ab54a94) Importer(2089858483,192608db42251d675da83286b1cce702) (ScriptedImporter) -> (artifact id: '65603fc0388739e5662e1c5ca88ac02b') in 0.0216164 seconds
Number of updated asset objects reloaded before import = 0Number of asset objects unloaded after import = 23

========================================================================
Received Import Request.
  Time since last request: 0.000016 seconds.
  path: Assets/Cainos/Tile/Prefab/PF Village Props - Gravestone 03.prefab
  artifactKey: Guid(d6770ea3eabbc694a9bad4112d5af65b) Importer(2089858483,192608db42251d675da83286b1cce702)
Start importing Assets/Cainos/Tile/Prefab/PF Village Props - Gravestone 03.prefab using Guid(d6770ea3eabbc694a9bad4112d5af65b) Importer(2089858483,192608db42251d675da83286b1cce702) (ScriptedImporter) -> (artifact id: 'a46ea9184abcebce4e4bcf099f7a7d62') in 0.0251513 seconds
Number of updated asset objects reloaded before import = 0Number of asset objects unloaded after import = 8

========================================================================
Received Import Request.
  Time since last request: 0.000014 seconds.
  path: Assets/Cainos/Tile/Prefab/PF Village Props - Platform 02 X3.prefab
  artifactKey: Guid(8f0b414806fcbda47b9f242883104bb5) Importer(2089858483,192608db42251d675da83286b1cce702)
Start importing Assets/Cainos/Tile/Prefab/PF Village Props - Platform 02 X3.prefab using Guid(8f0b414806fcbda47b9f242883104bb5) Importer(2089858483,192608db42251d675da83286b1cce702) (ScriptedImporter) -> (artifact id: '4fb756d69587851b40f00e9f3722f89a') in 0.0233163 seconds
Number of updated asset objects reloaded before import = 0Number of asset objects unloaded after import = 20

========================================================================
Received Import Request.
  Time since last request: 0.000015 seconds.
  path: Assets/Cainos/Tile/Prefab/PF Village Props - Barricade.prefab
  artifactKey: Guid(e0868e2099f22704cb8f4781f4dffe5f) Importer(2089858483,192608db42251d675da83286b1cce702)
Start importing Assets/Cainos/Tile/Prefab/PF Village Props - Barricade.prefab using Guid(e0868e2099f22704cb8f4781f4dffe5f) Importer(2089858483,192608db42251d675da83286b1cce702) (ScriptedImporter) -> (artifact id: '65904cdc253f877a36ffaa7d8cc6f48a') in 0.0233509 seconds
Number of updated asset objects reloaded before import = 0Number of asset objects unloaded after import = 8

========================================================================
Received Import Request.
  Time since last request: 0.000014 seconds.
  path: Assets/Cainos/Tile/Prefab/PF Village Props - Fire Bowl.prefab
  artifactKey: Guid(56e2a525e0fbd93419c9b313c362934d) Importer(2089858483,192608db42251d675da83286b1cce702)
Start importing Assets/Cainos/Tile/Prefab/PF Village Props - Fire Bowl.prefab using Guid(56e2a525e0fbd93419c9b313c362934d) Importer(2089858483,192608db42251d675da83286b1cce702) (ScriptedImporter) -> (artifact id: 'dcf270eb2c4066792002b4618d671d3b') in 0.0282977 seconds
Number of updated asset objects reloaded before import = 0Number of asset objects unloaded after import = 20

========================================================================
Received Import Request.
  Time since last request: 0.000017 seconds.
  path: Assets/Cainos/Tile/Prefab/PF Village Props - Training Dummy.prefab
  artifactKey: Guid(7fc30cd74f5aa724387df7546e0f3d5b) Importer(2089858483,192608db42251d675da83286b1cce702)
Start importing Assets/Cainos/Tile/Prefab/PF Village Props - Training Dummy.prefab using Guid(7fc30cd74f5aa724387df7546e0f3d5b) Importer(2089858483,192608db42251d675da83286b1cce702) (ScriptedImporter) -> (artifact id: '7a2ce7ebcfde2495bc4ef440d7dcd1db') in 0.0223545 seconds
Number of updated asset objects reloaded before import = 0Number of asset objects unloaded after import = 8

========================================================================
Received Import Request.
  Time since last request: 0.000013 seconds.
  path: Assets/Cainos/Tile/Texture/TX Village Props - Hammer.asset
  artifactKey: Guid(828727657435e944b8cc8cd23d7d0f54) Importer(2089858483,192608db42251d675da83286b1cce702)
Start importing Assets/Cainos/Tile/Texture/TX Village Props - Hammer.asset using Guid(828727657435e944b8cc8cd23d7d0f54) Importer(2089858483,192608db42251d675da83286b1cce702) (ScriptedImporter) -> (artifact id: '636a47947bd5178a5fe98bd7acdf5513') in 0.0139453 seconds
Number of updated asset objects reloaded before import = 0Number of asset objects unloaded after import = 2

========================================================================
Received Import Request.
  Time since last request: 0.000013 seconds.
  path: Assets/Cainos/Tile/Texture/TX Village Props - Grain Box.asset
  artifactKey: Guid(82b7f6faf99092b47af80390e852c994) Importer(2089858483,192608db42251d675da83286b1cce702)
Start importing Assets/Cainos/Tile/Texture/TX Village Props - Grain Box.asset using Guid(82b7f6faf99092b47af80390e852c994) Importer(2089858483,192608db42251d675da83286b1cce702) (ScriptedImporter) -> (artifact id: '7513bcc5fb4542284c734eb83b0e0b45') in 0.0133814 seconds
Number of updated asset objects reloaded before import = 0Number of asset objects unloaded after import = 2

========================================================================
Received Import Request.
  Time since last request: 0.000013 seconds.
  path: Assets/Cainos/Tile/Texture/TX Village Props - Grass 04.asset
  artifactKey: Guid(f282b072278c28e4e9a5b4c1f301a96c) Importer(2089858483,192608db42251d675da83286b1cce702)
Start importing Assets/Cainos/Tile/Texture/TX Village Props - Grass 04.asset using Guid(f282b072278c28e4e9a5b4c1f301a96c) Importer(2089858483,192608db42251d675da83286b1cce702) (ScriptedImporter) -> (artifact id: '19536eeb4d5206fe8e896d43c2ae1d08') in 0.0135013 seconds
Number of updated asset objects reloaded before import = 0Number of asset objects unloaded after import = 2

========================================================================
Received Import Request.
  Time since last request: 0.000011 seconds.
  path: Assets/Cainos/Tile/Texture/TX Village Props - Fence 01 Rail 02.asset
  artifactKey: Guid(028c565e6cf89114b95657cba23ca080) Importer(2089858483,192608db42251d675da83286b1cce702)
Start importing Assets/Cainos/Tile/Texture/TX Village Props - Fence 01 Rail 02.asset using Guid(028c565e6cf89114b95657cba23ca080) Importer(2089858483,192608db42251d675da83286b1cce702) (ScriptedImporter) -> (artifact id: 'cb2175530e563c34198513fb3747c379') in 0.0145999 seconds
Number of updated asset objects reloaded before import = 0Number of asset objects unloaded after import = 2

========================================================================
Received Import Request.
  Time since last request: 0.000011 seconds.
  path: Assets/Cainos/Tile/Texture/TX Village Props - Cloth 07.asset
  artifactKey: Guid(1c70577a8400ef04c9a7837e0d62cf11) Importer(2089858483,192608db42251d675da83286b1cce702)
Start importing Assets/Cainos/Tile/Texture/TX Village Props - Cloth 07.asset using Guid(1c70577a8400ef04c9a7837e0d62cf11) Importer(2089858483,192608db42251d675da83286b1cce702) (ScriptedImporter) -> (artifact id: '27e9fe24c165d9e88f802477082032ca') in 0.0140576 seconds
Number of updated asset objects reloaded before import = 0Number of asset objects unloaded after import = 2

========================================================================
Received Import Request.
  Time since last request: 0.000017 seconds.
  path: Assets/Cainos/Tile/Texture/TX Village Props - Obstacle Platform Large 01.asset
  artifactKey: Guid(f1500ed7dcc028044b332ba4b9845866) Importer(2089858483,192608db42251d675da83286b1cce702)
Start importing Assets/Cainos/Tile/Texture/TX Village Props - Obstacle Platform Large 01.asset using Guid(f1500ed7dcc028044b332ba4b9845866) Importer(2089858483,192608db42251d675da83286b1cce702) (ScriptedImporter) -> (artifact id: '27ce3b12d5d896d82468cc0a37d1f5a1') in 0.0143319 seconds
Number of updated asset objects reloaded before import = 0Number of asset objects unloaded after import = 2

========================================================================
Received Import Request.
  Time since last request: 0.000028 seconds.
  path: Assets/Cainos/Tile/Texture/TX Village Props - Obstacle Platform X40.asset
  artifactKey: Guid(08cbdaad2f2d92b47810937b04e666e6) Importer(2089858483,192608db42251d675da83286b1cce702)
Start importing Assets/Cainos/Tile/Texture/TX Village Props - Obstacle Platform X40.asset using Guid(08cbdaad2f2d92b47810937b04e666e6) Importer(2089858483,192608db42251d675da83286b1cce702) (ScriptedImporter) -> (artifact id: 'b192f5c2cb54d38cf8a55f05d5a8ad10') in 0.0143382 seconds
Number of updated asset objects reloaded before import = 0Number of asset objects unloaded after import = 2

========================================================================
Received Import Request.
  Time since last request: 0.000014 seconds.
  path: Assets/Cainos/Tile/Texture/TX Village Props - Ladder 02 Pillar A.asset
  artifactKey: Guid(634f25f2689bab04b9921a497b26c92e) Importer(2089858483,192608db42251d675da83286b1cce702)
Start importing Assets/Cainos/Tile/Texture/TX Village Props - Ladder 02 Pillar A.asset using Guid(634f25f2689bab04b9921a497b26c92e) Importer(2089858483,192608db42251d675da83286b1cce702) (ScriptedImporter) -> (artifact id: 'bbb9b47c33db629b91a076f6c91b0dca') in 0.0160873 seconds
Number of updated asset objects reloaded before import = 0Number of asset objects unloaded after import = 2

========================================================================
Received Import Request.
  Time since last request: 0.000019 seconds.
  path: Assets/Cainos/Tile/Texture/TX Village Props - Platform M 02.asset
  artifactKey: Guid(9bbd5e7cc20153348993300d73f16e3d) Importer(2089858483,192608db42251d675da83286b1cce702)
Start importing Assets/Cainos/Tile/Texture/TX Village Props - Platform M 02.asset using Guid(9bbd5e7cc20153348993300d73f16e3d) Importer(2089858483,192608db42251d675da83286b1cce702) (ScriptedImporter) -> (artifact id: 'e6333e1ae47e6a46aa13159434bf3be1') in 0.0164086 seconds
Number of updated asset objects reloaded before import = 0Number of asset objects unloaded after import = 2

========================================================================
Received Import Request.
  Time since last request: 0.000012 seconds.
  path: Assets/Cainos/Tile/Texture/TX Village Props - Cloth 03.asset
  artifactKey: Guid(b0334856a13228e4c9f8184cce977632) Importer(2089858483,192608db42251d675da83286b1cce702)
Start importing Assets/Cainos/Tile/Texture/TX Village Props - Cloth 03.asset using Guid(b0334856a13228e4c9f8184cce977632) Importer(2089858483,192608db42251d675da83286b1cce702) (ScriptedImporter) -> (artifact id: 'b1e58ffc5850b146531717bb4f882b10') in 0.0132767 seconds
Number of updated asset objects reloaded before import = 0Number of asset objects unloaded after import = 2

========================================================================
Received Import Request.
  Time since last request: 0.000013 seconds.
  path: Assets/Cainos/Tile/Texture/TX Village Props - Platform R 03.asset
  artifactKey: Guid(324451b1d82e0f84aadc3c9831758385) Importer(2089858483,192608db42251d675da83286b1cce702)
Start importing Assets/Cainos/Tile/Texture/TX Village Props - Platform R 03.asset using Guid(324451b1d82e0f84aadc3c9831758385) Importer(2089858483,192608db42251d675da83286b1cce702) (ScriptedImporter) -> (artifact id: 'b1a53e818e160dbe0d9c513818629ee9') in 0.0134315 seconds
Number of updated asset objects reloaded before import = 0Number of asset objects unloaded after import = 2

========================================================================
Received Import Request.
  Time since last request: 0.000011 seconds.
  path: Assets/Cainos/Tile/Texture/TX Village Props - Ladder 01 Side RT.asset
  artifactKey: Guid(25bcbb83a64a5a441ba1608e47458e82) Importer(2089858483,192608db42251d675da83286b1cce702)
Start importing Assets/Cainos/Tile/Texture/TX Village Props - Ladder 01 Side RT.asset using Guid(25bcbb83a64a5a441ba1608e47458e82) Importer(2089858483,192608db42251d675da83286b1cce702) (ScriptedImporter) -> (artifact id: 'cb4893033d8cbc4d368b645892d62a12') in 0.0131369 seconds
Number of updated asset objects reloaded before import = 0Number of asset objects unloaded after import = 2

========================================================================
Received Import Request.
  Time since last request: 0.000012 seconds.
  path: Assets/Cainos/Tile/Texture/TX Village Props - Obstacle Platform X32.asset
  artifactKey: Guid(e684b5ece25e0864d95566479bd3bf5b) Importer(2089858483,192608db42251d675da83286b1cce702)
Start importing Assets/Cainos/Tile/Texture/TX Village Props - Obstacle Platform X32.asset using Guid(e684b5ece25e0864d95566479bd3bf5b) Importer(2089858483,192608db42251d675da83286b1cce702) (ScriptedImporter) -> (artifact id: 'bf11c443820c096e0aa4ee3591225010') in 0.0146487 seconds
Number of updated asset objects reloaded before import = 0Number of asset objects unloaded after import = 2

========================================================================
Received Import Request.
  Time since last request: 0.000032 seconds.
  path: Assets/Cainos/Tile/Texture/TX Village Props - Fence 01 Pillar 03.asset
  artifactKey: Guid(3b72378ef7494704a81bfbf26d9e5aee) Importer(2089858483,192608db42251d675da83286b1cce702)
Start importing Assets/Cainos/Tile/Texture/TX Village Props - Fence 01 Pillar 03.asset using Guid(3b72378ef7494704a81bfbf26d9e5aee) Importer(2089858483,192608db42251d675da83286b1cce702) (ScriptedImporter) -> (artifact id: 'c2d6cfb10de07e08123dac705672623a') in 0.0137047 seconds
Number of updated asset objects reloaded before import = 0Number of asset objects unloaded after import = 2

========================================================================
Received Import Request.
  Time since last request: 0.000032 seconds.
  path: Assets/Cainos/Tile/Texture/TX Village Props - Ladder 01 Side LM 01.asset
  artifactKey: Guid(7d83f1252e0259e4e9c515e63f8c7a34) Importer(2089858483,192608db42251d675da83286b1cce702)
Start importing Assets/Cainos/Tile/Texture/TX Village Props - Ladder 01 Side LM 01.asset using Guid(7d83f1252e0259e4e9c515e63f8c7a34) Importer(2089858483,192608db42251d675da83286b1cce702) (ScriptedImporter) -> (artifact id: '606e6231f235d67ab076c7429953625e') in 0.0148153 seconds
Number of updated asset objects reloaded before import = 0Number of asset objects unloaded after import = 2

========================================================================
Received Import Request.
  Time since last request: 0.000012 seconds.
  path: Assets/Cainos/Tile/Texture/TX Village Props - Crate Small.asset
  artifactKey: Guid(745936dbd7b69b3468656c32e33b4c46) Importer(2089858483,192608db42251d675da83286b1cce702)
Start importing Assets/Cainos/Tile/Texture/TX Village Props - Crate Small.asset using Guid(745936dbd7b69b3468656c32e33b4c46) Importer(2089858483,192608db42251d675da83286b1cce702) (ScriptedImporter) -> (artifact id: '88c9d05fa2bed4a47b7599f9a5a081d7') in 0.0147751 seconds
Number of updated asset objects reloaded before import = 0Number of asset objects unloaded after import = 2

========================================================================
Received Import Request.
  Time since last request: 0.000012 seconds.
  path: Assets/Cainos/Tile/Texture/TX Village Props - Grass 09.asset
  artifactKey: Guid(ebc02817224518f48bbe0af31ed1409a) Importer(2089858483,192608db42251d675da83286b1cce702)
Start importing Assets/Cainos/Tile/Texture/TX Village Props - Grass 09.asset using Guid(ebc02817224518f48bbe0af31ed1409a) Importer(2089858483,192608db42251d675da83286b1cce702) (ScriptedImporter) -> (artifact id: '8a276abdf9b9d24c5ac866bc106a93dd') in 0.0145962 seconds
Number of updated asset objects reloaded before import = 0Number of asset objects unloaded after import = 2

========================================================================
Received Import Request.
  Time since last request: 0.000015 seconds.
  path: Assets/Cainos/Tile/Texture/TX Village Props - Obstacle Platform Large 02.asset
  artifactKey: Guid(0f0de9ae3b78eb2469032b92cc699a72) Importer(2089858483,192608db42251d675da83286b1cce702)
Start importing Assets/Cainos/Tile/Texture/TX Village Props - Obstacle Platform Large 02.asset using Guid(0f0de9ae3b78eb2469032b92cc699a72) Importer(2089858483,192608db42251d675da83286b1cce702) (ScriptedImporter) -> (artifact id: '3ae556885b0c9266c1af5004a6abe6d5') in 0.0129932 seconds
Number of updated asset objects reloaded before import = 0Number of asset objects unloaded after import = 2

========================================================================
Received Import Request.
  Time since last request: 0.000023 seconds.
  path: Assets/Cainos/Tile/Prefab/PF Village Props - Basket.prefab
  artifactKey: Guid(33765db783031c64eb242d22002b9a55) Importer(2089858483,192608db42251d675da83286b1cce702)
Start importing Assets/Cainos/Tile/Prefab/PF Village Props - Basket.prefab using Guid(33765db783031c64eb242d22002b9a55) Importer(2089858483,192608db42251d675da83286b1cce702) (ScriptedImporter) -> (artifact id: 'c02c7b5a8032c8af9ad0ee6fe0938d09') in 0.0220879 seconds
Number of updated asset objects reloaded before import = 0Number of asset objects unloaded after import = 8

========================================================================
Received Import Request.
  Time since last request: 0.000014 seconds.
  path: Assets/Cainos/Tile/Texture/TX Village Props - Platform L 03.asset
  artifactKey: Guid(3d18f928bc892054e80f09b204b0b01f) Importer(2089858483,192608db42251d675da83286b1cce702)
Start importing Assets/Cainos/Tile/Texture/TX Village Props - Platform L 03.asset using Guid(3d18f928bc892054e80f09b204b0b01f) Importer(2089858483,192608db42251d675da83286b1cce702) (ScriptedImporter) -> (artifact id: '88450a9d24ded6c7eec6aece3cb81ceb') in 0.0127602 seconds
Number of updated asset objects reloaded before import = 0Number of asset objects unloaded after import = 2

========================================================================
Received Import Request.
  Time since last request: 0.000011 seconds.
  path: Assets/Cainos/Tile/Texture/TX Village Props - Ladder 01 Side RB.asset
  artifactKey: Guid(9babba00c599fde40bf510f6fd2e3b67) Importer(2089858483,192608db42251d675da83286b1cce702)
Start importing Assets/Cainos/Tile/Texture/TX Village Props - Ladder 01 Side RB.asset using Guid(9babba00c599fde40bf510f6fd2e3b67) Importer(2089858483,192608db42251d675da83286b1cce702) (ScriptedImporter) -> (artifact id: 'c771824905cc24dc623447701b5e0512') in 0.0150921 seconds
Number of updated asset objects reloaded before import = 0Number of asset objects unloaded after import = 2

========================================================================
Received Import Request.
  Time since last request: 0.000012 seconds.
  path: Assets/Cainos/Tile/Texture/TX Village Props - Grass 08.asset
  artifactKey: Guid(067ebf9d004c4db49be10b22b16eb01a) Importer(2089858483,192608db42251d675da83286b1cce702)
Start importing Assets/Cainos/Tile/Texture/TX Village Props - Grass 08.asset using Guid(067ebf9d004c4db49be10b22b16eb01a) Importer(2089858483,192608db42251d675da83286b1cce702) (ScriptedImporter) -> (artifact id: '77f7a4cdaf03cfaf7b1c4765c9c5e349') in 0.0143443 seconds
Number of updated asset objects reloaded before import = 0Number of asset objects unloaded after import = 2

========================================================================
Received Import Request.
  Time since last request: 0.000017 seconds.
  path: Assets/Cainos/Tile/Prefab/PF Village Props - Grass 02.prefab
  artifactKey: Guid(b51901e6748833e4695e0c1db509dcd4) Importer(2089858483,192608db42251d675da83286b1cce702)
Start importing Assets/Cainos/Tile/Prefab/PF Village Props - Grass 02.prefab using Guid(b51901e6748833e4695e0c1db509dcd4) Importer(2089858483,192608db42251d675da83286b1cce702) (ScriptedImporter) -> (artifact id: '137fbac049ce3464c3f0177324391b8e') in 0.0244275 seconds
Number of updated asset objects reloaded before import = 0Number of asset objects unloaded after import = 8

========================================================================
Received Import Request.
  Time since last request: 0.000019 seconds.
  path: Assets/Cainos/Tile/Texture/TX Village Props - Clother Hanger Pillar 02.asset
  artifactKey: Guid(1c79371c1e02e234a8e8b6d39b00e122) Importer(2089858483,192608db42251d675da83286b1cce702)
Start importing Assets/Cainos/Tile/Texture/TX Village Props - Clother Hanger Pillar 02.asset using Guid(1c79371c1e02e234a8e8b6d39b00e122) Importer(2089858483,192608db42251d675da83286b1cce702) (ScriptedImporter) -> (artifact id: 'e97a7a7daf9a8e54ea5fc0adf1b97ccc') in 0.0155887 seconds
Number of updated asset objects reloaded before import = 0Number of asset objects unloaded after import = 2

========================================================================
Received Import Request.
  Time since last request: 0.000013 seconds.
  path: Assets/Cainos/Tile/Texture/TX Village Props - Pot 02.asset
  artifactKey: Guid(3709379fde9d944479eeb56156ad16fb) Importer(2089858483,192608db42251d675da83286b1cce702)
Start importing Assets/Cainos/Tile/Texture/TX Village Props - Pot 02.asset using Guid(3709379fde9d944479eeb56156ad16fb) Importer(2089858483,192608db42251d675da83286b1cce702) (ScriptedImporter) -> (artifact id: '84aa3efd6e2bbd6689fbe08d6f73a3bc') in 0.0136299 seconds
Number of updated asset objects reloaded before import = 0Number of asset objects unloaded after import = 2

========================================================================
Received Import Request.
  Time since last request: 0.000012 seconds.
  path: Assets/Cainos/Tile/Prefab/PF Village Props - Road Sign 01.prefab
  artifactKey: Guid(bbde5b0f2fde63f47aab9703a1e8e784) Importer(2089858483,192608db42251d675da83286b1cce702)
Start importing Assets/Cainos/Tile/Prefab/PF Village Props - Road Sign 01.prefab using Guid(bbde5b0f2fde63f47aab9703a1e8e784) Importer(2089858483,192608db42251d675da83286b1cce702) (ScriptedImporter) -> (artifact id: 'b5736a6297b351aa5b0a617d77bc6a30') in 0.0242937 seconds
Number of updated asset objects reloaded before import = 0Number of asset objects unloaded after import = 12

========================================================================
Received Import Request.
  Time since last request: 0.084657 seconds.
  path: Assets/Cainos/Tile/Texture/TX Village Props - Pumpkin 02.asset
  artifactKey: Guid(636848d3b4faf9a45a33a29b08b5b169) Importer(2089858483,192608db42251d675da83286b1cce702)
Start importing Assets/Cainos/Tile/Texture/TX Village Props - Pumpkin 02.asset using Guid(636848d3b4faf9a45a33a29b08b5b169) Importer(2089858483,192608db42251d675da83286b1cce702) (ScriptedImporter) -> (artifact id: '0543458c372dfe7bea53fb2ba10817ed') in 0.0251987 seconds
Number of updated asset objects reloaded before import = 0Number of asset objects unloaded after import = 2

========================================================================
Received Import Request.
  Time since last request: 0.000038 seconds.
  path: Assets/Cainos/Tile/Texture/TX Village Props - Wheelbarrow.asset
  artifactKey: Guid(9c6695cd250a72943bf667b046698d22) Importer(2089858483,192608db42251d675da83286b1cce702)
Start importing Assets/Cainos/Tile/Texture/TX Village Props - Wheelbarrow.asset using Guid(9c6695cd250a72943bf667b046698d22) Importer(2089858483,192608db42251d675da83286b1cce702) (ScriptedImporter) -> (artifact id: 'ea7b98e9fb658da786a24c10a6aa3609') in 0.0144488 seconds
Number of updated asset objects reloaded before import = 0Number of asset objects unloaded after import = 2

========================================================================
Received Import Request.
  Time since last request: 0.000016 seconds.
  path: Assets/Cainos/Tile/Texture/TX Village Props - Stall Fruit 02.asset
  artifactKey: Guid(fb5b5e4ffb72384498578a91a6c6816b) Importer(2089858483,192608db42251d675da83286b1cce702)
Start importing Assets/Cainos/Tile/Texture/TX Village Props - Stall Fruit 02.asset using Guid(fb5b5e4ffb72384498578a91a6c6816b) Importer(2089858483,192608db42251d675da83286b1cce702) (ScriptedImporter) -> (artifact id: 'd1734b84faf547f96cecc1eb680d9c50') in 0.0137336 seconds
Number of updated asset objects reloaded before import = 0Number of asset objects unloaded after import = 2

========================================================================
Received Import Request.
  Time since last request: 0.000021 seconds.
  path: Assets/Cainos/Pixel Art Platformer - Village Props/Material/FX/MT FX Stone of Recall Glow.mat
  artifactKey: Guid(4840ba71e7e040b47856248d0e721935) Importer(2089858483,192608db42251d675da83286b1cce702)
Start importing Assets/Cainos/Pixel Art Platformer - Village Props/Material/FX/MT FX Stone of Recall Glow.mat using Guid(4840ba71e7e040b47856248d0e721935) Importer(2089858483,192608db42251d675da83286b1cce702) (ScriptedImporter) -> (artifact id: '775ca9e1d72a96430378547b13486d3e') in 0.0123912 seconds
Number of updated asset objects reloaded before import = 0Number of asset objects unloaded after import = 1

========================================================================
Received Import Request.
  Time since last request: 0.000016 seconds.
  path: Assets/Cainos/Tile/Texture/TX Village Props - Road Sign 02.asset
  artifactKey: Guid(f815bfe757bec5e47b943b6c6ea8268a) Importer(2089858483,192608db42251d675da83286b1cce702)
Start importing Assets/Cainos/Tile/Texture/TX Village Props - Road Sign 02.asset using Guid(f815bfe757bec5e47b943b6c6ea8268a) Importer(2089858483,192608db42251d675da83286b1cce702) (ScriptedImporter) -> (artifact id: 'af5701b144683a68a43f9eab54526ac5') in 0.0142624 seconds
Number of updated asset objects reloaded before import = 0Number of asset objects unloaded after import = 2

========================================================================
Received Import Request.
  Time since last request: 0.000018 seconds.
  path: Assets/Cainos/Tile/Texture/TX Village Props - Weapon Rack.asset
  artifactKey: Guid(04b36b3cf8917f749b24293036ed6219) Importer(2089858483,192608db42251d675da83286b1cce702)
Start importing Assets/Cainos/Tile/Texture/TX Village Props - Weapon Rack.asset using Guid(04b36b3cf8917f749b24293036ed6219) Importer(2089858483,192608db42251d675da83286b1cce702) (ScriptedImporter) -> (artifact id: '259d46e414d72d0f0e226e8284f0d4e2') in 0.0154708 seconds
Number of updated asset objects reloaded before import = 0Number of asset objects unloaded after import = 2

========================================================================
Received Import Request.
  Time since last request: 0.000013 seconds.
  path: Assets/Cainos/Tile/Texture/TX Village Props - Tree 01.asset
  artifactKey: Guid(247d74aa57b032e4184828ce514e473e) Importer(2089858483,192608db42251d675da83286b1cce702)
Start importing Assets/Cainos/Tile/Texture/TX Village Props - Tree 01.asset using Guid(247d74aa57b032e4184828ce514e473e) Importer(2089858483,192608db42251d675da83286b1cce702) (ScriptedImporter) -> (artifact id: '79cbaaf60fe2902da2bfe8e952319075') in 0.0147405 seconds
Number of updated asset objects reloaded before import = 0Number of asset objects unloaded after import = 2

========================================================================
Received Import Request.
  Time since last request: 0.000024 seconds.
  path: Assets/Cainos/Pixel Art Platformer - Village Props/Material/FX/MT FX Flame.mat
  artifactKey: Guid(dce4faabfa7d00147bb7d853e5c1fbf3) Importer(2089858483,192608db42251d675da83286b1cce702)
Start importing Assets/Cainos/Pixel Art Platformer - Village Props/Material/FX/MT FX Flame.mat using Guid(dce4faabfa7d00147bb7d853e5c1fbf3) Importer(2089858483,192608db42251d675da83286b1cce702) (ScriptedImporter) -> (artifact id: '43d968ab8808213d86e068488ccf0320') in 0.0155505 seconds
Number of updated asset objects reloaded before import = 0Number of asset objects unloaded after import = 2

========================================================================
Received Import Request.
  Time since last request: 0.000012 seconds.
  path: Assets/Cainos/Tile/Texture/TX Village Props - Stall Fruit 01.asset
  artifactKey: Guid(32fee2267961d764293464a5345a61d4) Importer(2089858483,192608db42251d675da83286b1cce702)
Start importing Assets/Cainos/Tile/Texture/TX Village Props - Stall Fruit 01.asset using Guid(32fee2267961d764293464a5345a61d4) Importer(2089858483,192608db42251d675da83286b1cce702) (ScriptedImporter) -> (artifact id: 'c4766baf1b98378ad66abfb353934496') in 0.0136995 seconds
Number of updated asset objects reloaded before import = 0Number of asset objects unloaded after import = 2

========================================================================
Received Import Request.
  Time since last request: 0.000048 seconds.
  path: Assets/Cainos/Tile/Texture/TX Village Props - Wooden Bridge Part 01.asset
  artifactKey: Guid(f5244b4c5fcb10f4bbc042a86483f468) Importer(2089858483,192608db42251d675da83286b1cce702)
Start importing Assets/Cainos/Tile/Texture/TX Village Props - Wooden Bridge Part 01.asset using Guid(f5244b4c5fcb10f4bbc042a86483f468) Importer(2089858483,192608db42251d675da83286b1cce702) (ScriptedImporter) -> (artifact id: '427f8cd6f5843eca29c4738d148ff917') in 0.0143492 seconds
Number of updated asset objects reloaded before import = 0Number of asset objects unloaded after import = 2

========================================================================
Received Import Request.
  Time since last request: 0.000017 seconds.
  path: Assets/Cainos/Tile/Texture/TX Village Props - Wheat 02.asset
  artifactKey: Guid(c1706a349f5a55047bf34e9bc9a04c88) Importer(2089858483,192608db42251d675da83286b1cce702)
Start importing Assets/Cainos/Tile/Texture/TX Village Props - Wheat 02.asset using Guid(c1706a349f5a55047bf34e9bc9a04c88) Importer(2089858483,192608db42251d675da83286b1cce702) (ScriptedImporter) -> (artifact id: '6ab5f01f6a8ff15abb08d6dbaef4fc74') in 0.0142099 seconds
Number of updated asset objects reloaded before import = 0Number of asset objects unloaded after import = 2

========================================================================
Received Import Request.
  Time since last request: 0.000010 seconds.
  path: Assets/Cainos/Tile/Texture/TX Village Props - Statue Bouquet.asset
  artifactKey: Guid(4ecf607996154a14ea52da91bde946fd) Importer(2089858483,192608db42251d675da83286b1cce702)
Start importing Assets/Cainos/Tile/Texture/TX Village Props - Statue Bouquet.asset using Guid(4ecf607996154a14ea52da91bde946fd) Importer(2089858483,192608db42251d675da83286b1cce702) (ScriptedImporter) -> (artifact id: 'a025f8b9af1bbca0d7b449b9b284acc7') in 0.0137704 seconds
Number of updated asset objects reloaded before import = 0Number of asset objects unloaded after import = 2

========================================================================
Received Import Request.
  Time since last request: 0.000039 seconds.
  path: Assets/Cainos/Tile/Texture/TX Village Props - Stairs X64.asset
  artifactKey: Guid(3319a73da26666b4081148b2904a3f05) Importer(2089858483,192608db42251d675da83286b1cce702)
Start importing Assets/Cainos/Tile/Texture/TX Village Props - Stairs X64.asset using Guid(3319a73da26666b4081148b2904a3f05) Importer(2089858483,192608db42251d675da83286b1cce702) (ScriptedImporter) -> (artifact id: 'da6d5e53d7479fbb549775f8cafa3e2b') in 0.0120452 seconds
Number of updated asset objects reloaded before import = 0Number of asset objects unloaded after import = 2

Editor requested this worker to shutdown with reason: Scaling down because of idle timeout
AssetImportWorker is now disconnected from the server
Process exiting
Exiting without the bug reporter. Application will terminate with return code 0