Using pre-set license
Built from '6000.0/release' branch; Version is '6000.0.25f1 (4859ab7b5a49) revision 4741547'; Using compiler version '193933523'; Build Type 'Release'
OS: 'Windows 11  (10.0.22631) 64bit Professional' Language: 'ru' Physical Memory: 32530 MB
BatchMode: 1, IsHumanControllingUs: 0, StartBugReporterOnCrash: 0, Is64bit: 1, IsPro: 1

COMMAND LINE ARGUMENTS:
D:\6000.0.25f1\Editor\Unity.exe
-adb2
-batchMode
-noUpm
-name
AssetImportWorker0
-projectPath
D:/ЛИЗА/Project/2DPlatformer
-logFile
Logs/AssetImportWorker0.log
-srvPort
52349
-job-worker-count
11
-background-job-worker-count
8
-asset-garbage-collectors
1
Successfully changed project path to: D:/ЛИЗА/Project/2DPlatformer
D:/ЛИЗА/Project/2DPlatformer
[UnityMemory] Configuration Parameters - Can be set up in boot.config
    "memorysetup-bucket-allocator-granularity=16"
    "memorysetup-bucket-allocator-bucket-count=8"
    "memorysetup-bucket-allocator-block-size=33554432"
    "memorysetup-bucket-allocator-block-count=8"
    "memorysetup-main-allocator-block-size=16777216"
    "memorysetup-thread-allocator-block-size=16777216"
    "memorysetup-gfx-main-allocator-block-size=16777216"
    "memorysetup-gfx-thread-allocator-block-size=16777216"
    "memorysetup-cache-allocator-block-size=4194304"
    "memorysetup-typetree-allocator-block-size=2097152"
    "memorysetup-profiler-bucket-allocator-granularity=16"
    "memorysetup-profiler-bucket-allocator-bucket-count=8"
    "memorysetup-profiler-bucket-allocator-block-size=33554432"
    "memorysetup-profiler-bucket-allocator-block-count=8"
    "memorysetup-profiler-allocator-block-size=16777216"
    "memorysetup-profiler-editor-allocator-block-size=1048576"
    "memorysetup-temp-allocator-size-main=16777216"
    "memorysetup-job-temp-allocator-block-size=2097152"
    "memorysetup-job-temp-allocator-block-size-background=1048576"
    "memorysetup-job-temp-allocator-reduction-small-platforms=262144"
    "memorysetup-allocator-temp-initial-block-size-main=262144"
    "memorysetup-allocator-temp-initial-block-size-worker=262144"
    "memorysetup-temp-allocator-size-background-worker=32768"
    "memorysetup-temp-allocator-size-job-worker=262144"
    "memorysetup-temp-allocator-size-preload-manager=33554432"
    "memorysetup-temp-allocator-size-nav-mesh-worker=65536"
    "memorysetup-temp-allocator-size-audio-worker=65536"
    "memorysetup-temp-allocator-size-cloud-worker=32768"
    "memorysetup-temp-allocator-size-gi-baking-worker=262144"
    "memorysetup-temp-allocator-size-gi-baking-worker=262144"
    "memorysetup-temp-allocator-size-gi-baking-worker=262144"
    "memorysetup-temp-allocator-size-gi-baking-worker=262144"
    "memorysetup-temp-allocator-size-gi-baking-worker=262144"
    "memorysetup-temp-allocator-size-gfx=262144"
Player connection [5780]  Target information:

Player connection [5780]  * "[IP] 192.168.100.3 [Port] 0 [Flags] 2 [Guid] 1967490422 [EditorId] 1967490422 [Version] 1048832 [Id] WindowsEditor(7,WIN-BVFHT5710N9) [Debug] 1 [PackageName] WindowsEditor [ProjectName] Editor" 

Player connection [5780] Host joined multi-casting on [225.0.0.222:54997]...
Player connection [5780] Host joined alternative multi-casting on [225.0.0.222:34997]...
JobSystem: Creating JobQueue using job-worker-count value 11
[Physics::Module] Initialized fallback backend.
[Physics::Module] Id: 0xdecafbad
Library Redirect Path: Library/
[Physics::Module] Selected backend.
[Physics::Module] Name: PhysX
[Physics::Module] Id: 0xf2b8ea05
[Physics::Module] SDK Version: 4.1.2
[Physics::Module] Integration Version: 1.0.0
[Physics::Module] Threading Mode: Multi-Threaded
Refreshing native plugins compatible for Editor in 0.00 ms, found 0 plugins.
Preloading 0 native plugins for Editor in 0.00 ms.
Initialize engine version: 6000.0.25f1 (4859ab7b5a49)
[Subsystems] Discovering subsystems at path D:/6000.0.25f1/Editor/Data/Resources/UnitySubsystems
[Subsystems] Discovering subsystems at path D:/ЛИЗА/Project/2DPlatformer/Assets
GfxDevice: creating device client; kGfxThreadingModeNonThreaded
Direct3D:
    Version:  Direct3D 11.0 [level 11.1]
    Renderer: NVIDIA GeForce RTX 4070 (ID=0x2786)
    Vendor:   NVIDIA
    VRAM:     12012 MB
    Driver:   32.0.15.6081
Initialize mono
Mono path[0] = 'D:/6000.0.25f1/Editor/Data/Managed'
Mono path[1] = 'D:/6000.0.25f1/Editor/Data/MonoBleedingEdge/lib/mono/unityjit-win32'
Mono config path = 'D:/6000.0.25f1/Editor/Data/MonoBleedingEdge/etc'
Using monoOptions --debugger-agent=transport=dt_socket,embedding=1,server=y,suspend=n,address=127.0.0.1:56204
Begin MonoManager ReloadAssembly
Registering precompiled unity dll's ...
Register platform support module: D:/6000.0.25f1/Editor/Data/PlaybackEngines/WebGLSupport/UnityEditor.WebGL.Extensions.dll
Register platform support module: D:/6000.0.25f1/Editor/Data/PlaybackEngines/WindowsStandaloneSupport/UnityEditor.WindowsStandalone.Extensions.dll
Register platform support module: D:/6000.0.25f1/Editor/Data/PlaybackEngines/AndroidPlayer/UnityEditor.Android.Extensions.dll
Registered in 0.001919 seconds.
- Loaded All Assemblies, in  1.380 seconds
Native extension for Android target not found
Android Extension - Scanning For ADB Devices 278 ms
Native extension for WindowsStandalone target not found
Native extension for WebGL target not found
Mono: successfully reloaded assembly
- Finished resetting the current domain, in  0.570 seconds
Domain Reload Profiling: 1950ms
	BeginReloadAssembly (86ms)
		ExecutionOrderSort (0ms)
		DisableScriptedObjects (0ms)
		BackupInstance (0ms)
		ReleaseScriptingObjects (0ms)
		CreateAndSetChildDomain (1ms)
	RebuildCommonClasses (163ms)
	RebuildNativeTypeToScriptingClass (7ms)
	initialDomainReloadingComplete (30ms)
	LoadAllAssembliesAndSetupDomain (1093ms)
		LoadAssemblies (85ms)
		RebuildTransferFunctionScriptingTraits (0ms)
		AnalyzeDomain (1091ms)
			TypeCache.Refresh (1090ms)
				TypeCache.ScanAssembly (823ms)
			BuildScriptInfoCaches (0ms)
			ResolveRequiredComponents (0ms)
	FinalizeReload (570ms)
		ReleaseScriptCaches (0ms)
		RebuildScriptCaches (0ms)
		SetupLoadedEditorAssemblies (547ms)
			LogAssemblyErrors (0ms)
			InitializePlatformSupportModulesInManaged (340ms)
			SetLoadedEditorAssemblies (4ms)
			BeforeProcessingInitializeOnLoad (5ms)
			ProcessInitializeOnLoadAttributes (135ms)
			ProcessInitializeOnLoadMethodAttributes (61ms)
			AfterProcessingInitializeOnLoad (2ms)
			EditorAssembliesLoaded (0ms)
		ExecutionOrderSort2 (0ms)
		AwakeInstancesAfterBackupRestoration (0ms)
========================================================================
Worker process is ready to serve import requests
Import Worker Mode flag is 0x00
Begin MonoManager ReloadAssembly
- Loaded All Assemblies, in  1.284 seconds
Refreshing native plugins compatible for Editor in 0.00 ms, found 0 plugins.
Native extension for Android target not found
Native extension for WindowsStandalone target not found
Native extension for WebGL target not found
Mono: successfully reloaded assembly
- Finished resetting the current domain, in  0.382 seconds
Domain Reload Profiling: 1667ms
	BeginReloadAssembly (1127ms)
		ExecutionOrderSort (0ms)
		DisableScriptedObjects (4ms)
		BackupInstance (0ms)
		ReleaseScriptingObjects (0ms)
		CreateAndSetChildDomain (21ms)
	RebuildCommonClasses (24ms)
	RebuildNativeTypeToScriptingClass (7ms)
	initialDomainReloadingComplete (11ms)
	LoadAllAssembliesAndSetupDomain (114ms)
		LoadAssemblies (76ms)
		RebuildTransferFunctionScriptingTraits (0ms)
		AnalyzeDomain (111ms)
			TypeCache.Refresh (107ms)
				TypeCache.ScanAssembly (103ms)
			BuildScriptInfoCaches (2ms)
			ResolveRequiredComponents (0ms)
	FinalizeReload (383ms)
		ReleaseScriptCaches (0ms)
		RebuildScriptCaches (0ms)
		SetupLoadedEditorAssemblies (226ms)
			LogAssemblyErrors (0ms)
			InitializePlatformSupportModulesInManaged (10ms)
			SetLoadedEditorAssemblies (3ms)
			BeforeProcessingInitializeOnLoad (13ms)
			ProcessInitializeOnLoadAttributes (145ms)
			ProcessInitializeOnLoadMethodAttributes (43ms)
			AfterProcessingInitializeOnLoad (13ms)
			EditorAssembliesLoaded (0ms)
		ExecutionOrderSort2 (0ms)
		AwakeInstancesAfterBackupRestoration (10ms)
Launched and connected shader compiler UnityShaderCompiler.exe after 0.03 seconds
Refreshing native plugins compatible for Editor in 0.00 ms, found 0 plugins.
Preloading 0 native plugins for Editor in 0.00 ms.
Unloading 8 Unused Serialized files (Serialized files now loaded: 0)
Unloading 212 unused Assets / (82.0 KB). Loaded Objects now: 815.
Memory consumption went from 83.7 MB to 83.6 MB.
Total: 3.011600 ms (FindLiveObjects: 0.041200 ms CreateObjectMapping: 0.008200 ms MarkObjects: 2.873500 ms  DeleteObjects: 0.086800 ms)

========================================================================
Received Import Request.
  Time since last request: 17296.597546 seconds.
  path: Assets/Settings/Renderer2D.asset
  artifactKey: Guid(424799608f7334c24bf367e4bbfa7f9a) Importer(2089858483,192608db42251d675da83286b1cce702)
Start importing Assets/Settings/Renderer2D.asset using Guid(424799608f7334c24bf367e4bbfa7f9a) Importer(2089858483,192608db42251d675da83286b1cce702) (ScriptedImporter) -> (artifact id: '9f05611403218e5203c3f554222e2dad') in 0.0768716 seconds
Number of updated asset objects reloaded before import = 0Number of asset objects unloaded after import = 1

========================================================================
Received Import Request.
  Time since last request: 0.000015 seconds.
  path: Assets/Cainos/TilesPalette/TX Tileset Ground_128.asset
  artifactKey: Guid(6d0f60e3700dd324cb3f290b4721b5d9) Importer(2089858483,192608db42251d675da83286b1cce702)
Start importing Assets/Cainos/TilesPalette/TX Tileset Ground_128.asset using Guid(6d0f60e3700dd324cb3f290b4721b5d9) Importer(2089858483,192608db42251d675da83286b1cce702) (ScriptedImporter) -> (artifact id: '1adf641591917eddf9aab2f63e6b0cca') in 0.0458552 seconds
Number of updated asset objects reloaded before import = 0Number of asset objects unloaded after import = 2

========================================================================
Received Import Request.
  Time since last request: 0.000012 seconds.
  path: Assets/Cainos/TilesPalette/TX Tileset Ground_155.asset
  artifactKey: Guid(90f14ba193048ce489450d24def2179b) Importer(2089858483,192608db42251d675da83286b1cce702)
Start importing Assets/Cainos/TilesPalette/TX Tileset Ground_155.asset using Guid(90f14ba193048ce489450d24def2179b) Importer(2089858483,192608db42251d675da83286b1cce702) (ScriptedImporter) -> (artifact id: '7424515757a9dbbd3eb3be753a3eabc8') in 0.0155895 seconds
Number of updated asset objects reloaded before import = 0Number of asset objects unloaded after import = 2

========================================================================
Received Import Request.
  Time since last request: 0.000013 seconds.
  path: Assets/Cainos/TilesPalette/TX Tileset Ground_131.asset
  artifactKey: Guid(c69d1594c600d8c4c82306286b045bae) Importer(2089858483,192608db42251d675da83286b1cce702)
Start importing Assets/Cainos/TilesPalette/TX Tileset Ground_131.asset using Guid(c69d1594c600d8c4c82306286b045bae) Importer(2089858483,192608db42251d675da83286b1cce702) (ScriptedImporter) -> (artifact id: '24e35c4fab9b9440907c702eae7d4bb7') in 0.0137607 seconds
Number of updated asset objects reloaded before import = 0Number of asset objects unloaded after import = 2

========================================================================
Received Import Request.
  Time since last request: 0.000049 seconds.
  path: Assets/Cainos/TilesPalette/TX Tileset Ground_112.asset
  artifactKey: Guid(b0370ee135e4cfb42b9ff49f8d1639c2) Importer(2089858483,192608db42251d675da83286b1cce702)
Start importing Assets/Cainos/TilesPalette/TX Tileset Ground_112.asset using Guid(b0370ee135e4cfb42b9ff49f8d1639c2) Importer(2089858483,192608db42251d675da83286b1cce702) (ScriptedImporter) -> (artifact id: 'e8e030ccba9a1ef031a7c8fa0b4b72fb') in 0.0150587 seconds
Number of updated asset objects reloaded before import = 0Number of asset objects unloaded after import = 2

========================================================================
Received Import Request.
  Time since last request: 0.000013 seconds.
  path: Assets/Cainos/TilesPalette/TX Tileset Ground_1.asset
  artifactKey: Guid(4e71ac6f5ec657b4a91bbc2ec1da5504) Importer(2089858483,192608db42251d675da83286b1cce702)
Start importing Assets/Cainos/TilesPalette/TX Tileset Ground_1.asset using Guid(4e71ac6f5ec657b4a91bbc2ec1da5504) Importer(2089858483,192608db42251d675da83286b1cce702) (ScriptedImporter) -> (artifact id: 'fffd0b99939d48bf1e790112611dd387') in 0.0140125 seconds
Number of updated asset objects reloaded before import = 0Number of asset objects unloaded after import = 2

========================================================================
Received Import Request.
  Time since last request: 0.000056 seconds.
  path: Assets/Cainos/TilesPalette/TX Tileset Ground_143.asset
  artifactKey: Guid(6eb26205552a62742ace7b24a2bb7949) Importer(2089858483,192608db42251d675da83286b1cce702)
Start importing Assets/Cainos/TilesPalette/TX Tileset Ground_143.asset using Guid(6eb26205552a62742ace7b24a2bb7949) Importer(2089858483,192608db42251d675da83286b1cce702) (ScriptedImporter) -> (artifact id: '820ffa8d7247ecf2c0f3c243ef7b5846') in 0.0143 seconds
Number of updated asset objects reloaded before import = 0Number of asset objects unloaded after import = 2

========================================================================
Received Import Request.
  Time since last request: 0.000013 seconds.
  path: Assets/InputSystem_Actions.inputactions
  artifactKey: Guid(2bcd2660ca9b64942af0de543d8d7100) Importer(2089858483,192608db42251d675da83286b1cce702)
Start importing Assets/InputSystem_Actions.inputactions using Guid(2bcd2660ca9b64942af0de543d8d7100) Importer(2089858483,192608db42251d675da83286b1cce702) (ScriptedImporter) -> (artifact id: 'd75ae505c9cd71b92c60738cf3645467') in 0.0065937 seconds
Number of updated asset objects reloaded before import = 0Number of asset objects unloaded after import = 1

========================================================================
Received Import Request.
  Time since last request: 0.000050 seconds.
  path: Assets/Cainos/TilesPalette/TX Tileset Ground_109.asset
  artifactKey: Guid(22c0813e40bad0742aa7de159b5505f6) Importer(2089858483,192608db42251d675da83286b1cce702)
Start importing Assets/Cainos/TilesPalette/TX Tileset Ground_109.asset using Guid(22c0813e40bad0742aa7de159b5505f6) Importer(2089858483,192608db42251d675da83286b1cce702) (ScriptedImporter) -> (artifact id: '5d0d42b3c215850a2ee77518c21b1a55') in 0.0138668 seconds
Number of updated asset objects reloaded before import = 0Number of asset objects unloaded after import = 2

========================================================================
Received Import Request.
  Time since last request: 0.000013 seconds.
  path: Assets/Cainos/TilesPalette/TX Tileset Ground_3.asset
  artifactKey: Guid(950288c7020a2354ca94f627f64654a5) Importer(2089858483,192608db42251d675da83286b1cce702)
Start importing Assets/Cainos/TilesPalette/TX Tileset Ground_3.asset using Guid(950288c7020a2354ca94f627f64654a5) Importer(2089858483,192608db42251d675da83286b1cce702) (ScriptedImporter) -> (artifact id: '904c520c82b7b6fc840404c30e6872cd') in 0.0135159 seconds
Number of updated asset objects reloaded before import = 0Number of asset objects unloaded after import = 2

========================================================================
Received Import Request.
  Time since last request: 0.000017 seconds.
  path: Assets/Cainos/TilesPalette/TX Tileset Ground_124.asset
  artifactKey: Guid(5ea69d5ba682703489d2376aa0ef1cfa) Importer(2089858483,192608db42251d675da83286b1cce702)
Start importing Assets/Cainos/TilesPalette/TX Tileset Ground_124.asset using Guid(5ea69d5ba682703489d2376aa0ef1cfa) Importer(2089858483,192608db42251d675da83286b1cce702) (ScriptedImporter) -> (artifact id: '0a456758a72fce62c57f11055e4eada6') in 0.0143743 seconds
Number of updated asset objects reloaded before import = 0Number of asset objects unloaded after import = 2

========================================================================
Received Import Request.
  Time since last request: 0.000013 seconds.
  path: Assets/Cainos/TilesPalette/TX Tileset Ground_163.asset
  artifactKey: Guid(152e3ebf98810ee4b902bebf2e0fa31d) Importer(2089858483,192608db42251d675da83286b1cce702)
Start importing Assets/Cainos/TilesPalette/TX Tileset Ground_163.asset using Guid(152e3ebf98810ee4b902bebf2e0fa31d) Importer(2089858483,192608db42251d675da83286b1cce702) (ScriptedImporter) -> (artifact id: '8eb96c3e4d71718b52890f8c125f87bb') in 0.0154704 seconds
Number of updated asset objects reloaded before import = 0Number of asset objects unloaded after import = 2

========================================================================
Received Import Request.
  Time since last request: 0.000018 seconds.
  path: Assets/Cainos/TilesPalette/TX Tileset Ground_113.asset
  artifactKey: Guid(7da6a397a798d4b48a787eb3da9b7d03) Importer(2089858483,192608db42251d675da83286b1cce702)
Start importing Assets/Cainos/TilesPalette/TX Tileset Ground_113.asset using Guid(7da6a397a798d4b48a787eb3da9b7d03) Importer(2089858483,192608db42251d675da83286b1cce702) (ScriptedImporter) -> (artifact id: 'b8b73455e32b4e6f211514ab030a988c') in 0.0152256 seconds
Number of updated asset objects reloaded before import = 0Number of asset objects unloaded after import = 2

========================================================================
Received Import Request.
  Time since last request: 0.000013 seconds.
  path: Assets/Cainos/TilesPalette/TX Tileset Ground_117.asset
  artifactKey: Guid(88619c8cca3b54c4fbd45bdfa8c1c2b0) Importer(2089858483,192608db42251d675da83286b1cce702)
Start importing Assets/Cainos/TilesPalette/TX Tileset Ground_117.asset using Guid(88619c8cca3b54c4fbd45bdfa8c1c2b0) Importer(2089858483,192608db42251d675da83286b1cce702) (ScriptedImporter) -> (artifact id: 'a8d77371e21092c960a7845e8de40642') in 0.0121369 seconds
Number of updated asset objects reloaded before import = 0Number of asset objects unloaded after import = 2

========================================================================
Received Import Request.
  Time since last request: 0.000010 seconds.
  path: Assets/Cainos/TilesPalette/TX Tileset Ground_137.asset
  artifactKey: Guid(e894121e9f9ddc840b646f28998e7948) Importer(2089858483,192608db42251d675da83286b1cce702)
Start importing Assets/Cainos/TilesPalette/TX Tileset Ground_137.asset using Guid(e894121e9f9ddc840b646f28998e7948) Importer(2089858483,192608db42251d675da83286b1cce702) (ScriptedImporter) -> (artifact id: '125a155cd5cf4314c3a852f8034998c3') in 0.0152849 seconds
Number of updated asset objects reloaded before import = 0Number of asset objects unloaded after import = 2

========================================================================
Received Import Request.
  Time since last request: 0.000013 seconds.
  path: Assets/Cainos/TilesPalette/TX Tileset Ground_145.asset
  artifactKey: Guid(df8b880dd5581264f8820d61c4e600e1) Importer(2089858483,192608db42251d675da83286b1cce702)
Start importing Assets/Cainos/TilesPalette/TX Tileset Ground_145.asset using Guid(df8b880dd5581264f8820d61c4e600e1) Importer(2089858483,192608db42251d675da83286b1cce702) (ScriptedImporter) -> (artifact id: 'b3535d4e2b5662d08eb39981a71c6a57') in 0.0144161 seconds
Number of updated asset objects reloaded before import = 0Number of asset objects unloaded after import = 2

========================================================================
Received Import Request.
  Time since last request: 0.000054 seconds.
  path: Assets/Cainos/TilesPalette/TX Tileset Ground_14.asset
  artifactKey: Guid(09f504b36768a9d42918be619a3f26f1) Importer(2089858483,192608db42251d675da83286b1cce702)
Start importing Assets/Cainos/TilesPalette/TX Tileset Ground_14.asset using Guid(09f504b36768a9d42918be619a3f26f1) Importer(2089858483,192608db42251d675da83286b1cce702) (ScriptedImporter) -> (artifact id: '55bd247853fa8a917c62127d6d502a82') in 0.0146467 seconds
Number of updated asset objects reloaded before import = 0Number of asset objects unloaded after import = 2

========================================================================
Received Import Request.
  Time since last request: 0.112087 seconds.
  path: Assets/Cainos/TilesPalette/TX Tileset Ground_34.asset
  artifactKey: Guid(a18ef178cc11b064faf0c97fada4e26b) Importer(2089858483,192608db42251d675da83286b1cce702)
Start importing Assets/Cainos/TilesPalette/TX Tileset Ground_34.asset using Guid(a18ef178cc11b064faf0c97fada4e26b) Importer(2089858483,192608db42251d675da83286b1cce702) (ScriptedImporter) -> (artifact id: '7492578c0d186998df104445d25163fb') in 0.025707 seconds
Number of updated asset objects reloaded before import = 0Number of asset objects unloaded after import = 2

========================================================================
Received Import Request.
  Time since last request: 0.000011 seconds.
  path: Assets/Hero Knight - Pixel Art/Animations/HeroKnight_Roll.anim
  artifactKey: Guid(5118900a0fbea814ea3ffb8fada43696) Importer(2089858483,192608db42251d675da83286b1cce702)
Start importing Assets/Hero Knight - Pixel Art/Animations/HeroKnight_Roll.anim using Guid(5118900a0fbea814ea3ffb8fada43696) Importer(2089858483,192608db42251d675da83286b1cce702) (ScriptedImporter) -> (artifact id: '4568433ba5dfad10c9dab1b746eb6bfa') in 0.0266949 seconds
Number of updated asset objects reloaded before import = 0Number of asset objects unloaded after import = 1

========================================================================
Received Import Request.
  Time since last request: 0.000064 seconds.
  path: Assets/Cainos/TilesPalette/TX Tileset Ground_82.asset
  artifactKey: Guid(b8796dd835460b54c86ea435e855c4ba) Importer(2089858483,192608db42251d675da83286b1cce702)
Start importing Assets/Cainos/TilesPalette/TX Tileset Ground_82.asset using Guid(b8796dd835460b54c86ea435e855c4ba) Importer(2089858483,192608db42251d675da83286b1cce702) (ScriptedImporter) -> (artifact id: '3ba05467338173d90458516448a6b30e') in 0.0147683 seconds
Number of updated asset objects reloaded before import = 0Number of asset objects unloaded after import = 2

========================================================================
Received Import Request.
  Time since last request: 0.000011 seconds.
  path: Assets/Cainos/TilesPalette/TX Tileset Ground_76.asset
  artifactKey: Guid(0adbfcf978407e849a72436a2017c8d3) Importer(2089858483,192608db42251d675da83286b1cce702)
Start importing Assets/Cainos/TilesPalette/TX Tileset Ground_76.asset using Guid(0adbfcf978407e849a72436a2017c8d3) Importer(2089858483,192608db42251d675da83286b1cce702) (ScriptedImporter) -> (artifact id: '9c044d5446694fc7a2d1f6b8a4b2993b') in 0.0141715 seconds
Number of updated asset objects reloaded before import = 0Number of asset objects unloaded after import = 2

========================================================================
Received Import Request.
  Time since last request: 0.000010 seconds.
  path: Assets/Hero Knight - Pixel Art/Animations/HeroKnight_Run.anim
  artifactKey: Guid(e58542e6cdcad974284618515fe0cf15) Importer(2089858483,192608db42251d675da83286b1cce702)
Start importing Assets/Hero Knight - Pixel Art/Animations/HeroKnight_Run.anim using Guid(e58542e6cdcad974284618515fe0cf15) Importer(2089858483,192608db42251d675da83286b1cce702) (ScriptedImporter) -> (artifact id: 'fdb9c98d157e22764bdcc4493f073b09') in 0.0129927 seconds
Number of updated asset objects reloaded before import = 0Number of asset objects unloaded after import = 1

========================================================================
Received Import Request.
  Time since last request: 0.000028 seconds.
  path: Assets/Cainos/TilesPalette/TX Tileset Ground_93.asset
  artifactKey: Guid(0f2ed3c380231c9418861d10b8057d91) Importer(2089858483,192608db42251d675da83286b1cce702)
Start importing Assets/Cainos/TilesPalette/TX Tileset Ground_93.asset using Guid(0f2ed3c380231c9418861d10b8057d91) Importer(2089858483,192608db42251d675da83286b1cce702) (ScriptedImporter) -> (artifact id: 'ed3113739aacf0e308ca34a412b28c88') in 0.0139154 seconds
Number of updated asset objects reloaded before import = 0Number of asset objects unloaded after import = 2

========================================================================
Received Import Request.
  Time since last request: 0.000012 seconds.
  path: Assets/Hero Knight - Pixel Art/Animations/HeroKnight_Death.anim
  artifactKey: Guid(d2566ec8b252342449771d8abf45a00a) Importer(2089858483,192608db42251d675da83286b1cce702)
Start importing Assets/Hero Knight - Pixel Art/Animations/HeroKnight_Death.anim using Guid(d2566ec8b252342449771d8abf45a00a) Importer(2089858483,192608db42251d675da83286b1cce702) (ScriptedImporter) -> (artifact id: '05abdea96ddc80e37fa1d1f365c3112b') in 0.0147611 seconds
Number of updated asset objects reloaded before import = 0Number of asset objects unloaded after import = 1

========================================================================
Received Import Request.
  Time since last request: 0.000023 seconds.
  path: Assets/Cainos/TilesPalette/TX Tileset Ground_83.asset
  artifactKey: Guid(ee3658cb46f91ff4b89ac5d1ebf1314e) Importer(2089858483,192608db42251d675da83286b1cce702)
Start importing Assets/Cainos/TilesPalette/TX Tileset Ground_83.asset using Guid(ee3658cb46f91ff4b89ac5d1ebf1314e) Importer(2089858483,192608db42251d675da83286b1cce702) (ScriptedImporter) -> (artifact id: '6f6129293d9add7167765426727ace0f') in 0.0137429 seconds
Number of updated asset objects reloaded before import = 0Number of asset objects unloaded after import = 2

========================================================================
Received Import Request.
  Time since last request: 0.000012 seconds.
  path: Assets/Cainos/TilesPalette/TX Tileset Ground_38.asset
  artifactKey: Guid(cfbcf57fdb195c5498c14d9eaa1dd864) Importer(2089858483,192608db42251d675da83286b1cce702)
Start importing Assets/Cainos/TilesPalette/TX Tileset Ground_38.asset using Guid(cfbcf57fdb195c5498c14d9eaa1dd864) Importer(2089858483,192608db42251d675da83286b1cce702) (ScriptedImporter) -> (artifact id: '3c3829600b3b91dc5460c678fb180d12') in 0.0135938 seconds
Number of updated asset objects reloaded before import = 0Number of asset objects unloaded after import = 2

========================================================================
Received Import Request.
  Time since last request: 0.000012 seconds.
  path: Assets/Cainos/TilesPalette/TX Tileset Ground_9.asset
  artifactKey: Guid(c570e7c746f513e4c825fcd4a4300fc8) Importer(2089858483,192608db42251d675da83286b1cce702)
Start importing Assets/Cainos/TilesPalette/TX Tileset Ground_9.asset using Guid(c570e7c746f513e4c825fcd4a4300fc8) Importer(2089858483,192608db42251d675da83286b1cce702) (ScriptedImporter) -> (artifact id: '0e3271612ebc55fbb2febf5f65a49c8b') in 0.0122753 seconds
Number of updated asset objects reloaded before import = 0Number of asset objects unloaded after import = 2

========================================================================
Received Import Request.
  Time since last request: 0.000012 seconds.
  path: Assets/Cainos/TilesPalette/TX Tileset Ground_75.asset
  artifactKey: Guid(d25ea8d56c606244dbd1d9e3274db216) Importer(2089858483,192608db42251d675da83286b1cce702)
Start importing Assets/Cainos/TilesPalette/TX Tileset Ground_75.asset using Guid(d25ea8d56c606244dbd1d9e3274db216) Importer(2089858483,192608db42251d675da83286b1cce702) (ScriptedImporter) -> (artifact id: 'a50f81e7308aba2cfb9e3aad924ef6c1') in 0.0136364 seconds
Number of updated asset objects reloaded before import = 0Number of asset objects unloaded after import = 2

========================================================================
Received Import Request.
  Time since last request: 0.000010 seconds.
  path: Assets/Hero Knight - Pixel Art/ColorSwap/ColorSwap.mat
  artifactKey: Guid(b58354c186d9bde42ad2a4ab0545dde9) Importer(2089858483,192608db42251d675da83286b1cce702)
Start importing Assets/Hero Knight - Pixel Art/ColorSwap/ColorSwap.mat using Guid(b58354c186d9bde42ad2a4ab0545dde9) Importer(2089858483,192608db42251d675da83286b1cce702) (ScriptedImporter) -> (artifact id: '201549d5729620c2947172939a1281f1') in 0.027827 seconds
Number of updated asset objects reloaded before import = 0Number of asset objects unloaded after import = 2

========================================================================
Received Import Request.
  Time since last request: 0.000017 seconds.
  path: Assets/Hero Knight - Pixel Art/ColorSwap/ColorSwap_HeroKnight.cs
  artifactKey: Guid(4e3fab4f60695b14c9a85e1b2c51ecaf) Importer(2089858483,192608db42251d675da83286b1cce702)
Start importing Assets/Hero Knight - Pixel Art/ColorSwap/ColorSwap_HeroKnight.cs using Guid(4e3fab4f60695b14c9a85e1b2c51ecaf) Importer(2089858483,192608db42251d675da83286b1cce702) (ScriptedImporter) -> (artifact id: 'b3148dc2cb9746819405f817122e6e53') in 0.0084054 seconds
Number of updated asset objects reloaded before import = 0Number of asset objects unloaded after import = 0

========================================================================
Received Import Request.
  Time since last request: 0.000029 seconds.
  path: Assets/Cainos/TilesPalette/TX Tileset Ground_78.asset
  artifactKey: Guid(4efa5c36986469548b39a263455d8a43) Importer(2089858483,192608db42251d675da83286b1cce702)
Start importing Assets/Cainos/TilesPalette/TX Tileset Ground_78.asset using Guid(4efa5c36986469548b39a263455d8a43) Importer(2089858483,192608db42251d675da83286b1cce702) (ScriptedImporter) -> (artifact id: 'f1731c52c242187974036d34fc27f34c') in 0.0129158 seconds
Number of updated asset objects reloaded before import = 0Number of asset objects unloaded after import = 2

========================================================================
Received Import Request.
  Time since last request: 0.000030 seconds.
  path: Assets/Cainos/TilesPalette/TX Tileset Ground_71.asset
  artifactKey: Guid(95825d72f28a4da45944cd2db0b516a4) Importer(2089858483,192608db42251d675da83286b1cce702)
Start importing Assets/Cainos/TilesPalette/TX Tileset Ground_71.asset using Guid(95825d72f28a4da45944cd2db0b516a4) Importer(2089858483,192608db42251d675da83286b1cce702) (ScriptedImporter) -> (artifact id: '60cc3a42652c29faf3cccbfc0042ea5f') in 0.0126892 seconds
Number of updated asset objects reloaded before import = 0Number of asset objects unloaded after import = 2

========================================================================
Received Import Request.
  Time since last request: 0.000036 seconds.
  path: Assets/Hero Knight - Pixel Art/Animations/HeroKnight_BlockNoEffect.anim
  artifactKey: Guid(e1766179ce796d846a3e4dc2f577e234) Importer(2089858483,192608db42251d675da83286b1cce702)
Start importing Assets/Hero Knight - Pixel Art/Animations/HeroKnight_BlockNoEffect.anim using Guid(e1766179ce796d846a3e4dc2f577e234) Importer(2089858483,192608db42251d675da83286b1cce702) (ScriptedImporter) -> (artifact id: 'e3323e8a22804098fd7264a29f0c744e') in 0.0148441 seconds
Number of updated asset objects reloaded before import = 0Number of asset objects unloaded after import = 1

========================================================================
Received Import Request.
  Time since last request: 0.244738 seconds.
  path: Assets/Hero Knight - Pixel Art/Sprites/BlockFlash.png
  artifactKey: Guid(a75445bb16444f14f96fdf9c734945cc) Importer(2089858483,192608db42251d675da83286b1cce702)
Start importing Assets/Hero Knight - Pixel Art/Sprites/BlockFlash.png using Guid(a75445bb16444f14f96fdf9c734945cc) Importer(2089858483,192608db42251d675da83286b1cce702) (ScriptedImporter) -> (artifact id: '6beb3c5ce6d2a69ee743a67344e67578') in 0.0470196 seconds
Number of updated asset objects reloaded before import = 0Number of asset objects unloaded after import = 7

========================================================================
Received Import Request.
  Time since last request: 0.000012 seconds.
  path: Assets/Cainos/Tile/Prefab/PF Village Props - Weapon Rack.prefab
  artifactKey: Guid(db3033d1b9a69204ebc8a3bc98f3c254) Importer(2089858483,192608db42251d675da83286b1cce702)
Start importing Assets/Cainos/Tile/Prefab/PF Village Props - Weapon Rack.prefab using Guid(db3033d1b9a69204ebc8a3bc98f3c254) Importer(2089858483,192608db42251d675da83286b1cce702) (ScriptedImporter) -> (artifact id: 'ac660a5b47689e5d5e695c194cb6f0d8') in 0.0340364 seconds
Number of updated asset objects reloaded before import = 0Number of asset objects unloaded after import = 24

========================================================================
Received Import Request.
  Time since last request: 0.000013 seconds.
  path: Assets/Cainos/Tile/Prefab/PF Village Props - Archery Target 01.prefab
  artifactKey: Guid(55e220e9324021f4aba5a837610ec52e) Importer(2089858483,192608db42251d675da83286b1cce702)
Start importing Assets/Cainos/Tile/Prefab/PF Village Props - Archery Target 01.prefab using Guid(55e220e9324021f4aba5a837610ec52e) Importer(2089858483,192608db42251d675da83286b1cce702) (ScriptedImporter) -> (artifact id: 'f06d6b0effdb18bdbecf84e09ad6339f') in 0.020388 seconds
Number of updated asset objects reloaded before import = 0Number of asset objects unloaded after import = 12

========================================================================
Received Import Request.
  Time since last request: 0.000012 seconds.
  path: Assets/Cainos/Tile/Prefab/PF Village Props - Flower 02.prefab
  artifactKey: Guid(2c844ecc42c736944ac3d66f130ed6aa) Importer(2089858483,192608db42251d675da83286b1cce702)
Start importing Assets/Cainos/Tile/Prefab/PF Village Props - Flower 02.prefab using Guid(2c844ecc42c736944ac3d66f130ed6aa) Importer(2089858483,192608db42251d675da83286b1cce702) (ScriptedImporter) -> (artifact id: '2fc381163202533a6f55cb175605d8b1') in 0.0231879 seconds
Number of updated asset objects reloaded before import = 0Number of asset objects unloaded after import = 8

========================================================================
Received Import Request.
  Time since last request: 0.000016 seconds.
  path: Assets/Cainos/Tile/Prefab/PF Village Props - Sign 01.prefab
  artifactKey: Guid(3c7326a3b793fca45875e5e7474d498c) Importer(2089858483,192608db42251d675da83286b1cce702)
Start importing Assets/Cainos/Tile/Prefab/PF Village Props - Sign 01.prefab using Guid(3c7326a3b793fca45875e5e7474d498c) Importer(2089858483,192608db42251d675da83286b1cce702) (ScriptedImporter) -> (artifact id: '4fb24ca74bd1017c2feb86ca44c008db') in 0.0241131 seconds
Number of updated asset objects reloaded before import = 0Number of asset objects unloaded after import = 12

========================================================================
Received Import Request.
  Time since last request: 0.000046 seconds.
  path: Assets/Cainos/Tile/Prefab/PF Village Props - Stairs X32.prefab
  artifactKey: Guid(16a652d6d18817e4e8c0a8a7fd59d143) Importer(2089858483,192608db42251d675da83286b1cce702)
Start importing Assets/Cainos/Tile/Prefab/PF Village Props - Stairs X32.prefab using Guid(16a652d6d18817e4e8c0a8a7fd59d143) Importer(2089858483,192608db42251d675da83286b1cce702) (ScriptedImporter) -> (artifact id: '55803e90245d1cb8cf6020d824e3e450') in 0.0260237 seconds
Number of updated asset objects reloaded before import = 0Number of asset objects unloaded after import = 11

========================================================================
Received Import Request.
  Time since last request: 0.000015 seconds.
  path: Assets/Cainos/Tile/Prefab/PF Village Props - Banner.prefab
  artifactKey: Guid(5fd9ed34f1f755643b41c4b41d7077e5) Importer(2089858483,192608db42251d675da83286b1cce702)
Start importing Assets/Cainos/Tile/Prefab/PF Village Props - Banner.prefab using Guid(5fd9ed34f1f755643b41c4b41d7077e5) Importer(2089858483,192608db42251d675da83286b1cce702) (ScriptedImporter) -> (artifact id: '9c6f9616dde86f84a39fa882deb52da3') in 0.0188139 seconds
Number of updated asset objects reloaded before import = 0Number of asset objects unloaded after import = 14

========================================================================
Received Import Request.
  Time since last request: 0.000013 seconds.
  path: Assets/Cainos/Tile/Prefab/PF Village Props - Grass 07.prefab
  artifactKey: Guid(91aebb278b095f843a6d4213d7df47fd) Importer(2089858483,192608db42251d675da83286b1cce702)
Start importing Assets/Cainos/Tile/Prefab/PF Village Props - Grass 07.prefab using Guid(91aebb278b095f843a6d4213d7df47fd) Importer(2089858483,192608db42251d675da83286b1cce702) (ScriptedImporter) -> (artifact id: '96f5b9adba221eee329ae54e981058a1') in 0.0239978 seconds
Number of updated asset objects reloaded before import = 0Number of asset objects unloaded after import = 8

========================================================================
Received Import Request.
  Time since last request: 0.000016 seconds.
  path: Assets/Cainos/Tile/Prefab/PF Village Props - Hammer.prefab
  artifactKey: Guid(e496de2bd698f6c409bd2a9bceda980e) Importer(2089858483,192608db42251d675da83286b1cce702)
Start importing Assets/Cainos/Tile/Prefab/PF Village Props - Hammer.prefab using Guid(e496de2bd698f6c409bd2a9bceda980e) Importer(2089858483,192608db42251d675da83286b1cce702) (ScriptedImporter) -> (artifact id: '396a90705efb24d1425e021fbde846e7') in 0.0279202 seconds
Number of updated asset objects reloaded before import = 0Number of asset objects unloaded after import = 8

========================================================================
Received Import Request.
  Time since last request: 0.000016 seconds.
  path: Assets/Cainos/Tile/Prefab/PF Village Props - Pot 02.prefab
  artifactKey: Guid(282d10bd840f2244d993130a17f23515) Importer(2089858483,192608db42251d675da83286b1cce702)
Start importing Assets/Cainos/Tile/Prefab/PF Village Props - Pot 02.prefab using Guid(282d10bd840f2244d993130a17f23515) Importer(2089858483,192608db42251d675da83286b1cce702) (ScriptedImporter) -> (artifact id: 'fdb600f9a7f78f8b068fe04a23fabf71') in 0.0292547 seconds
Number of updated asset objects reloaded before import = 0Number of asset objects unloaded after import = 10

========================================================================
Received Import Request.
  Time since last request: 0.000026 seconds.
  path: Assets/Cainos/Tile/Prefab/PF Village Props - Sunflower 03.prefab
  artifactKey: Guid(ab2f44b99adf358449c83b74c274b97b) Importer(2089858483,192608db42251d675da83286b1cce702)
Start importing Assets/Cainos/Tile/Prefab/PF Village Props - Sunflower 03.prefab using Guid(ab2f44b99adf358449c83b74c274b97b) Importer(2089858483,192608db42251d675da83286b1cce702) (ScriptedImporter) -> (artifact id: 'fbe66b537b52755e5a2515c72108b7a2') in 0.0211555 seconds
Number of updated asset objects reloaded before import = 0Number of asset objects unloaded after import = 8

========================================================================
Received Import Request.
  Time since last request: 0.000013 seconds.
  path: Assets/Cainos/Tile/Prefab/PF Village Props - Pot 03.prefab
  artifactKey: Guid(4d0ea86cf0ef88c4fa3ae46ee54d15d1) Importer(2089858483,192608db42251d675da83286b1cce702)
Start importing Assets/Cainos/Tile/Prefab/PF Village Props - Pot 03.prefab using Guid(4d0ea86cf0ef88c4fa3ae46ee54d15d1) Importer(2089858483,192608db42251d675da83286b1cce702) (ScriptedImporter) -> (artifact id: 'd8e71c1ac0ceb81046c79cc97b840680') in 0.0253764 seconds
Number of updated asset objects reloaded before import = 0Number of asset objects unloaded after import = 10

========================================================================
Received Import Request.
  Time since last request: 0.000011 seconds.
  path: Assets/Cainos/Tile/Prefab/PF Village Props - Wheat 05.prefab
  artifactKey: Guid(0cde5280cb0df5240bf5cc2866248e08) Importer(2089858483,192608db42251d675da83286b1cce702)
Start importing Assets/Cainos/Tile/Prefab/PF Village Props - Wheat 05.prefab using Guid(0cde5280cb0df5240bf5cc2866248e08) Importer(2089858483,192608db42251d675da83286b1cce702) (ScriptedImporter) -> (artifact id: '42ebec3b3c966b8b4bd7b86f70947259') in 0.0230789 seconds
Number of updated asset objects reloaded before import = 0Number of asset objects unloaded after import = 8

========================================================================
Received Import Request.
  Time since last request: 0.000012 seconds.
  path: Assets/Cainos/Tile/Prefab/PF Village Props - Wheat 03.prefab
  artifactKey: Guid(924118ea6eca18f459f67d54f8640858) Importer(2089858483,192608db42251d675da83286b1cce702)
Start importing Assets/Cainos/Tile/Prefab/PF Village Props - Wheat 03.prefab using Guid(924118ea6eca18f459f67d54f8640858) Importer(2089858483,192608db42251d675da83286b1cce702) (ScriptedImporter) -> (artifact id: '315bfa17ac7f04d239febdddf08276b8') in 0.0249851 seconds
Number of updated asset objects reloaded before import = 0Number of asset objects unloaded after import = 8

========================================================================
Received Import Request.
  Time since last request: 0.000015 seconds.
  path: Assets/Cainos/Tile/Prefab/PF Village Props - Ladder 01 Side R.prefab
  artifactKey: Guid(187b2acbaee972945b4b4fd0d2575724) Importer(2089858483,192608db42251d675da83286b1cce702)
Start importing Assets/Cainos/Tile/Prefab/PF Village Props - Ladder 01 Side R.prefab using Guid(187b2acbaee972945b4b4fd0d2575724) Importer(2089858483,192608db42251d675da83286b1cce702) (ScriptedImporter) -> (artifact id: '9cd7c83c5e0589852fe2b245207e2147') in 0.0215385 seconds
Number of updated asset objects reloaded before import = 0Number of asset objects unloaded after import = 22

========================================================================
Received Import Request.
  Time since last request: 0.000023 seconds.
  path: Assets/Cainos/Tile/Prefab/PF Village Props - Gunny Bag 02.prefab
  artifactKey: Guid(25f9f2235afcaca429284c9aec8982df) Importer(2089858483,192608db42251d675da83286b1cce702)
Start importing Assets/Cainos/Tile/Prefab/PF Village Props - Gunny Bag 02.prefab using Guid(25f9f2235afcaca429284c9aec8982df) Importer(2089858483,192608db42251d675da83286b1cce702) (ScriptedImporter) -> (artifact id: '6cb4397a2a3d7c3c06af64d21c241264') in 0.0252943 seconds
Number of updated asset objects reloaded before import = 0Number of asset objects unloaded after import = 8

========================================================================
Received Import Request.
  Time since last request: 0.000012 seconds.
  path: Assets/Cainos/Tile/Texture/TX Village Props - Anvil.asset
  artifactKey: Guid(93629042a6e2b024e88b2b2de4599967) Importer(2089858483,192608db42251d675da83286b1cce702)
Start importing Assets/Cainos/Tile/Texture/TX Village Props - Anvil.asset using Guid(93629042a6e2b024e88b2b2de4599967) Importer(2089858483,192608db42251d675da83286b1cce702) (ScriptedImporter) -> (artifact id: 'f7427c3bd1596d5862137fb7a130d892') in 0.0148733 seconds
Number of updated asset objects reloaded before import = 0Number of asset objects unloaded after import = 2

========================================================================
Received Import Request.
  Time since last request: 0.000012 seconds.
  path: Assets/Cainos/Tile/Texture/TX FX Torch Flame.png
  artifactKey: Guid(22a56ebdc97997341afdcb2e902b2ee6) Importer(2089858483,192608db42251d675da83286b1cce702)
Start importing Assets/Cainos/Tile/Texture/TX FX Torch Flame.png using Guid(22a56ebdc97997341afdcb2e902b2ee6) Importer(2089858483,192608db42251d675da83286b1cce702) (ScriptedImporter) -> (artifact id: '1a1224aa710d36cffb00c2679212da5e') in 0.0170465 seconds
Number of updated asset objects reloaded before import = 0Number of asset objects unloaded after import = 3

========================================================================
Received Import Request.
  Time since last request: 0.000015 seconds.
  path: Assets/Cainos/Tile/Prefab/PF Village Props - Grass 06.prefab
  artifactKey: Guid(ed925410cd097664ea4b9e3e758f02a4) Importer(2089858483,192608db42251d675da83286b1cce702)
Start importing Assets/Cainos/Tile/Prefab/PF Village Props - Grass 06.prefab using Guid(ed925410cd097664ea4b9e3e758f02a4) Importer(2089858483,192608db42251d675da83286b1cce702) (ScriptedImporter) -> (artifact id: '97688b9fed7f1a78681771ed27127589') in 0.0224711 seconds
Number of updated asset objects reloaded before import = 0Number of asset objects unloaded after import = 8

========================================================================
Received Import Request.
  Time since last request: 0.000013 seconds.
  path: Assets/Cainos/Tile/Prefab/PF Village Props - Grass 01.prefab
  artifactKey: Guid(70e4f80265d902443a6249697d613d81) Importer(2089858483,192608db42251d675da83286b1cce702)
Start importing Assets/Cainos/Tile/Prefab/PF Village Props - Grass 01.prefab using Guid(70e4f80265d902443a6249697d613d81) Importer(2089858483,192608db42251d675da83286b1cce702) (ScriptedImporter) -> (artifact id: '47dfb539d56ec249ef85815a23aef2cf') in 0.0219462 seconds
Number of updated asset objects reloaded before import = 0Number of asset objects unloaded after import = 8

========================================================================
Received Import Request.
  Time since last request: 0.000012 seconds.
  path: Assets/Cainos/Tile/Prefab/PF Village Props - Torch.prefab
  artifactKey: Guid(c759bb922e42eda4eb6f7e6e4e2fbe63) Importer(2089858483,192608db42251d675da83286b1cce702)
Start importing Assets/Cainos/Tile/Prefab/PF Village Props - Torch.prefab using Guid(c759bb922e42eda4eb6f7e6e4e2fbe63) Importer(2089858483,192608db42251d675da83286b1cce702) (ScriptedImporter) -> (artifact id: 'c94b572df639b78d47da6fe8413d9d68') in 0.0298548 seconds
Number of updated asset objects reloaded before import = 0Number of asset objects unloaded after import = 20

========================================================================
Received Import Request.
  Time since last request: 0.000012 seconds.
  path: Assets/Cainos/Tile/Texture/TX Village Props - Brick Wall.asset
  artifactKey: Guid(8a23246ce0b78d542bf5c1b2fb39e266) Importer(2089858483,192608db42251d675da83286b1cce702)
Start importing Assets/Cainos/Tile/Texture/TX Village Props - Brick Wall.asset using Guid(8a23246ce0b78d542bf5c1b2fb39e266) Importer(2089858483,192608db42251d675da83286b1cce702) (ScriptedImporter) -> (artifact id: '5f5323a10e57b3489af86974afd157d2') in 0.013623 seconds
Number of updated asset objects reloaded before import = 0Number of asset objects unloaded after import = 2

========================================================================
Received Import Request.
  Time since last request: 0.000042 seconds.
  path: Assets/Cainos/Tile/Texture/TX Village Props - Cloth 01.asset
  artifactKey: Guid(de45f10ae2c657844854e0fbfea38a69) Importer(2089858483,192608db42251d675da83286b1cce702)
Start importing Assets/Cainos/Tile/Texture/TX Village Props - Cloth 01.asset using Guid(de45f10ae2c657844854e0fbfea38a69) Importer(2089858483,192608db42251d675da83286b1cce702) (ScriptedImporter) -> (artifact id: '188283688a106b13ba61dcbafe062524') in 0.0133622 seconds
Number of updated asset objects reloaded before import = 0Number of asset objects unloaded after import = 2

========================================================================
Received Import Request.
  Time since last request: 0.000014 seconds.
  path: Assets/Cainos/Tile/Texture/TX Village Props - Cloth 08.asset
  artifactKey: Guid(b4fc8efacc7a87448b03cb3b8bd2265d) Importer(2089858483,192608db42251d675da83286b1cce702)
Start importing Assets/Cainos/Tile/Texture/TX Village Props - Cloth 08.asset using Guid(b4fc8efacc7a87448b03cb3b8bd2265d) Importer(2089858483,192608db42251d675da83286b1cce702) (ScriptedImporter) -> (artifact id: '76d2ea437c54c7fd65c55185e4d229b3') in 0.0146352 seconds
Number of updated asset objects reloaded before import = 0Number of asset objects unloaded after import = 2

========================================================================
Received Import Request.
  Time since last request: 0.000011 seconds.
  path: Assets/Cainos/Tile/Texture/TX Village Props - Campfire.asset
  artifactKey: Guid(b9cd0828318aab1498f28610ac3c240a) Importer(2089858483,192608db42251d675da83286b1cce702)
Start importing Assets/Cainos/Tile/Texture/TX Village Props - Campfire.asset using Guid(b9cd0828318aab1498f28610ac3c240a) Importer(2089858483,192608db42251d675da83286b1cce702) (ScriptedImporter) -> (artifact id: 'b992f576d8adc2bf16dd7959a7c1ad58') in 0.012964 seconds
Number of updated asset objects reloaded before import = 0Number of asset objects unloaded after import = 2

========================================================================
Received Import Request.
  Time since last request: 0.000036 seconds.
  path: Assets/Cainos/Tile/Texture/TX Village Props - Billboard Noti 01.asset
  artifactKey: Guid(7b78d97f4003f1740a906d5a14090d31) Importer(2089858483,192608db42251d675da83286b1cce702)
Start importing Assets/Cainos/Tile/Texture/TX Village Props - Billboard Noti 01.asset using Guid(7b78d97f4003f1740a906d5a14090d31) Importer(2089858483,192608db42251d675da83286b1cce702) (ScriptedImporter) -> (artifact id: '5069b8184afb04789da2fd4a49a4624d') in 0.0144249 seconds
Number of updated asset objects reloaded before import = 0Number of asset objects unloaded after import = 2

========================================================================
Received Import Request.
  Time since last request: 0.000023 seconds.
  path: Assets/Cainos/Tile/Texture/TX Village Props - Platform L 02.asset
  artifactKey: Guid(2bf4a5c5147abba4dbd922c20723cf2e) Importer(2089858483,192608db42251d675da83286b1cce702)
Start importing Assets/Cainos/Tile/Texture/TX Village Props - Platform L 02.asset using Guid(2bf4a5c5147abba4dbd922c20723cf2e) Importer(2089858483,192608db42251d675da83286b1cce702) (ScriptedImporter) -> (artifact id: '24c94ebacc8e23e53e4afa598e407724') in 0.0142757 seconds
Number of updated asset objects reloaded before import = 0Number of asset objects unloaded after import = 2

========================================================================
Received Import Request.
  Time since last request: 0.000022 seconds.
  path: Assets/Cainos/Tile/Texture/TX Village Props - Obstacle Platform X24.asset
  artifactKey: Guid(ce033cf1fcf8d324182482898ffe2e09) Importer(2089858483,192608db42251d675da83286b1cce702)
Start importing Assets/Cainos/Tile/Texture/TX Village Props - Obstacle Platform X24.asset using Guid(ce033cf1fcf8d324182482898ffe2e09) Importer(2089858483,192608db42251d675da83286b1cce702) (ScriptedImporter) -> (artifact id: '6e5d40d4c5b74d2ef497656fdb9bc341') in 0.0153491 seconds
Number of updated asset objects reloaded before import = 0Number of asset objects unloaded after import = 2

========================================================================
Received Import Request.
  Time since last request: 0.000098 seconds.
  path: Assets/Cainos/Tile/Texture/TX Village Props - Bounding Platform 01.asset
  artifactKey: Guid(d8baf8888c48c184ea2c64cbebf5ee18) Importer(2089858483,192608db42251d675da83286b1cce702)
Start importing Assets/Cainos/Tile/Texture/TX Village Props - Bounding Platform 01.asset using Guid(d8baf8888c48c184ea2c64cbebf5ee18) Importer(2089858483,192608db42251d675da83286b1cce702) (ScriptedImporter) -> (artifact id: '465bc98d3e43afb8ca7c9211870b9318') in 0.0144745 seconds
Number of updated asset objects reloaded before import = 0Number of asset objects unloaded after import = 2

========================================================================
Received Import Request.
  Time since last request: 0.000032 seconds.
  path: Assets/Cainos/Tile/Texture/TX Village Props - Grass 02.asset
  artifactKey: Guid(f072d9affdd15454fa85abb09de9386b) Importer(2089858483,192608db42251d675da83286b1cce702)
Start importing Assets/Cainos/Tile/Texture/TX Village Props - Grass 02.asset using Guid(f072d9affdd15454fa85abb09de9386b) Importer(2089858483,192608db42251d675da83286b1cce702) (ScriptedImporter) -> (artifact id: 'ac7483450b943dceeb3d25eb6781b276') in 0.0134728 seconds
Number of updated asset objects reloaded before import = 0Number of asset objects unloaded after import = 2

========================================================================
Received Import Request.
  Time since last request: 0.000024 seconds.
  path: Assets/Cainos/Tile/Texture/TX Village Props - Ladder 01 Side RM 01.asset
  artifactKey: Guid(0b958b99f8a8f3546b616994253bd00d) Importer(2089858483,192608db42251d675da83286b1cce702)
Start importing Assets/Cainos/Tile/Texture/TX Village Props - Ladder 01 Side RM 01.asset using Guid(0b958b99f8a8f3546b616994253bd00d) Importer(2089858483,192608db42251d675da83286b1cce702) (ScriptedImporter) -> (artifact id: 'fa27c86339f5c7f960d852c2a370be2c') in 0.0143999 seconds
Number of updated asset objects reloaded before import = 0Number of asset objects unloaded after import = 2

========================================================================
Received Import Request.
  Time since last request: 0.000012 seconds.
  path: Assets/Cainos/Tile/Texture/TX Village Props - Cloth 04.asset
  artifactKey: Guid(4c5ff0818c446d44fb217f238f1007e3) Importer(2089858483,192608db42251d675da83286b1cce702)
Start importing Assets/Cainos/Tile/Texture/TX Village Props - Cloth 04.asset using Guid(4c5ff0818c446d44fb217f238f1007e3) Importer(2089858483,192608db42251d675da83286b1cce702) (ScriptedImporter) -> (artifact id: 'f2f45a8ca26c00050e1b78698fc9f232') in 0.0142553 seconds
Number of updated asset objects reloaded before import = 0Number of asset objects unloaded after import = 2

========================================================================
Received Import Request.
  Time since last request: 0.000012 seconds.
  path: Assets/Cainos/Tile/Texture/TX Village Props - Ladder 02 Step A.asset
  artifactKey: Guid(b1eeaecd36ed84f4db94bdd6e45b96b8) Importer(2089858483,192608db42251d675da83286b1cce702)
Start importing Assets/Cainos/Tile/Texture/TX Village Props - Ladder 02 Step A.asset using Guid(b1eeaecd36ed84f4db94bdd6e45b96b8) Importer(2089858483,192608db42251d675da83286b1cce702) (ScriptedImporter) -> (artifact id: 'a9b24abe00eeb4d2598794817a521c37') in 0.0141622 seconds
Number of updated asset objects reloaded before import = 0Number of asset objects unloaded after import = 2

========================================================================
Received Import Request.
  Time since last request: 0.000025 seconds.
  path: Assets/Cainos/Tile/Texture/TX Village Props - Ladder 01 Side LB.asset
  artifactKey: Guid(69cf5ae465a3f43488129de5703d4367) Importer(2089858483,192608db42251d675da83286b1cce702)
Start importing Assets/Cainos/Tile/Texture/TX Village Props - Ladder 01 Side LB.asset using Guid(69cf5ae465a3f43488129de5703d4367) Importer(2089858483,192608db42251d675da83286b1cce702) (ScriptedImporter) -> (artifact id: 'b10afb786ec64a4bba0c30cd28812374') in 0.0147351 seconds
Number of updated asset objects reloaded before import = 0Number of asset objects unloaded after import = 2

========================================================================
Received Import Request.
  Time since last request: 0.000013 seconds.
  path: Assets/Cainos/Tile/Texture/TX Village Props - Elevator Platform.asset
  artifactKey: Guid(53d1550c438c6f64bba593f2873c6fcb) Importer(2089858483,192608db42251d675da83286b1cce702)
Start importing Assets/Cainos/Tile/Texture/TX Village Props - Elevator Platform.asset using Guid(53d1550c438c6f64bba593f2873c6fcb) Importer(2089858483,192608db42251d675da83286b1cce702) (ScriptedImporter) -> (artifact id: '98b5c3568c68704da379b35bc91cdae2') in 0.0137695 seconds
Number of updated asset objects reloaded before import = 0Number of asset objects unloaded after import = 2

========================================================================
Received Import Request.
  Time since last request: 0.000014 seconds.
  path: Assets/Cainos/Tile/Texture/TX Village Props - Grass 07.asset
  artifactKey: Guid(e3451c84a26cf334b832ccf1cb4658a1) Importer(2089858483,192608db42251d675da83286b1cce702)
Start importing Assets/Cainos/Tile/Texture/TX Village Props - Grass 07.asset using Guid(e3451c84a26cf334b832ccf1cb4658a1) Importer(2089858483,192608db42251d675da83286b1cce702) (ScriptedImporter) -> (artifact id: 'a118146c7f39432c773929aaa1de40db') in 0.0153028 seconds
Number of updated asset objects reloaded before import = 0Number of asset objects unloaded after import = 2

========================================================================
Received Import Request.
  Time since last request: 0.000012 seconds.
  path: Assets/Cainos/Tile/Prefab/PF Village Props - Platform 01 L X1.prefab
  artifactKey: Guid(35ff5f2cc18840a4ca4ecf97ed2779c2) Importer(2089858483,192608db42251d675da83286b1cce702)
Start importing Assets/Cainos/Tile/Prefab/PF Village Props - Platform 01 L X1.prefab using Guid(35ff5f2cc18840a4ca4ecf97ed2779c2) Importer(2089858483,192608db42251d675da83286b1cce702) (ScriptedImporter) -> (artifact id: 'df6e76251d429aeb1c27ec15d87f5855') in 0.0269217 seconds
Number of updated asset objects reloaded before import = 0Number of asset objects unloaded after import = 10

========================================================================
Received Import Request.
  Time since last request: 0.000013 seconds.
  path: Assets/Cainos/Tile/Prefab/PF Village Props - Road Sign 02.prefab
  artifactKey: Guid(05d871b9365825b4ca356e1345739ee2) Importer(2089858483,192608db42251d675da83286b1cce702)
Start importing Assets/Cainos/Tile/Prefab/PF Village Props - Road Sign 02.prefab using Guid(05d871b9365825b4ca356e1345739ee2) Importer(2089858483,192608db42251d675da83286b1cce702) (ScriptedImporter) -> (artifact id: '110cd3386801650843ea509ae3c148d1') in 0.0221924 seconds
Number of updated asset objects reloaded before import = 0Number of asset objects unloaded after import = 16

========================================================================
Received Import Request.
  Time since last request: 0.000012 seconds.
  path: Assets/Cainos/Tile/Prefab/PF Village Props - Heavy Sword.prefab
  artifactKey: Guid(9af026272fa8fd144b992aa10e9a13b5) Importer(2089858483,192608db42251d675da83286b1cce702)
Start importing Assets/Cainos/Tile/Prefab/PF Village Props - Heavy Sword.prefab using Guid(9af026272fa8fd144b992aa10e9a13b5) Importer(2089858483,192608db42251d675da83286b1cce702) (ScriptedImporter) -> (artifact id: '9b43c6f30a390eeb3d4ee2b3129f6d09') in 0.0234769 seconds
Number of updated asset objects reloaded before import = 0Number of asset objects unloaded after import = 8

========================================================================
Received Import Request.
  Time since last request: 0.000011 seconds.
  path: Assets/Cainos/Tile/Texture/TX Village Props - Bounding Platform 01 Base.asset
  artifactKey: Guid(aa9eee0703b1b414f98f15d2a9e87f21) Importer(2089858483,192608db42251d675da83286b1cce702)
Start importing Assets/Cainos/Tile/Texture/TX Village Props - Bounding Platform 01 Base.asset using Guid(aa9eee0703b1b414f98f15d2a9e87f21) Importer(2089858483,192608db42251d675da83286b1cce702) (ScriptedImporter) -> (artifact id: '2d078fc2b0a874614d860a3c973fe8bb') in 0.0146562 seconds
Number of updated asset objects reloaded before import = 0Number of asset objects unloaded after import = 2

========================================================================
Received Import Request.
  Time since last request: 0.000014 seconds.
  path: Assets/Cainos/Tile/Texture/TX Village Props - Apple.asset
  artifactKey: Guid(68d57e586d120034f9687e26d6d3a11e) Importer(2089858483,192608db42251d675da83286b1cce702)
Start importing Assets/Cainos/Tile/Texture/TX Village Props - Apple.asset using Guid(68d57e586d120034f9687e26d6d3a11e) Importer(2089858483,192608db42251d675da83286b1cce702) (ScriptedImporter) -> (artifact id: '5de4a382676fb539ef8d0ea6858e3fcc') in 0.0125996 seconds
Number of updated asset objects reloaded before import = 0Number of asset objects unloaded after import = 2

========================================================================
Received Import Request.
  Time since last request: 0.000022 seconds.
  path: Assets/Cainos/Tile/Prefab/PF Village Props - Seesaw 01.prefab
  artifactKey: Guid(ed9b63eb6d4c6da4aa6072d86950c741) Importer(2089858483,192608db42251d675da83286b1cce702)
Start importing Assets/Cainos/Tile/Prefab/PF Village Props - Seesaw 01.prefab using Guid(ed9b63eb6d4c6da4aa6072d86950c741) Importer(2089858483,192608db42251d675da83286b1cce702) (ScriptedImporter) -> (artifact id: 'e84ff58dea18f529cfd2bb3cf44d648b') in 0.0215209 seconds
Number of updated asset objects reloaded before import = 0Number of asset objects unloaded after import = 16

========================================================================
Received Import Request.
  Time since last request: 0.000015 seconds.
  path: Assets/Cainos/Tile/Prefab/PF Village Props - Grass 08.prefab
  artifactKey: Guid(41d4294f662241e458641e7328f39628) Importer(2089858483,192608db42251d675da83286b1cce702)
Start importing Assets/Cainos/Tile/Prefab/PF Village Props - Grass 08.prefab using Guid(41d4294f662241e458641e7328f39628) Importer(2089858483,192608db42251d675da83286b1cce702) (ScriptedImporter) -> (artifact id: 'fba2d036f1ccb4b1d249120d682b677a') in 0.0260757 seconds
Number of updated asset objects reloaded before import = 0Number of asset objects unloaded after import = 8

========================================================================
Received Import Request.
  Time since last request: 0.000012 seconds.
  path: Assets/Cainos/Tile/Texture/TX Village Props - Clother Hanger Rope 01.asset
  artifactKey: Guid(b4517d703b8c41b4d9dd5d94534ec6b2) Importer(2089858483,192608db42251d675da83286b1cce702)
Start importing Assets/Cainos/Tile/Texture/TX Village Props - Clother Hanger Rope 01.asset using Guid(b4517d703b8c41b4d9dd5d94534ec6b2) Importer(2089858483,192608db42251d675da83286b1cce702) (ScriptedImporter) -> (artifact id: '79724993b0fc3580e0fdf3c6e8cbd545') in 0.0147808 seconds
Number of updated asset objects reloaded before import = 0Number of asset objects unloaded after import = 2

========================================================================
Received Import Request.
  Time since last request: 0.100516 seconds.
  path: Assets/Cainos/Tile/Texture/TX Village Props - Road Lamp Light Off.asset
  artifactKey: Guid(d52b8c4258661dc42a22922479359f01) Importer(2089858483,192608db42251d675da83286b1cce702)
Start importing Assets/Cainos/Tile/Texture/TX Village Props - Road Lamp Light Off.asset using Guid(d52b8c4258661dc42a22922479359f01) Importer(2089858483,192608db42251d675da83286b1cce702) (ScriptedImporter) -> (artifact id: '2b72d0452cf248bd0d9136bbb2961cc8') in 0.0252361 seconds
Number of updated asset objects reloaded before import = 0Number of asset objects unloaded after import = 2

========================================================================
Received Import Request.
  Time since last request: 0.000011 seconds.
  path: Assets/Cainos/Tile/Texture/TX Village Props - Wheat 05.asset
  artifactKey: Guid(bef1eb4d8d26ca14b813e33d88708358) Importer(2089858483,192608db42251d675da83286b1cce702)
Start importing Assets/Cainos/Tile/Texture/TX Village Props - Wheat 05.asset using Guid(bef1eb4d8d26ca14b813e33d88708358) Importer(2089858483,192608db42251d675da83286b1cce702) (ScriptedImporter) -> (artifact id: '0728459a94b9b1f9f92e7c4a70312d8e') in 0.0146872 seconds
Number of updated asset objects reloaded before import = 0Number of asset objects unloaded after import = 2

========================================================================
Received Import Request.
  Time since last request: 0.000034 seconds.
  path: Assets/Cainos/Tile/Texture/TX Village Props - Stall Fruit 03.asset
  artifactKey: Guid(29a3684607c641048b28133bb8324fbd) Importer(2089858483,192608db42251d675da83286b1cce702)
Start importing Assets/Cainos/Tile/Texture/TX Village Props - Stall Fruit 03.asset using Guid(29a3684607c641048b28133bb8324fbd) Importer(2089858483,192608db42251d675da83286b1cce702) (ScriptedImporter) -> (artifact id: '0506a265a1597e0e05d9c1bf886c49e2') in 0.0145567 seconds
Number of updated asset objects reloaded before import = 0Number of asset objects unloaded after import = 2

========================================================================
Received Import Request.
  Time since last request: 0.000014 seconds.
  path: Assets/Cainos/Pixel Art Platformer - Village Props/Material/FX/MT FX Torch Flame.mat
  artifactKey: Guid(51c04926d5a84b246af84e8756757023) Importer(2089858483,192608db42251d675da83286b1cce702)
Start importing Assets/Cainos/Pixel Art Platformer - Village Props/Material/FX/MT FX Torch Flame.mat using Guid(51c04926d5a84b246af84e8756757023) Importer(2089858483,192608db42251d675da83286b1cce702) (ScriptedImporter) -> (artifact id: 'b6255d186e268d26c1119ef5f9e452a4') in 0.0147723 seconds
Number of updated asset objects reloaded before import = 0Number of asset objects unloaded after import = 2

========================================================================
Received Import Request.
  Time since last request: 0.000021 seconds.
  path: Assets/Cainos/Tile/Texture/TX Village Props - Rock 01.asset
  artifactKey: Guid(4d69f9947331e8644bc536c003ca32a4) Importer(2089858483,192608db42251d675da83286b1cce702)
Start importing Assets/Cainos/Tile/Texture/TX Village Props - Rock 01.asset using Guid(4d69f9947331e8644bc536c003ca32a4) Importer(2089858483,192608db42251d675da83286b1cce702) (ScriptedImporter) -> (artifact id: '2379d8997226f1156b059c249c444dc4') in 0.0132056 seconds
Number of updated asset objects reloaded before import = 0Number of asset objects unloaded after import = 2

========================================================================
Received Import Request.
  Time since last request: 0.000011 seconds.
  path: Assets/Cainos/Tile/Texture/TX Village Props - Wheat 04.asset
  artifactKey: Guid(5191cf727b28c194cae660279eba13d9) Importer(2089858483,192608db42251d675da83286b1cce702)
Start importing Assets/Cainos/Tile/Texture/TX Village Props - Wheat 04.asset using Guid(5191cf727b28c194cae660279eba13d9) Importer(2089858483,192608db42251d675da83286b1cce702) (ScriptedImporter) -> (artifact id: 'ee006bfb045f83b55aad76bb33f4e87d') in 0.0139956 seconds
Number of updated asset objects reloaded before import = 0Number of asset objects unloaded after import = 2

========================================================================
Received Import Request.
  Time since last request: 0.000058 seconds.
  path: Assets/Cainos/Tile/Texture/TX Village Props - Stairs X48.asset
  artifactKey: Guid(9e1a7271b76fb234f986c6eb6e5a9d3d) Importer(2089858483,192608db42251d675da83286b1cce702)
Start importing Assets/Cainos/Tile/Texture/TX Village Props - Stairs X48.asset using Guid(9e1a7271b76fb234f986c6eb6e5a9d3d) Importer(2089858483,192608db42251d675da83286b1cce702) (ScriptedImporter) -> (artifact id: '7000246d00f931a25ea6a0faa0e606c8') in 0.0142608 seconds
Number of updated asset objects reloaded before import = 0Number of asset objects unloaded after import = 2

========================================================================
Received Import Request.
  Time since last request: 0.000011 seconds.
  path: Assets/Cainos/Tile/Texture/TX Village Props - Sword.asset
  artifactKey: Guid(1e7e296c8212bf84c920aabec9edc106) Importer(2089858483,192608db42251d675da83286b1cce702)
Start importing Assets/Cainos/Tile/Texture/TX Village Props - Sword.asset using Guid(1e7e296c8212bf84c920aabec9edc106) Importer(2089858483,192608db42251d675da83286b1cce702) (ScriptedImporter) -> (artifact id: 'f8edfcb5fc0b8b9d57e7778d8020b65f') in 0.0145917 seconds
Number of updated asset objects reloaded before import = 0Number of asset objects unloaded after import = 2

========================================================================
Received Import Request.
  Time since last request: 0.000011 seconds.
  path: Assets/Cainos/Tile/Texture/TX Village Props - Wood Logs.asset
  artifactKey: Guid(9c8ee058d1c19ba4b99e383960ac45bd) Importer(2089858483,192608db42251d675da83286b1cce702)
Start importing Assets/Cainos/Tile/Texture/TX Village Props - Wood Logs.asset using Guid(9c8ee058d1c19ba4b99e383960ac45bd) Importer(2089858483,192608db42251d675da83286b1cce702) (ScriptedImporter) -> (artifact id: '4b02121d32907da5e9fd7b018352720a') in 0.0142788 seconds
Number of updated asset objects reloaded before import = 0Number of asset objects unloaded after import = 2

========================================================================
Received Import Request.
  Time since last request: 0.000018 seconds.
  path: Assets/Cainos/Tile/Texture/TX Village Props - Wooden Bridge Rope.asset
  artifactKey: Guid(c345267ff27c36547ba1821f4c536593) Importer(2089858483,192608db42251d675da83286b1cce702)
Start importing Assets/Cainos/Tile/Texture/TX Village Props - Wooden Bridge Rope.asset using Guid(c345267ff27c36547ba1821f4c536593) Importer(2089858483,192608db42251d675da83286b1cce702) (ScriptedImporter) -> (artifact id: '70b0d55d42150c3e542f7bca9dbea220') in 0.0143588 seconds
Number of updated asset objects reloaded before import = 0Number of asset objects unloaded after import = 2

========================================================================
Received Import Request.
  Time since last request: 0.000017 seconds.
  path: Assets/Cainos/Tile/Texture/TX Village Props - Stairs X24.asset
  artifactKey: Guid(a2ac8f3da4d122f48a8310fe627866bd) Importer(2089858483,192608db42251d675da83286b1cce702)
Start importing Assets/Cainos/Tile/Texture/TX Village Props - Stairs X24.asset using Guid(a2ac8f3da4d122f48a8310fe627866bd) Importer(2089858483,192608db42251d675da83286b1cce702) (ScriptedImporter) -> (artifact id: 'efbea77c27b061f2c4fc8d573aee5b18') in 0.0138089 seconds
Number of updated asset objects reloaded before import = 0Number of asset objects unloaded after import = 2

========================================================================
Received Import Request.
  Time since last request: 0.000019 seconds.
  path: Assets/Cainos/Tile/Texture/TX Village Props - Stall Tent Pillar.asset
  artifactKey: Guid(3af61f18fc580f2458ca3875cf36241b) Importer(2089858483,192608db42251d675da83286b1cce702)
Start importing Assets/Cainos/Tile/Texture/TX Village Props - Stall Tent Pillar.asset using Guid(3af61f18fc580f2458ca3875cf36241b) Importer(2089858483,192608db42251d675da83286b1cce702) (ScriptedImporter) -> (artifact id: '841ffe0e5e3c69544f0c6bfae83d9529') in 0.0133468 seconds
Number of updated asset objects reloaded before import = 0Number of asset objects unloaded after import = 2

========================================================================
Received Import Request.
  Time since last request: 0.000014 seconds.
  path: Assets/Cainos/Tile/Texture/TX Village Props - Spike Plate.asset
  artifactKey: Guid(cc179ac974c369347b826ba1914985a0) Importer(2089858483,192608db42251d675da83286b1cce702)
Start importing Assets/Cainos/Tile/Texture/TX Village Props - Spike Plate.asset using Guid(cc179ac974c369347b826ba1914985a0) Importer(2089858483,192608db42251d675da83286b1cce702) (ScriptedImporter) -> (artifact id: 'c0959acef819203bde4a0a4747d578ea') in 0.0126091 seconds
Number of updated asset objects reloaded before import = 0Number of asset objects unloaded after import = 2

Editor requested this worker to shutdown with reason: Scaling down because of idle timeout
AssetImportWorker is now disconnected from the server
Process exiting
Exiting without the bug reporter. Application will terminate with return code 0