Using pre-set license
Built from '6000.0/release' branch; Version is '6000.0.25f1 (4859ab7b5a49) revision 4741547'; Using compiler version '193933523'; Build Type 'Release'
OS: 'Windows 11  (10.0.22631) 64bit Professional' Language: 'ru' Physical Memory: 32530 MB
BatchMode: 1, IsHumanControllingUs: 0, StartBugReporterOnCrash: 0, Is64bit: 1, IsPro: 1

COMMAND LINE ARGUMENTS:
D:\6000.0.25f1\Editor\Unity.exe
-adb2
-batchMode
-noUpm
-name
AssetImportWorker1
-projectPath
D:/ЛИЗА/Project/2DPlatformer
-logFile
Logs/AssetImportWorker1.log
-srvPort
52349
-job-worker-count
11
-background-job-worker-count
8
-asset-garbage-collectors
1
Successfully changed project path to: D:/ЛИЗА/Project/2DPlatformer
D:/ЛИЗА/Project/2DPlatformer
[UnityMemory] Configuration Parameters - Can be set up in boot.config
    "memorysetup-bucket-allocator-granularity=16"
    "memorysetup-bucket-allocator-bucket-count=8"
    "memorysetup-bucket-allocator-block-size=33554432"
    "memorysetup-bucket-allocator-block-count=8"
    "memorysetup-main-allocator-block-size=16777216"
    "memorysetup-thread-allocator-block-size=16777216"
    "memorysetup-gfx-main-allocator-block-size=16777216"
    "memorysetup-gfx-thread-allocator-block-size=16777216"
    "memorysetup-cache-allocator-block-size=4194304"
    "memorysetup-typetree-allocator-block-size=2097152"
    "memorysetup-profiler-bucket-allocator-granularity=16"
    "memorysetup-profiler-bucket-allocator-bucket-count=8"
    "memorysetup-profiler-bucket-allocator-block-size=33554432"
    "memorysetup-profiler-bucket-allocator-block-count=8"
    "memorysetup-profiler-allocator-block-size=16777216"
    "memorysetup-profiler-editor-allocator-block-size=1048576"
    "memorysetup-temp-allocator-size-main=16777216"
    "memorysetup-job-temp-allocator-block-size=2097152"
    "memorysetup-job-temp-allocator-block-size-background=1048576"
    "memorysetup-job-temp-allocator-reduction-small-platforms=262144"
    "memorysetup-allocator-temp-initial-block-size-main=262144"
    "memorysetup-allocator-temp-initial-block-size-worker=262144"
    "memorysetup-temp-allocator-size-background-worker=32768"
    "memorysetup-temp-allocator-size-job-worker=262144"
    "memorysetup-temp-allocator-size-preload-manager=33554432"
    "memorysetup-temp-allocator-size-nav-mesh-worker=65536"
    "memorysetup-temp-allocator-size-audio-worker=65536"
    "memorysetup-temp-allocator-size-cloud-worker=32768"
    "memorysetup-temp-allocator-size-gi-baking-worker=262144"
    "memorysetup-temp-allocator-size-gi-baking-worker=262144"
    "memorysetup-temp-allocator-size-gi-baking-worker=262144"
    "memorysetup-temp-allocator-size-gi-baking-worker=262144"
    "memorysetup-temp-allocator-size-gi-baking-worker=262144"
    "memorysetup-temp-allocator-size-gfx=262144"
Player connection [20972]  Target information:

Player connection [20972]  * "[IP] 192.168.100.3 [Port] 0 [Flags] 2 [Guid] 2248707289 [EditorId] 2248707289 [Version] 1048832 [Id] WindowsEditor(7,WIN-BVFHT5710N9) [Debug] 1 [PackageName] WindowsEditor [ProjectName] Editor" 

Player connection [20972] Host joined multi-casting on [225.0.0.222:54997]...
Player connection [20972] Host joined alternative multi-casting on [225.0.0.222:34997]...
JobSystem: Creating JobQueue using job-worker-count value 11
[Physics::Module] Initialized fallback backend.
[Physics::Module] Id: 0xdecafbad
Library Redirect Path: Library/
[Physics::Module] Selected backend.
[Physics::Module] Name: PhysX
[Physics::Module] Id: 0xf2b8ea05
[Physics::Module] SDK Version: 4.1.2
[Physics::Module] Integration Version: 1.0.0
[Physics::Module] Threading Mode: Multi-Threaded
Refreshing native plugins compatible for Editor in 0.00 ms, found 0 plugins.
Preloading 0 native plugins for Editor in 0.00 ms.
Initialize engine version: 6000.0.25f1 (4859ab7b5a49)
[Subsystems] Discovering subsystems at path D:/6000.0.25f1/Editor/Data/Resources/UnitySubsystems
[Subsystems] Discovering subsystems at path D:/ЛИЗА/Project/2DPlatformer/Assets
GfxDevice: creating device client; kGfxThreadingModeNonThreaded
Direct3D:
    Version:  Direct3D 11.0 [level 11.1]
    Renderer: NVIDIA GeForce RTX 4070 (ID=0x2786)
    Vendor:   NVIDIA
    VRAM:     12012 MB
    Driver:   32.0.15.6081
Initialize mono
Mono path[0] = 'D:/6000.0.25f1/Editor/Data/Managed'
Mono path[1] = 'D:/6000.0.25f1/Editor/Data/MonoBleedingEdge/lib/mono/unityjit-win32'
Mono config path = 'D:/6000.0.25f1/Editor/Data/MonoBleedingEdge/etc'
Using monoOptions --debugger-agent=transport=dt_socket,embedding=1,server=y,suspend=n,address=127.0.0.1:56364
Begin MonoManager ReloadAssembly
Registering precompiled unity dll's ...
Register platform support module: D:/6000.0.25f1/Editor/Data/PlaybackEngines/WebGLSupport/UnityEditor.WebGL.Extensions.dll
Register platform support module: D:/6000.0.25f1/Editor/Data/PlaybackEngines/WindowsStandaloneSupport/UnityEditor.WindowsStandalone.Extensions.dll
Register platform support module: D:/6000.0.25f1/Editor/Data/PlaybackEngines/AndroidPlayer/UnityEditor.Android.Extensions.dll
Registered in 0.001606 seconds.
- Loaded All Assemblies, in  1.380 seconds
Native extension for Android target not found
Android Extension - Scanning For ADB Devices 261 ms
Native extension for WindowsStandalone target not found
Native extension for WebGL target not found
Mono: successfully reloaded assembly
- Finished resetting the current domain, in  0.564 seconds
Domain Reload Profiling: 1944ms
	BeginReloadAssembly (86ms)
		ExecutionOrderSort (0ms)
		DisableScriptedObjects (0ms)
		BackupInstance (0ms)
		ReleaseScriptingObjects (0ms)
		CreateAndSetChildDomain (1ms)
	RebuildCommonClasses (165ms)
	RebuildNativeTypeToScriptingClass (8ms)
	initialDomainReloadingComplete (35ms)
	LoadAllAssembliesAndSetupDomain (1087ms)
		LoadAssemblies (85ms)
		RebuildTransferFunctionScriptingTraits (0ms)
		AnalyzeDomain (1085ms)
			TypeCache.Refresh (1084ms)
				TypeCache.ScanAssembly (819ms)
			BuildScriptInfoCaches (0ms)
			ResolveRequiredComponents (0ms)
	FinalizeReload (565ms)
		ReleaseScriptCaches (0ms)
		RebuildScriptCaches (0ms)
		SetupLoadedEditorAssemblies (541ms)
			LogAssemblyErrors (0ms)
			InitializePlatformSupportModulesInManaged (322ms)
			SetLoadedEditorAssemblies (3ms)
			BeforeProcessingInitializeOnLoad (5ms)
			ProcessInitializeOnLoadAttributes (138ms)
			ProcessInitializeOnLoadMethodAttributes (69ms)
			AfterProcessingInitializeOnLoad (3ms)
			EditorAssembliesLoaded (0ms)
		ExecutionOrderSort2 (0ms)
		AwakeInstancesAfterBackupRestoration (0ms)
========================================================================
Worker process is ready to serve import requests
Import Worker Mode flag is 0x00
Begin MonoManager ReloadAssembly
- Loaded All Assemblies, in  1.280 seconds
Refreshing native plugins compatible for Editor in 0.00 ms, found 0 plugins.
Native extension for Android target not found
Native extension for WindowsStandalone target not found
Native extension for WebGL target not found
Mono: successfully reloaded assembly
- Finished resetting the current domain, in  0.384 seconds
Domain Reload Profiling: 1665ms
	BeginReloadAssembly (1128ms)
		ExecutionOrderSort (0ms)
		DisableScriptedObjects (4ms)
		BackupInstance (0ms)
		ReleaseScriptingObjects (0ms)
		CreateAndSetChildDomain (21ms)
	RebuildCommonClasses (26ms)
	RebuildNativeTypeToScriptingClass (12ms)
	initialDomainReloadingComplete (14ms)
	LoadAllAssembliesAndSetupDomain (100ms)
		LoadAssemblies (71ms)
		RebuildTransferFunctionScriptingTraits (0ms)
		AnalyzeDomain (96ms)
			TypeCache.Refresh (93ms)
				TypeCache.ScanAssembly (88ms)
			BuildScriptInfoCaches (2ms)
			ResolveRequiredComponents (0ms)
	FinalizeReload (384ms)
		ReleaseScriptCaches (0ms)
		RebuildScriptCaches (0ms)
		SetupLoadedEditorAssemblies (226ms)
			LogAssemblyErrors (0ms)
			InitializePlatformSupportModulesInManaged (11ms)
			SetLoadedEditorAssemblies (3ms)
			BeforeProcessingInitializeOnLoad (9ms)
			ProcessInitializeOnLoadAttributes (142ms)
			ProcessInitializeOnLoadMethodAttributes (45ms)
			AfterProcessingInitializeOnLoad (15ms)
			EditorAssembliesLoaded (0ms)
		ExecutionOrderSort2 (0ms)
		AwakeInstancesAfterBackupRestoration (5ms)
Launched and connected shader compiler UnityShaderCompiler.exe after 0.03 seconds
Refreshing native plugins compatible for Editor in 0.00 ms, found 0 plugins.
Preloading 0 native plugins for Editor in 0.00 ms.
Unloading 8 Unused Serialized files (Serialized files now loaded: 0)
Unloading 212 unused Assets / (81.7 KB). Loaded Objects now: 815.
Memory consumption went from 83.7 MB to 83.6 MB.
Total: 3.097700 ms (FindLiveObjects: 0.040300 ms CreateObjectMapping: 0.007700 ms MarkObjects: 2.972900 ms  DeleteObjects: 0.075300 ms)

========================================================================
Received Import Request.
  Time since last request: 17296.598148 seconds.
  path: Assets/Cainos/TilesPalette/TX Tileset Ground_115.asset
  artifactKey: Guid(41e145d4e76007542aecdceef7187036) Importer(2089858483,192608db42251d675da83286b1cce702)
Start importing Assets/Cainos/TilesPalette/TX Tileset Ground_115.asset using Guid(41e145d4e76007542aecdceef7187036) Importer(2089858483,192608db42251d675da83286b1cce702) (ScriptedImporter) -> (artifact id: '3fe024327c157de218749476f7f81748') in 0.0943519 seconds
Number of updated asset objects reloaded before import = 0Number of asset objects unloaded after import = 2

========================================================================
Received Import Request.
  Time since last request: 0.000015 seconds.
  path: Assets/Cainos/TilesPalette/Ground.prefab
  artifactKey: Guid(080bd41abfb6a364bb7e9562039d5079) Importer(2089858483,192608db42251d675da83286b1cce702)
Start importing Assets/Cainos/TilesPalette/Ground.prefab using Guid(080bd41abfb6a364bb7e9562039d5079) Importer(2089858483,192608db42251d675da83286b1cce702) (ScriptedImporter) -> (artifact id: '3a1d8442e4ada8ed36a7a6bc887a4224') in 0.0783358 seconds
Number of updated asset objects reloaded before import = 0Number of asset objects unloaded after import = 10

========================================================================
Received Import Request.
  Time since last request: 0.000013 seconds.
  path: Assets/StartGround.unity
  artifactKey: Guid(3b759a4ba6ece974c935711e252a45f2) Importer(2089858483,192608db42251d675da83286b1cce702)
Start importing Assets/StartGround.unity using Guid(3b759a4ba6ece974c935711e252a45f2) Importer(2089858483,192608db42251d675da83286b1cce702) (ScriptedImporter) -> (artifact id: '40d55af0322331f7ffa3b96f842ab130') in 0.0174099 seconds
Number of updated asset objects reloaded before import = 0Number of asset objects unloaded after import = 1

========================================================================
Received Import Request.
  Time since last request: 0.000028 seconds.
  path: Assets/Cainos/TilesPalette/TX Tileset Ground_152.asset
  artifactKey: Guid(abcaf8bdf245ff043a7ae9aa1ef0374c) Importer(2089858483,192608db42251d675da83286b1cce702)
Start importing Assets/Cainos/TilesPalette/TX Tileset Ground_152.asset using Guid(abcaf8bdf245ff043a7ae9aa1ef0374c) Importer(2089858483,192608db42251d675da83286b1cce702) (ScriptedImporter) -> (artifact id: '0fd2774c17318fe05212b985c87549ff') in 0.0128665 seconds
Number of updated asset objects reloaded before import = 0Number of asset objects unloaded after import = 2

========================================================================
Received Import Request.
  Time since last request: 0.000012 seconds.
  path: Assets/Cainos/TilesPalette/TX Tileset Ground_102.asset
  artifactKey: Guid(c972d69d379ad6d4cb8695e1943429f3) Importer(2089858483,192608db42251d675da83286b1cce702)
Start importing Assets/Cainos/TilesPalette/TX Tileset Ground_102.asset using Guid(c972d69d379ad6d4cb8695e1943429f3) Importer(2089858483,192608db42251d675da83286b1cce702) (ScriptedImporter) -> (artifact id: 'a888b6272aebe86229f56eb6d2ca6d00') in 0.0135567 seconds
Number of updated asset objects reloaded before import = 0Number of asset objects unloaded after import = 2

========================================================================
Received Import Request.
  Time since last request: 0.000013 seconds.
  path: Assets/Cainos/TilesPalette/TX Tileset Ground_114.asset
  artifactKey: Guid(283db2c74d107944b99b7652c5e5bbde) Importer(2089858483,192608db42251d675da83286b1cce702)
Start importing Assets/Cainos/TilesPalette/TX Tileset Ground_114.asset using Guid(283db2c74d107944b99b7652c5e5bbde) Importer(2089858483,192608db42251d675da83286b1cce702) (ScriptedImporter) -> (artifact id: '26511c400f698fb4eb5274e211010f9e') in 0.0135548 seconds
Number of updated asset objects reloaded before import = 0Number of asset objects unloaded after import = 2

========================================================================
Received Import Request.
  Time since last request: 0.000019 seconds.
  path: Assets/Cainos/TilesPalette/TX Tileset Ground_31.asset
  artifactKey: Guid(b2d124e6eadc13c4b8041353fce66cab) Importer(2089858483,192608db42251d675da83286b1cce702)
Start importing Assets/Cainos/TilesPalette/TX Tileset Ground_31.asset using Guid(b2d124e6eadc13c4b8041353fce66cab) Importer(2089858483,192608db42251d675da83286b1cce702) (ScriptedImporter) -> (artifact id: 'beeb60839a0a668518f74a0602f8bbc3') in 0.0144584 seconds
Number of updated asset objects reloaded before import = 0Number of asset objects unloaded after import = 2

========================================================================
Received Import Request.
  Time since last request: 0.000020 seconds.
  path: Assets/Cainos/TilesPalette/TX Tileset Ground_21.asset
  artifactKey: Guid(db6314b647309b54193b458f43056e3c) Importer(2089858483,192608db42251d675da83286b1cce702)
Start importing Assets/Cainos/TilesPalette/TX Tileset Ground_21.asset using Guid(db6314b647309b54193b458f43056e3c) Importer(2089858483,192608db42251d675da83286b1cce702) (ScriptedImporter) -> (artifact id: '77a77831b8b40ca86bf765c7045615a1') in 0.013973 seconds
Number of updated asset objects reloaded before import = 0Number of asset objects unloaded after import = 2

========================================================================
Received Import Request.
  Time since last request: 0.000036 seconds.
  path: Assets/Cainos/TilesPalette/TX Tileset Ground_107.asset
  artifactKey: Guid(7dcfd59bd8eb74e448cbdc8578c0902f) Importer(2089858483,192608db42251d675da83286b1cce702)
Start importing Assets/Cainos/TilesPalette/TX Tileset Ground_107.asset using Guid(7dcfd59bd8eb74e448cbdc8578c0902f) Importer(2089858483,192608db42251d675da83286b1cce702) (ScriptedImporter) -> (artifact id: 'd13c4dc10b9860de7f6454a46b878ad2') in 0.0138825 seconds
Number of updated asset objects reloaded before import = 0Number of asset objects unloaded after import = 2

========================================================================
Received Import Request.
  Time since last request: 0.000014 seconds.
  path: Assets/UniversalRenderPipelineGlobalSettings.asset
  artifactKey: Guid(93b439a37f63240aca3dd4e01d978a9f) Importer(2089858483,192608db42251d675da83286b1cce702)
Start importing Assets/UniversalRenderPipelineGlobalSettings.asset using Guid(93b439a37f63240aca3dd4e01d978a9f) Importer(2089858483,192608db42251d675da83286b1cce702) (ScriptedImporter) -> (artifact id: '4398660f956af7d9309277165231f5cb') in 0.0149271 seconds
Number of updated asset objects reloaded before import = 0Number of asset objects unloaded after import = 1

========================================================================
Received Import Request.
  Time since last request: 0.000011 seconds.
  path: Assets/DefaultVolumeProfile.asset
  artifactKey: Guid(3f9215ea0144899419cfbc0957140d3f) Importer(2089858483,192608db42251d675da83286b1cce702)
Start importing Assets/DefaultVolumeProfile.asset using Guid(3f9215ea0144899419cfbc0957140d3f) Importer(2089858483,192608db42251d675da83286b1cce702) (ScriptedImporter) -> (artifact id: '954788730e0d348eb9bf240ab0094dc0') in 0.0148901 seconds
Number of updated asset objects reloaded before import = 0Number of asset objects unloaded after import = 1

========================================================================
Received Import Request.
  Time since last request: 0.000048 seconds.
  path: Assets/Cainos/TilesPalette/TX Tileset Ground_130.asset
  artifactKey: Guid(2f2fca20175a7c34c8383a2ee31f0f96) Importer(2089858483,192608db42251d675da83286b1cce702)
Start importing Assets/Cainos/TilesPalette/TX Tileset Ground_130.asset using Guid(2f2fca20175a7c34c8383a2ee31f0f96) Importer(2089858483,192608db42251d675da83286b1cce702) (ScriptedImporter) -> (artifact id: 'e10228be039e6a3a3c50ab29d4fbc555') in 0.0150611 seconds
Number of updated asset objects reloaded before import = 0Number of asset objects unloaded after import = 2

========================================================================
Received Import Request.
  Time since last request: 0.000107 seconds.
  path: Assets/Cainos/TilesPalette/TX Tileset Ground_134.asset
  artifactKey: Guid(7707afaa76507a24ab3411c8efbac90c) Importer(2089858483,192608db42251d675da83286b1cce702)
Start importing Assets/Cainos/TilesPalette/TX Tileset Ground_134.asset using Guid(7707afaa76507a24ab3411c8efbac90c) Importer(2089858483,192608db42251d675da83286b1cce702) (ScriptedImporter) -> (artifact id: '23c46e63986c20bff17ea194c455e177') in 0.0144842 seconds
Number of updated asset objects reloaded before import = 0Number of asset objects unloaded after import = 2

========================================================================
Received Import Request.
  Time since last request: 0.112224 seconds.
  path: Assets/Cainos/TilesPalette/TX Tileset Ground_35.asset
  artifactKey: Guid(0f0cf5376324b38479c4cb33749d9b32) Importer(2089858483,192608db42251d675da83286b1cce702)
Start importing Assets/Cainos/TilesPalette/TX Tileset Ground_35.asset using Guid(0f0cf5376324b38479c4cb33749d9b32) Importer(2089858483,192608db42251d675da83286b1cce702) (ScriptedImporter) -> (artifact id: '6a9f52529a9cbfde8c90b5a22d124928') in 0.0256191 seconds
Number of updated asset objects reloaded before import = 0Number of asset objects unloaded after import = 2

========================================================================
Received Import Request.
  Time since last request: 0.000013 seconds.
  path: Assets/Cainos/TilesPalette/TX Tileset Ground_95.asset
  artifactKey: Guid(6cb1caa9d951f2e4a8a040b1c0918e55) Importer(2089858483,192608db42251d675da83286b1cce702)
Start importing Assets/Cainos/TilesPalette/TX Tileset Ground_95.asset using Guid(6cb1caa9d951f2e4a8a040b1c0918e55) Importer(2089858483,192608db42251d675da83286b1cce702) (ScriptedImporter) -> (artifact id: 'fa295540a071d400bc8b5c4eb5eb7e48') in 0.014121 seconds
Number of updated asset objects reloaded before import = 0Number of asset objects unloaded after import = 2

========================================================================
Received Import Request.
  Time since last request: 0.000030 seconds.
  path: Assets/Cainos/TilesPalette/TX Tileset Ground_96.asset
  artifactKey: Guid(89756a1742a26564bbe4ad8547835a69) Importer(2089858483,192608db42251d675da83286b1cce702)
Start importing Assets/Cainos/TilesPalette/TX Tileset Ground_96.asset using Guid(89756a1742a26564bbe4ad8547835a69) Importer(2089858483,192608db42251d675da83286b1cce702) (ScriptedImporter) -> (artifact id: '2dffb45292d7db2a3f188edc21d2b310') in 0.0124048 seconds
Number of updated asset objects reloaded before import = 0Number of asset objects unloaded after import = 2

========================================================================
Received Import Request.
  Time since last request: 0.000010 seconds.
  path: Assets/Cainos/TilesPalette/TX Tileset Ground_65.asset
  artifactKey: Guid(013e9a918eda8b74b848eb4d6af9cb0a) Importer(2089858483,192608db42251d675da83286b1cce702)
Start importing Assets/Cainos/TilesPalette/TX Tileset Ground_65.asset using Guid(013e9a918eda8b74b848eb4d6af9cb0a) Importer(2089858483,192608db42251d675da83286b1cce702) (ScriptedImporter) -> (artifact id: 'eb0b393301f0a06fbbb21ecfd7a6df33') in 0.0147615 seconds
Number of updated asset objects reloaded before import = 0Number of asset objects unloaded after import = 2

========================================================================
Received Import Request.
  Time since last request: 0.000035 seconds.
  path: Assets/Cainos/TilesPalette/TX Tileset Ground_69.asset
  artifactKey: Guid(d23658c49ba33d043b872e4fc2f6afe6) Importer(2089858483,192608db42251d675da83286b1cce702)
Start importing Assets/Cainos/TilesPalette/TX Tileset Ground_69.asset using Guid(d23658c49ba33d043b872e4fc2f6afe6) Importer(2089858483,192608db42251d675da83286b1cce702) (ScriptedImporter) -> (artifact id: '04c79018825f71d0ed45d410a1067e8f') in 0.0133371 seconds
Number of updated asset objects reloaded before import = 0Number of asset objects unloaded after import = 2

========================================================================
Received Import Request.
  Time since last request: 0.000022 seconds.
  path: Assets/Cainos/TilesPalette/TX Tileset Ground_41.asset
  artifactKey: Guid(5cd66e7150bdaa342a8774cecb306b98) Importer(2089858483,192608db42251d675da83286b1cce702)
Start importing Assets/Cainos/TilesPalette/TX Tileset Ground_41.asset using Guid(5cd66e7150bdaa342a8774cecb306b98) Importer(2089858483,192608db42251d675da83286b1cce702) (ScriptedImporter) -> (artifact id: 'bbef97584bc5cf0be4b97e077243d161') in 0.0139179 seconds
Number of updated asset objects reloaded before import = 0Number of asset objects unloaded after import = 2

========================================================================
Received Import Request.
  Time since last request: 0.000012 seconds.
  path: Assets/Cainos/TilesPalette/TX Tileset Ground_54.asset
  artifactKey: Guid(7badf6678c9579d4c952ddc547aa2db0) Importer(2089858483,192608db42251d675da83286b1cce702)
Start importing Assets/Cainos/TilesPalette/TX Tileset Ground_54.asset using Guid(7badf6678c9579d4c952ddc547aa2db0) Importer(2089858483,192608db42251d675da83286b1cce702) (ScriptedImporter) -> (artifact id: '13de5534df63c4d9ca4d3c1612c98597') in 0.013731 seconds
Number of updated asset objects reloaded before import = 0Number of asset objects unloaded after import = 2

========================================================================
Received Import Request.
  Time since last request: 0.000011 seconds.
  path: Assets/Cainos/TilesPalette/TX Tileset Ground_56.asset
  artifactKey: Guid(cf12e58fdb2983e4892fbfa61391e75d) Importer(2089858483,192608db42251d675da83286b1cce702)
Start importing Assets/Cainos/TilesPalette/TX Tileset Ground_56.asset using Guid(cf12e58fdb2983e4892fbfa61391e75d) Importer(2089858483,192608db42251d675da83286b1cce702) (ScriptedImporter) -> (artifact id: '7716d4133e371301b9af3f0fd8b8a6ee') in 0.014776 seconds
Number of updated asset objects reloaded before import = 0Number of asset objects unloaded after import = 2

========================================================================
Received Import Request.
  Time since last request: 0.000035 seconds.
  path: Assets/Cainos/TilesPalette/TX Tileset Ground_68.asset
  artifactKey: Guid(f0ef6c264602dc84c8482ed7be5fd667) Importer(2089858483,192608db42251d675da83286b1cce702)
Start importing Assets/Cainos/TilesPalette/TX Tileset Ground_68.asset using Guid(f0ef6c264602dc84c8482ed7be5fd667) Importer(2089858483,192608db42251d675da83286b1cce702) (ScriptedImporter) -> (artifact id: '2628a4817730e202eb1aa7d53d5ddc21') in 0.0135385 seconds
Number of updated asset objects reloaded before import = 0Number of asset objects unloaded after import = 2

========================================================================
Received Import Request.
  Time since last request: 0.000012 seconds.
  path: Assets/Cainos/TilesPalette/TX Tileset Ground_40.asset
  artifactKey: Guid(a6a4b27a495ab3d42adc3436aca36e4c) Importer(2089858483,192608db42251d675da83286b1cce702)
Start importing Assets/Cainos/TilesPalette/TX Tileset Ground_40.asset using Guid(a6a4b27a495ab3d42adc3436aca36e4c) Importer(2089858483,192608db42251d675da83286b1cce702) (ScriptedImporter) -> (artifact id: '9da268dbeaf73c90a518574202e0c386') in 0.0136687 seconds
Number of updated asset objects reloaded before import = 0Number of asset objects unloaded after import = 2

========================================================================
Received Import Request.
  Time since last request: 0.000034 seconds.
  path: Assets/Cainos/TilesPalette/TX Tileset Ground_90.asset
  artifactKey: Guid(2e3bc8d7ef91c744faf283af92d3ee83) Importer(2089858483,192608db42251d675da83286b1cce702)
Start importing Assets/Cainos/TilesPalette/TX Tileset Ground_90.asset using Guid(2e3bc8d7ef91c744faf283af92d3ee83) Importer(2089858483,192608db42251d675da83286b1cce702) (ScriptedImporter) -> (artifact id: 'e890d89f5b3b49947a4f472874e1ebdc') in 0.0123052 seconds
Number of updated asset objects reloaded before import = 0Number of asset objects unloaded after import = 2

========================================================================
Received Import Request.
  Time since last request: 0.000011 seconds.
  path: Assets/Hero Knight - Pixel Art/Animations/HeroKnight_Hurt.anim
  artifactKey: Guid(58a4d227816c28f4a8c59266bf74969b) Importer(2089858483,192608db42251d675da83286b1cce702)
Start importing Assets/Hero Knight - Pixel Art/Animations/HeroKnight_Hurt.anim using Guid(58a4d227816c28f4a8c59266bf74969b) Importer(2089858483,192608db42251d675da83286b1cce702) (ScriptedImporter) -> (artifact id: 'f9f41cd40a5572f1b8ddf4ef4e93fe4b') in 0.0132247 seconds
Number of updated asset objects reloaded before import = 0Number of asset objects unloaded after import = 1

========================================================================
Received Import Request.
  Time since last request: 0.000024 seconds.
  path: Assets/Hero Knight - Pixel Art/Animations/HeroKnight_WallSlide.anim
  artifactKey: Guid(5a35959702075e04f8f61c130192a2d3) Importer(2089858483,192608db42251d675da83286b1cce702)
Start importing Assets/Hero Knight - Pixel Art/Animations/HeroKnight_WallSlide.anim using Guid(5a35959702075e04f8f61c130192a2d3) Importer(2089858483,192608db42251d675da83286b1cce702) (ScriptedImporter) -> (artifact id: '7ac887d19c573ba77256afc225988903') in 0.0088976 seconds
Number of updated asset objects reloaded before import = 0Number of asset objects unloaded after import = 1

========================================================================
Received Import Request.
  Time since last request: 0.000012 seconds.
  path: Assets/Cainos/TilesPalette/TX Tileset Ground_63.asset
  artifactKey: Guid(ea4f844987be2b84896dbf4e9aa9482d) Importer(2089858483,192608db42251d675da83286b1cce702)
Start importing Assets/Cainos/TilesPalette/TX Tileset Ground_63.asset using Guid(ea4f844987be2b84896dbf4e9aa9482d) Importer(2089858483,192608db42251d675da83286b1cce702) (ScriptedImporter) -> (artifact id: '1b6582970ab7baf725b055908b9c4ed9') in 0.0132871 seconds
Number of updated asset objects reloaded before import = 0Number of asset objects unloaded after import = 2

========================================================================
Received Import Request.
  Time since last request: 0.000013 seconds.
  path: Assets/Cainos/TilesPalette/TX Tileset Ground_73.asset
  artifactKey: Guid(db91d7bc19f16d24cbea2c712355ceef) Importer(2089858483,192608db42251d675da83286b1cce702)
Start importing Assets/Cainos/TilesPalette/TX Tileset Ground_73.asset using Guid(db91d7bc19f16d24cbea2c712355ceef) Importer(2089858483,192608db42251d675da83286b1cce702) (ScriptedImporter) -> (artifact id: '515722c11d044684a0bf7267168a84cb') in 0.0138969 seconds
Number of updated asset objects reloaded before import = 0Number of asset objects unloaded after import = 2

========================================================================
Received Import Request.
  Time since last request: 0.000016 seconds.
  path: Assets/Cainos/TilesPalette/TX Tileset Ground_42.asset
  artifactKey: Guid(b1e633257ab424f439fb33917366e893) Importer(2089858483,192608db42251d675da83286b1cce702)
Start importing Assets/Cainos/TilesPalette/TX Tileset Ground_42.asset using Guid(b1e633257ab424f439fb33917366e893) Importer(2089858483,192608db42251d675da83286b1cce702) (ScriptedImporter) -> (artifact id: '1e9fbfc7afb5b0beb5142dc8452aebd5') in 0.0139093 seconds
Number of updated asset objects reloaded before import = 0Number of asset objects unloaded after import = 2

========================================================================
Received Import Request.
  Time since last request: 0.000020 seconds.
  path: Assets/Cainos/TilesPalette/TX Tileset Ground_86.asset
  artifactKey: Guid(8f37c90e9b68a684eb335320245ad085) Importer(2089858483,192608db42251d675da83286b1cce702)
Start importing Assets/Cainos/TilesPalette/TX Tileset Ground_86.asset using Guid(8f37c90e9b68a684eb335320245ad085) Importer(2089858483,192608db42251d675da83286b1cce702) (ScriptedImporter) -> (artifact id: '26abaffb84052438dee14e4dc22eea9f') in 0.0124329 seconds
Number of updated asset objects reloaded before import = 0Number of asset objects unloaded after import = 2

========================================================================
Received Import Request.
  Time since last request: 0.000013 seconds.
  path: Assets/Cainos/TilesPalette/TX Tileset Ground_62.asset
  artifactKey: Guid(39f4b2c092d719d4e8cfc2a3340839cb) Importer(2089858483,192608db42251d675da83286b1cce702)
Start importing Assets/Cainos/TilesPalette/TX Tileset Ground_62.asset using Guid(39f4b2c092d719d4e8cfc2a3340839cb) Importer(2089858483,192608db42251d675da83286b1cce702) (ScriptedImporter) -> (artifact id: 'c421a900c5e9c15c0bc7aabe50420397') in 0.0151717 seconds
Number of updated asset objects reloaded before import = 0Number of asset objects unloaded after import = 2

========================================================================
Received Import Request.
  Time since last request: 0.244795 seconds.
  path: Assets/Hero Knight - Pixel Art/Sprites/EnvironmentTiles.png
  artifactKey: Guid(f094595c900579d4c85a02612d8fa36c) Importer(2089858483,192608db42251d675da83286b1cce702)
Start importing Assets/Hero Knight - Pixel Art/Sprites/EnvironmentTiles.png using Guid(f094595c900579d4c85a02612d8fa36c) Importer(2089858483,192608db42251d675da83286b1cce702) (ScriptedImporter) -> (artifact id: '9e8b21680e45937fed40c861cb4e12bd') in 0.0404893 seconds
Number of updated asset objects reloaded before import = 0Number of asset objects unloaded after import = 6

========================================================================
Received Import Request.
  Time since last request: 0.000012 seconds.
  path: Assets/Cainos/Tile/Prefab/PF Village Props - Stump.prefab
  artifactKey: Guid(64cddfc21e04a9c408921968b73a68ad) Importer(2089858483,192608db42251d675da83286b1cce702)
Start importing Assets/Cainos/Tile/Prefab/PF Village Props - Stump.prefab using Guid(64cddfc21e04a9c408921968b73a68ad) Importer(2089858483,192608db42251d675da83286b1cce702) (ScriptedImporter) -> (artifact id: '938bbe09539f86a74deeb15032cf1104') in 0.0361757 seconds
Number of updated asset objects reloaded before import = 0Number of asset objects unloaded after import = 12

========================================================================
Received Import Request.
  Time since last request: 0.000012 seconds.
  path: Assets/Cainos/Tile/Prefab/PF Village Props - Wheat 02.prefab
  artifactKey: Guid(c3b86686583e114479cc11b139a8a401) Importer(2089858483,192608db42251d675da83286b1cce702)
Start importing Assets/Cainos/Tile/Prefab/PF Village Props - Wheat 02.prefab using Guid(c3b86686583e114479cc11b139a8a401) Importer(2089858483,192608db42251d675da83286b1cce702) (ScriptedImporter) -> (artifact id: '57c3f8eb9ed66888d2382fc20e8eea48') in 0.0242331 seconds
Number of updated asset objects reloaded before import = 0Number of asset objects unloaded after import = 8

========================================================================
Received Import Request.
  Time since last request: 0.000015 seconds.
  path: Assets/Cainos/Tile/Prefab/PF Village Props - Slope Platform 01.prefab
  artifactKey: Guid(49437f4ad0b44f5438b6216b787c82c1) Importer(2089858483,192608db42251d675da83286b1cce702)
Start importing Assets/Cainos/Tile/Prefab/PF Village Props - Slope Platform 01.prefab using Guid(49437f4ad0b44f5438b6216b787c82c1) Importer(2089858483,192608db42251d675da83286b1cce702) (ScriptedImporter) -> (artifact id: 'fdf80f00fd66529cdab915f4100560ee') in 0.0263766 seconds
Number of updated asset objects reloaded before import = 0Number of asset objects unloaded after import = 9

========================================================================
Received Import Request.
  Time since last request: 0.000014 seconds.
  path: Assets/Cainos/Tile/Prefab/PF Village Props - Jump Platform 01.prefab
  artifactKey: Guid(65321bf0311c2eb48be353666f829ca1) Importer(2089858483,192608db42251d675da83286b1cce702)
Start importing Assets/Cainos/Tile/Prefab/PF Village Props - Jump Platform 01.prefab using Guid(65321bf0311c2eb48be353666f829ca1) Importer(2089858483,192608db42251d675da83286b1cce702) (ScriptedImporter) -> (artifact id: 'a5240736dacba0731a1e72921997c2d9') in 0.0260665 seconds
Number of updated asset objects reloaded before import = 0Number of asset objects unloaded after import = 9

========================================================================
Received Import Request.
  Time since last request: 0.000017 seconds.
  path: Assets/Cainos/Tile/Prefab/PF Village Props - Arrow.prefab
  artifactKey: Guid(27277137d0605bd45bd741cdb791e0c1) Importer(2089858483,192608db42251d675da83286b1cce702)
Start importing Assets/Cainos/Tile/Prefab/PF Village Props - Arrow.prefab using Guid(27277137d0605bd45bd741cdb791e0c1) Importer(2089858483,192608db42251d675da83286b1cce702) (ScriptedImporter) -> (artifact id: 'e7b274c2c8674ee8d2223cbd560b3710') in 0.0219792 seconds
Number of updated asset objects reloaded before import = 0Number of asset objects unloaded after import = 8

========================================================================
Received Import Request.
  Time since last request: 0.000022 seconds.
  path: Assets/Cainos/Tile/Texture/TX Village Props - Barricade.asset
  artifactKey: Guid(5acf8a5e372160b44ae7e3380e99a3dc) Importer(2089858483,192608db42251d675da83286b1cce702)
Start importing Assets/Cainos/Tile/Texture/TX Village Props - Barricade.asset using Guid(5acf8a5e372160b44ae7e3380e99a3dc) Importer(2089858483,192608db42251d675da83286b1cce702) (ScriptedImporter) -> (artifact id: '50713b58103000ae2157419b2c33ac56') in 0.0152458 seconds
Number of updated asset objects reloaded before import = 0Number of asset objects unloaded after import = 2

========================================================================
Received Import Request.
  Time since last request: 0.000014 seconds.
  path: Assets/Cainos/Tile/Prefab/PF Village Props - Clother Hanger.prefab
  artifactKey: Guid(cbdefb422455c2a4aab364028b4b5e10) Importer(2089858483,192608db42251d675da83286b1cce702)
Start importing Assets/Cainos/Tile/Prefab/PF Village Props - Clother Hanger.prefab using Guid(cbdefb422455c2a4aab364028b4b5e10) Importer(2089858483,192608db42251d675da83286b1cce702) (ScriptedImporter) -> (artifact id: 'fb7d3229f1be5bdac50d601e761f1386') in 0.0210972 seconds
Number of updated asset objects reloaded before import = 0Number of asset objects unloaded after import = 71

========================================================================
Received Import Request.
  Time since last request: 0.000016 seconds.
  path: Assets/Cainos/Tile/Prefab/PF Village Props - Well.prefab
  artifactKey: Guid(d39672cc18ccd9545840277c51264e6f) Importer(2089858483,192608db42251d675da83286b1cce702)
Start importing Assets/Cainos/Tile/Prefab/PF Village Props - Well.prefab using Guid(d39672cc18ccd9545840277c51264e6f) Importer(2089858483,192608db42251d675da83286b1cce702) (ScriptedImporter) -> (artifact id: '13996be2b9577169ce0cb23cf8d0942b') in 0.0246259 seconds
Number of updated asset objects reloaded before import = 0Number of asset objects unloaded after import = 8

========================================================================
Received Import Request.
  Time since last request: 0.000013 seconds.
  path: Assets/Cainos/Tile/Prefab/PF Village Props - Gravestone 01.prefab
  artifactKey: Guid(050d9e84d8de61d41ac16ebab39e64a2) Importer(2089858483,192608db42251d675da83286b1cce702)
Start importing Assets/Cainos/Tile/Prefab/PF Village Props - Gravestone 01.prefab using Guid(050d9e84d8de61d41ac16ebab39e64a2) Importer(2089858483,192608db42251d675da83286b1cce702) (ScriptedImporter) -> (artifact id: '5ad4785869f80c3269c8fe1d06ba385b') in 0.0244671 seconds
Number of updated asset objects reloaded before import = 0Number of asset objects unloaded after import = 8

========================================================================
Received Import Request.
  Time since last request: 0.000013 seconds.
  path: Assets/Cainos/Tile/Prefab/PF Village Props - Ladder 01.prefab
  artifactKey: Guid(f41211a6e39d8ab42a846d7622cabd05) Importer(2089858483,192608db42251d675da83286b1cce702)
Start importing Assets/Cainos/Tile/Prefab/PF Village Props - Ladder 01.prefab using Guid(f41211a6e39d8ab42a846d7622cabd05) Importer(2089858483,192608db42251d675da83286b1cce702) (ScriptedImporter) -> (artifact id: '466b71bd6fcce1e5c8c96d66c1e4b7c6') in 0.0194518 seconds
Number of updated asset objects reloaded before import = 0Number of asset objects unloaded after import = 17

========================================================================
Received Import Request.
  Time since last request: 0.000013 seconds.
  path: Assets/Cainos/Tile/Prefab/PF Village Props - Pumpkin B.prefab
  artifactKey: Guid(c733f14e73fac4e4cbcdf3c827225214) Importer(2089858483,192608db42251d675da83286b1cce702)
Start importing Assets/Cainos/Tile/Prefab/PF Village Props - Pumpkin B.prefab using Guid(c733f14e73fac4e4cbcdf3c827225214) Importer(2089858483,192608db42251d675da83286b1cce702) (ScriptedImporter) -> (artifact id: '3c50ad940fea018c596bc85278b1cad2') in 0.0229163 seconds
Number of updated asset objects reloaded before import = 0Number of asset objects unloaded after import = 8

========================================================================
Received Import Request.
  Time since last request: 0.000014 seconds.
  path: Assets/Cainos/Tile/Prefab/PF Village Props - Platform 01 L X2.prefab
  artifactKey: Guid(be45c7f16746c98428fc87d0d0f34226) Importer(2089858483,192608db42251d675da83286b1cce702)
Start importing Assets/Cainos/Tile/Prefab/PF Village Props - Platform 01 L X2.prefab using Guid(be45c7f16746c98428fc87d0d0f34226) Importer(2089858483,192608db42251d675da83286b1cce702) (ScriptedImporter) -> (artifact id: '1857d0c404b52402cb78c20d77aa4a8f') in 0.0230733 seconds
Number of updated asset objects reloaded before import = 0Number of asset objects unloaded after import = 16

========================================================================
Received Import Request.
  Time since last request: 0.000011 seconds.
  path: Assets/Cainos/Tile/Prefab/PF Village Props - Hay Bale.prefab
  artifactKey: Guid(6a9ccf5128b7b1349a5a89b136f037a4) Importer(2089858483,192608db42251d675da83286b1cce702)
Start importing Assets/Cainos/Tile/Prefab/PF Village Props - Hay Bale.prefab using Guid(6a9ccf5128b7b1349a5a89b136f037a4) Importer(2089858483,192608db42251d675da83286b1cce702) (ScriptedImporter) -> (artifact id: 'af749fca555f7a223cc204a52c33ccf6') in 0.0252066 seconds
Number of updated asset objects reloaded before import = 0Number of asset objects unloaded after import = 10

========================================================================
Received Import Request.
  Time since last request: 0.000020 seconds.
  path: Assets/Cainos/Tile/Prefab/PF Village Props - White Bottle.prefab
  artifactKey: Guid(af37d6137b6748f4dbfe059a86aad627) Importer(2089858483,192608db42251d675da83286b1cce702)
Start importing Assets/Cainos/Tile/Prefab/PF Village Props - White Bottle.prefab using Guid(af37d6137b6748f4dbfe059a86aad627) Importer(2089858483,192608db42251d675da83286b1cce702) (ScriptedImporter) -> (artifact id: '46cfe66fdf8f6c7039871f64e3a1bca3') in 0.0241988 seconds
Number of updated asset objects reloaded before import = 0Number of asset objects unloaded after import = 8

========================================================================
Received Import Request.
  Time since last request: 0.000023 seconds.
  path: Assets/Cainos/Tile/Prefab/PF Village Props - Platform 02 X1.prefab
  artifactKey: Guid(b66942e8458865e4990a5fc39874e9a1) Importer(2089858483,192608db42251d675da83286b1cce702)
Start importing Assets/Cainos/Tile/Prefab/PF Village Props - Platform 02 X1.prefab using Guid(b66942e8458865e4990a5fc39874e9a1) Importer(2089858483,192608db42251d675da83286b1cce702) (ScriptedImporter) -> (artifact id: '7243e5f4aa4b3967701490f555acd49a') in 0.0259702 seconds
Number of updated asset objects reloaded before import = 0Number of asset objects unloaded after import = 10

========================================================================
Received Import Request.
  Time since last request: 0.000019 seconds.
  path: Assets/Cainos/Tile/Prefab/PF Village Props - Bush 01.prefab
  artifactKey: Guid(0a84f54077193d3489d0de133048df37) Importer(2089858483,192608db42251d675da83286b1cce702)
Start importing Assets/Cainos/Tile/Prefab/PF Village Props - Bush 01.prefab using Guid(0a84f54077193d3489d0de133048df37) Importer(2089858483,192608db42251d675da83286b1cce702) (ScriptedImporter) -> (artifact id: '729768b8e65022cf2a7108dabf53c15d') in 0.0225778 seconds
Number of updated asset objects reloaded before import = 0Number of asset objects unloaded after import = 8

========================================================================
Received Import Request.
  Time since last request: 0.000012 seconds.
  path: Assets/Scripts/Player/MovementsController.cs
  artifactKey: Guid(c805240029109d3459cc04c2b661ac36) Importer(2089858483,192608db42251d675da83286b1cce702)
Start importing Assets/Scripts/Player/MovementsController.cs using Guid(c805240029109d3459cc04c2b661ac36) Importer(2089858483,192608db42251d675da83286b1cce702) (ScriptedImporter) -> (artifact id: 'fa91433bcfbe722a1ec9fd7847c5ac48') in 0.0085594 seconds
Number of updated asset objects reloaded before import = 0Number of asset objects unloaded after import = 0

========================================================================
Received Import Request.
  Time since last request: 0.000039 seconds.
  path: Assets/Cainos/Tile/Prefab/PF Village Props - Spike Ball.prefab
  artifactKey: Guid(ac067d7d3bd8a1c4a9fb05099b5a4e06) Importer(2089858483,192608db42251d675da83286b1cce702)
Start importing Assets/Cainos/Tile/Prefab/PF Village Props - Spike Ball.prefab using Guid(ac067d7d3bd8a1c4a9fb05099b5a4e06) Importer(2089858483,192608db42251d675da83286b1cce702) (ScriptedImporter) -> (artifact id: 'cee898e85104755e13696dbc5efbc761') in 0.0219904 seconds
Number of updated asset objects reloaded before import = 0Number of asset objects unloaded after import = 10

========================================================================
Received Import Request.
  Time since last request: 0.000013 seconds.
  path: Assets/Hero Knight - Pixel Art/Sprites/HeroKnight_DeathNoBlood.png
  artifactKey: Guid(432e48af0c833ad4587d222b812b844f) Importer(2089858483,192608db42251d675da83286b1cce702)
Start importing Assets/Hero Knight - Pixel Art/Sprites/HeroKnight_DeathNoBlood.png using Guid(432e48af0c833ad4587d222b812b844f) Importer(2089858483,192608db42251d675da83286b1cce702) (ScriptedImporter) -> (artifact id: '728ae559790a2e44c056ea9cee7e2d67') in 0.0282145 seconds
Number of updated asset objects reloaded before import = 0Number of asset objects unloaded after import = 12

========================================================================
Received Import Request.
  Time since last request: 0.000012 seconds.
  path: Assets/Cainos/Tile/Prefab/PF Village Props - Hay Pile.prefab
  artifactKey: Guid(337bf7fb32e777b41a8411ca5d35e56f) Importer(2089858483,192608db42251d675da83286b1cce702)
Start importing Assets/Cainos/Tile/Prefab/PF Village Props - Hay Pile.prefab using Guid(337bf7fb32e777b41a8411ca5d35e56f) Importer(2089858483,192608db42251d675da83286b1cce702) (ScriptedImporter) -> (artifact id: '82a09ef34b0e241b8f06e7c6711d38c0') in 0.0239121 seconds
Number of updated asset objects reloaded before import = 0Number of asset objects unloaded after import = 8

========================================================================
Received Import Request.
  Time since last request: 0.000012 seconds.
  path: Assets/Cainos/Tile/Texture/TX Village Props - Pumpkin 01.asset
  artifactKey: Guid(eba84a2a293406e439484707c40cac25) Importer(2089858483,192608db42251d675da83286b1cce702)
Start importing Assets/Cainos/Tile/Texture/TX Village Props - Pumpkin 01.asset using Guid(eba84a2a293406e439484707c40cac25) Importer(2089858483,192608db42251d675da83286b1cce702) (ScriptedImporter) -> (artifact id: '69c16f492bb3a74d4f8fbf192a9131e5') in 0.0144117 seconds
Number of updated asset objects reloaded before import = 0Number of asset objects unloaded after import = 2

========================================================================
Received Import Request.
  Time since last request: 0.000010 seconds.
  path: Assets/Cainos/Tile/Texture/TX Village Props - Grass 01.asset
  artifactKey: Guid(221a3a5b507f57b40aa31f8b709738fd) Importer(2089858483,192608db42251d675da83286b1cce702)
Start importing Assets/Cainos/Tile/Texture/TX Village Props - Grass 01.asset using Guid(221a3a5b507f57b40aa31f8b709738fd) Importer(2089858483,192608db42251d675da83286b1cce702) (ScriptedImporter) -> (artifact id: '6328d6431d1183901cf7d98af2ecf4d3') in 0.0189727 seconds
Number of updated asset objects reloaded before import = 0Number of asset objects unloaded after import = 2

========================================================================
Received Import Request.
  Time since last request: 0.000013 seconds.
  path: Assets/Cainos/Tile/Texture/TX Village Props - Billboard Noti 02.asset
  artifactKey: Guid(f8e061edbdb3f2d4a8090c63666df92d) Importer(2089858483,192608db42251d675da83286b1cce702)
Start importing Assets/Cainos/Tile/Texture/TX Village Props - Billboard Noti 02.asset using Guid(f8e061edbdb3f2d4a8090c63666df92d) Importer(2089858483,192608db42251d675da83286b1cce702) (ScriptedImporter) -> (artifact id: 'd74834d8ec75de6df32c91bc220c74ba') in 0.0149339 seconds
Number of updated asset objects reloaded before import = 0Number of asset objects unloaded after import = 2

========================================================================
Received Import Request.
  Time since last request: 0.000013 seconds.
  path: Assets/Cainos/Tile/Texture/TX Village Props - Bush 01.asset
  artifactKey: Guid(6b08ed3604812c14ab7a22fbd30be72f) Importer(2089858483,192608db42251d675da83286b1cce702)
Start importing Assets/Cainos/Tile/Texture/TX Village Props - Bush 01.asset using Guid(6b08ed3604812c14ab7a22fbd30be72f) Importer(2089858483,192608db42251d675da83286b1cce702) (ScriptedImporter) -> (artifact id: '62797d05d6581dd2d2355f9776571c58') in 0.0142814 seconds
Number of updated asset objects reloaded before import = 0Number of asset objects unloaded after import = 2

========================================================================
Received Import Request.
  Time since last request: 0.000013 seconds.
  path: Assets/Cainos/Tile/Texture/TX Village Props - Log Bench.asset
  artifactKey: Guid(88a67964bce89074c958d0299e7c367d) Importer(2089858483,192608db42251d675da83286b1cce702)
Start importing Assets/Cainos/Tile/Texture/TX Village Props - Log Bench.asset using Guid(88a67964bce89074c958d0299e7c367d) Importer(2089858483,192608db42251d675da83286b1cce702) (ScriptedImporter) -> (artifact id: '92a3af2d06c24a8465f79a7e7f8cec68') in 0.0144507 seconds
Number of updated asset objects reloaded before import = 0Number of asset objects unloaded after import = 2

========================================================================
Received Import Request.
  Time since last request: 0.000023 seconds.
  path: Assets/Cainos/Tile/Texture/TX Village Props - Chest Silver.asset
  artifactKey: Guid(ae9526e61a222694291e43a09bb6785f) Importer(2089858483,192608db42251d675da83286b1cce702)
Start importing Assets/Cainos/Tile/Texture/TX Village Props - Chest Silver.asset using Guid(ae9526e61a222694291e43a09bb6785f) Importer(2089858483,192608db42251d675da83286b1cce702) (ScriptedImporter) -> (artifact id: '1de300c97ea90644dc7069fa32592a21') in 0.0175342 seconds
Number of updated asset objects reloaded before import = 0Number of asset objects unloaded after import = 2

========================================================================
Received Import Request.
  Time since last request: 0.000013 seconds.
  path: Assets/Cainos/Tile/Texture/TX Village Props - Gravestone 02.asset
  artifactKey: Guid(3d0b13e1ab476a249b97df976690c9dc) Importer(2089858483,192608db42251d675da83286b1cce702)
Start importing Assets/Cainos/Tile/Texture/TX Village Props - Gravestone 02.asset using Guid(3d0b13e1ab476a249b97df976690c9dc) Importer(2089858483,192608db42251d675da83286b1cce702) (ScriptedImporter) -> (artifact id: 'cb98d80c319536c4eb43625cf878e964') in 0.0137428 seconds
Number of updated asset objects reloaded before import = 0Number of asset objects unloaded after import = 2

========================================================================
Received Import Request.
  Time since last request: 0.000015 seconds.
  path: Assets/Cainos/Tile/Texture/TX Village Props - Clother Hanger Rope 02.asset
  artifactKey: Guid(0c3dfe503c583b4488db3b7b3362c291) Importer(2089858483,192608db42251d675da83286b1cce702)
Start importing Assets/Cainos/Tile/Texture/TX Village Props - Clother Hanger Rope 02.asset using Guid(0c3dfe503c583b4488db3b7b3362c291) Importer(2089858483,192608db42251d675da83286b1cce702) (ScriptedImporter) -> (artifact id: 'd722ced6dc364c3a13fc55f64504745a') in 0.014466 seconds
Number of updated asset objects reloaded before import = 0Number of asset objects unloaded after import = 2

========================================================================
Received Import Request.
  Time since last request: 0.000018 seconds.
  path: Assets/Cainos/Tile/Texture/TX Village Props - Fence 01 Rail 01.asset
  artifactKey: Guid(43418287c5c7e214698eaf80d7b07f5b) Importer(2089858483,192608db42251d675da83286b1cce702)
Start importing Assets/Cainos/Tile/Texture/TX Village Props - Fence 01 Rail 01.asset using Guid(43418287c5c7e214698eaf80d7b07f5b) Importer(2089858483,192608db42251d675da83286b1cce702) (ScriptedImporter) -> (artifact id: 'dcb26fed0bc3b22bbbbf4c762cc100c5') in 0.0131632 seconds
Number of updated asset objects reloaded before import = 0Number of asset objects unloaded after import = 2

========================================================================
Received Import Request.
  Time since last request: 0.000013 seconds.
  path: Assets/Cainos/Tile/Texture/TX Village Props - Pot 03.asset
  artifactKey: Guid(1c456a6bcce43b4429458701727cb171) Importer(2089858483,192608db42251d675da83286b1cce702)
Start importing Assets/Cainos/Tile/Texture/TX Village Props - Pot 03.asset using Guid(1c456a6bcce43b4429458701727cb171) Importer(2089858483,192608db42251d675da83286b1cce702) (ScriptedImporter) -> (artifact id: '85c4038847d82c9d90b0a84bb088369b') in 0.0143293 seconds
Number of updated asset objects reloaded before import = 0Number of asset objects unloaded after import = 2

========================================================================
Received Import Request.
  Time since last request: 0.000028 seconds.
  path: Assets/Cainos/Tile/Texture/TX Village Props - Ladder 01 B.asset
  artifactKey: Guid(0bf4272409beb5c46bfe98874064f152) Importer(2089858483,192608db42251d675da83286b1cce702)
Start importing Assets/Cainos/Tile/Texture/TX Village Props - Ladder 01 B.asset using Guid(0bf4272409beb5c46bfe98874064f152) Importer(2089858483,192608db42251d675da83286b1cce702) (ScriptedImporter) -> (artifact id: '5b57012c1803e09da3d38b7c2dbe446b') in 0.0145242 seconds
Number of updated asset objects reloaded before import = 0Number of asset objects unloaded after import = 2

========================================================================
Received Import Request.
  Time since last request: 0.000013 seconds.
  path: Assets/Cainos/Tile/Texture/TX Village Props - Gunny Bag 01.asset
  artifactKey: Guid(2eebfa7bf5ddb5a49a80a5decca1317e) Importer(2089858483,192608db42251d675da83286b1cce702)
Start importing Assets/Cainos/Tile/Texture/TX Village Props - Gunny Bag 01.asset using Guid(2eebfa7bf5ddb5a49a80a5decca1317e) Importer(2089858483,192608db42251d675da83286b1cce702) (ScriptedImporter) -> (artifact id: '39c9d7285f651a72869b4cde34e920c1') in 0.0151646 seconds
Number of updated asset objects reloaded before import = 0Number of asset objects unloaded after import = 2

========================================================================
Received Import Request.
  Time since last request: 0.000011 seconds.
  path: Assets/Cainos/Tile/Texture/TX Village Props - Chest Wooden.asset
  artifactKey: Guid(c1d88c6d4b10c9c42837e97bdbc7f839) Importer(2089858483,192608db42251d675da83286b1cce702)
Start importing Assets/Cainos/Tile/Texture/TX Village Props - Chest Wooden.asset using Guid(c1d88c6d4b10c9c42837e97bdbc7f839) Importer(2089858483,192608db42251d675da83286b1cce702) (ScriptedImporter) -> (artifact id: 'eaddf52fc994461840ba332135595af7') in 0.0128624 seconds
Number of updated asset objects reloaded before import = 0Number of asset objects unloaded after import = 2

========================================================================
Received Import Request.
  Time since last request: 0.000010 seconds.
  path: Assets/Cainos/Tile/Texture/TX Village Props - Ladder 01 T.asset
  artifactKey: Guid(c01061bded052ba4082a227907cf3761) Importer(2089858483,192608db42251d675da83286b1cce702)
Start importing Assets/Cainos/Tile/Texture/TX Village Props - Ladder 01 T.asset using Guid(c01061bded052ba4082a227907cf3761) Importer(2089858483,192608db42251d675da83286b1cce702) (ScriptedImporter) -> (artifact id: '4d722c651c253efb445042633c746781') in 0.0136495 seconds
Number of updated asset objects reloaded before import = 0Number of asset objects unloaded after import = 2

========================================================================
Received Import Request.
  Time since last request: 0.000011 seconds.
  path: Assets/Cainos/Tile/Texture/TX Village Props - Ladder 01 Side LM 02.asset
  artifactKey: Guid(88306e85eef842448a5fa87adca71ed0) Importer(2089858483,192608db42251d675da83286b1cce702)
Start importing Assets/Cainos/Tile/Texture/TX Village Props - Ladder 01 Side LM 02.asset using Guid(88306e85eef842448a5fa87adca71ed0) Importer(2089858483,192608db42251d675da83286b1cce702) (ScriptedImporter) -> (artifact id: '39b86f8c8f7ca0a3aca8b34c09292af4') in 0.0146765 seconds
Number of updated asset objects reloaded before import = 0Number of asset objects unloaded after import = 2

========================================================================
Received Import Request.
  Time since last request: 0.000013 seconds.
  path: Assets/Cainos/Tile/Texture/TX Village Props - Clother Hanger Clip.asset
  artifactKey: Guid(e392ae8e26656d0419ee75ec713f8193) Importer(2089858483,192608db42251d675da83286b1cce702)
Start importing Assets/Cainos/Tile/Texture/TX Village Props - Clother Hanger Clip.asset using Guid(e392ae8e26656d0419ee75ec713f8193) Importer(2089858483,192608db42251d675da83286b1cce702) (ScriptedImporter) -> (artifact id: 'c63431d0c20a51e74e659d9b728f807a') in 0.0145318 seconds
Number of updated asset objects reloaded before import = 0Number of asset objects unloaded after import = 2

========================================================================
Received Import Request.
  Time since last request: 0.000016 seconds.
  path: Assets/Cainos/Tile/Texture/TX Village Props - Gravestone 04.asset
  artifactKey: Guid(13882aed85d219148954becb9c0b9a8d) Importer(2089858483,192608db42251d675da83286b1cce702)
Start importing Assets/Cainos/Tile/Texture/TX Village Props - Gravestone 04.asset using Guid(13882aed85d219148954becb9c0b9a8d) Importer(2089858483,192608db42251d675da83286b1cce702) (ScriptedImporter) -> (artifact id: 'bafab9830e9f2d4badbeea8232046986') in 0.014627 seconds
Number of updated asset objects reloaded before import = 0Number of asset objects unloaded after import = 2

========================================================================
Received Import Request.
  Time since last request: 0.000030 seconds.
  path: Assets/Cainos/Tile/Prefab/PF Village Props - Obstacle Platform X16.prefab
  artifactKey: Guid(419378b134eda754c9a1e3bbae048765) Importer(2089858483,192608db42251d675da83286b1cce702)
Start importing Assets/Cainos/Tile/Prefab/PF Village Props - Obstacle Platform X16.prefab using Guid(419378b134eda754c9a1e3bbae048765) Importer(2089858483,192608db42251d675da83286b1cce702) (ScriptedImporter) -> (artifact id: 'd93fae2faed9a3abe6339f22b8157e8f') in 0.0236397 seconds
Number of updated asset objects reloaded before import = 0Number of asset objects unloaded after import = 9

========================================================================
Received Import Request.
  Time since last request: 0.000016 seconds.
  path: Assets/Cainos/Tile/Prefab/PF Village Props - Obstacle Platform X40.prefab
  artifactKey: Guid(19c814d7a6d59b74686e74ddb900f806) Importer(2089858483,192608db42251d675da83286b1cce702)
Start importing Assets/Cainos/Tile/Prefab/PF Village Props - Obstacle Platform X40.prefab using Guid(19c814d7a6d59b74686e74ddb900f806) Importer(2089858483,192608db42251d675da83286b1cce702) (ScriptedImporter) -> (artifact id: '5589a50306823928c087e0d7149101ff') in 0.023649 seconds
Number of updated asset objects reloaded before import = 0Number of asset objects unloaded after import = 9

========================================================================
Received Import Request.
  Time since last request: 0.000014 seconds.
  path: Assets/Cainos/Tile/Prefab/PF Village Props - Tree 01.prefab
  artifactKey: Guid(7903d081236f2304396572efb80b5f8f) Importer(2089858483,192608db42251d675da83286b1cce702)
Start importing Assets/Cainos/Tile/Prefab/PF Village Props - Tree 01.prefab using Guid(7903d081236f2304396572efb80b5f8f) Importer(2089858483,192608db42251d675da83286b1cce702) (ScriptedImporter) -> (artifact id: '46e971a480f401083c9b8f7a2ed512eb') in 0.0231441 seconds
Number of updated asset objects reloaded before import = 0Number of asset objects unloaded after import = 8

========================================================================
Received Import Request.
  Time since last request: 0.000014 seconds.
  path: Assets/Cainos/Tile/Texture/TX Village Props - Bucket.asset
  artifactKey: Guid(94d9a2cdba66993488804aa820e54539) Importer(2089858483,192608db42251d675da83286b1cce702)
Start importing Assets/Cainos/Tile/Texture/TX Village Props - Bucket.asset using Guid(94d9a2cdba66993488804aa820e54539) Importer(2089858483,192608db42251d675da83286b1cce702) (ScriptedImporter) -> (artifact id: 'f4166ecac5bef59fc8799ce71d285a39') in 0.0151424 seconds
Number of updated asset objects reloaded before import = 0Number of asset objects unloaded after import = 2

========================================================================
Received Import Request.
  Time since last request: 0.000015 seconds.
  path: Assets/Cainos/Tile/Prefab/PF Village Props - Rock 03.prefab
  artifactKey: Guid(2f54e7022d76f09478e2e1124e212cc5) Importer(2089858483,192608db42251d675da83286b1cce702)
Start importing Assets/Cainos/Tile/Prefab/PF Village Props - Rock 03.prefab using Guid(2f54e7022d76f09478e2e1124e212cc5) Importer(2089858483,192608db42251d675da83286b1cce702) (ScriptedImporter) -> (artifact id: 'dce8e96b60653e467a7421b37c38cfea') in 0.0237969 seconds
Number of updated asset objects reloaded before import = 0Number of asset objects unloaded after import = 8

========================================================================
Received Import Request.
  Time since last request: 0.000020 seconds.
  path: Assets/Cainos/Tile/Prefab/PF Village Props - Billboard.prefab
  artifactKey: Guid(6ecf5bcec20adfa429a788f660f29ff5) Importer(2089858483,192608db42251d675da83286b1cce702)
Start importing Assets/Cainos/Tile/Prefab/PF Village Props - Billboard.prefab using Guid(6ecf5bcec20adfa429a788f660f29ff5) Importer(2089858483,192608db42251d675da83286b1cce702) (ScriptedImporter) -> (artifact id: '82376f571d7e5410ae52aaa11063d9cc') in 0.024249 seconds
Number of updated asset objects reloaded before import = 0Number of asset objects unloaded after import = 26

========================================================================
Received Import Request.
  Time since last request: 0.107012 seconds.
  path: Assets/Cainos/Tile/Texture/TX Village Props - Road Lamp Light On.asset
  artifactKey: Guid(6d254e521d8519642811aa8d88ac0994) Importer(2089858483,192608db42251d675da83286b1cce702)
Start importing Assets/Cainos/Tile/Texture/TX Village Props - Road Lamp Light On.asset using Guid(6d254e521d8519642811aa8d88ac0994) Importer(2089858483,192608db42251d675da83286b1cce702) (ScriptedImporter) -> (artifact id: 'c0869d90b6b4f97fb0c5c730262fa4ff') in 0.0189074 seconds
Number of updated asset objects reloaded before import = 0Number of asset objects unloaded after import = 2

========================================================================
Received Import Request.
  Time since last request: 0.000012 seconds.
  path: Assets/Cainos/Tile/Texture/TX Village Props - Wood Log 01.asset
  artifactKey: Guid(826265d8473b6864eb858d5436d4e9d9) Importer(2089858483,192608db42251d675da83286b1cce702)
Start importing Assets/Cainos/Tile/Texture/TX Village Props - Wood Log 01.asset using Guid(826265d8473b6864eb858d5436d4e9d9) Importer(2089858483,192608db42251d675da83286b1cce702) (ScriptedImporter) -> (artifact id: '3252982811bb622ae90e1055748f5f24') in 0.014629 seconds
Number of updated asset objects reloaded before import = 0Number of asset objects unloaded after import = 2

========================================================================
Received Import Request.
  Time since last request: 0.000011 seconds.
  path: Assets/Cainos/Tile/Texture/TX Village Props - Wheelbarrow Wheel.asset
  artifactKey: Guid(339ad6de21c299340be76a36356d5310) Importer(2089858483,192608db42251d675da83286b1cce702)
Start importing Assets/Cainos/Tile/Texture/TX Village Props - Wheelbarrow Wheel.asset using Guid(339ad6de21c299340be76a36356d5310) Importer(2089858483,192608db42251d675da83286b1cce702) (ScriptedImporter) -> (artifact id: 'dc239735477906104f6c928b8ba7e2f9') in 0.0130079 seconds
Number of updated asset objects reloaded before import = 0Number of asset objects unloaded after import = 2

========================================================================
Received Import Request.
  Time since last request: 0.000043 seconds.
  path: Assets/Cainos/Tile/Texture/TX Village Props - Sign 01.asset
  artifactKey: Guid(ce378b3b5e86cb94fb222eb029d82604) Importer(2089858483,192608db42251d675da83286b1cce702)
Start importing Assets/Cainos/Tile/Texture/TX Village Props - Sign 01.asset using Guid(ce378b3b5e86cb94fb222eb029d82604) Importer(2089858483,192608db42251d675da83286b1cce702) (ScriptedImporter) -> (artifact id: '1bfc35074f3dab2471ca056067f25c3e') in 0.0145942 seconds
Number of updated asset objects reloaded before import = 0Number of asset objects unloaded after import = 2

========================================================================
Received Import Request.
  Time since last request: 0.000013 seconds.
  path: Assets/Cainos/Tile/Texture/TX Village Props - Stone of Recall - Glow.asset
  artifactKey: Guid(929180af8d68ed94d8a88adf080a5e02) Importer(2089858483,192608db42251d675da83286b1cce702)
Start importing Assets/Cainos/Tile/Texture/TX Village Props - Stone of Recall - Glow.asset using Guid(929180af8d68ed94d8a88adf080a5e02) Importer(2089858483,192608db42251d675da83286b1cce702) (ScriptedImporter) -> (artifact id: '3b0d6a00ed083be19d76c55f0c663c02') in 0.0141527 seconds
Number of updated asset objects reloaded before import = 0Number of asset objects unloaded after import = 2

========================================================================
Received Import Request.
  Time since last request: 0.000012 seconds.
  path: Assets/Cainos/Tile/Texture/TX Village Props - Spear.asset
  artifactKey: Guid(3ea20361d0cd21a44823c48a53531429) Importer(2089858483,192608db42251d675da83286b1cce702)
Start importing Assets/Cainos/Tile/Texture/TX Village Props - Spear.asset using Guid(3ea20361d0cd21a44823c48a53531429) Importer(2089858483,192608db42251d675da83286b1cce702) (ScriptedImporter) -> (artifact id: 'c031f167f143e09015185b716e917d22') in 0.0144549 seconds
Number of updated asset objects reloaded before import = 0Number of asset objects unloaded after import = 2

========================================================================
Received Import Request.
  Time since last request: 0.000015 seconds.
  path: Assets/Cainos/Tile/Texture/TX Village Props - Wooden Bridge Part 02.asset
  artifactKey: Guid(baa60ffb42c740a4299367db5517772f) Importer(2089858483,192608db42251d675da83286b1cce702)
Start importing Assets/Cainos/Tile/Texture/TX Village Props - Wooden Bridge Part 02.asset using Guid(baa60ffb42c740a4299367db5517772f) Importer(2089858483,192608db42251d675da83286b1cce702) (ScriptedImporter) -> (artifact id: 'd12e864e79da38b03b4dfee7d72993f9') in 0.0144071 seconds
Number of updated asset objects reloaded before import = 0Number of asset objects unloaded after import = 2

========================================================================
Received Import Request.
  Time since last request: 0.000019 seconds.
  path: Assets/Cainos/Tile/Texture/TX Village Props - Torch.asset
  artifactKey: Guid(5f9b8927c64a18d4c85a9069373feddd) Importer(2089858483,192608db42251d675da83286b1cce702)
Start importing Assets/Cainos/Tile/Texture/TX Village Props - Torch.asset using Guid(5f9b8927c64a18d4c85a9069373feddd) Importer(2089858483,192608db42251d675da83286b1cce702) (ScriptedImporter) -> (artifact id: 'daebfcfb6f0c7b988fab36ac3741b8a7') in 0.0141118 seconds
Number of updated asset objects reloaded before import = 0Number of asset objects unloaded after import = 2

========================================================================
Received Import Request.
  Time since last request: 0.000012 seconds.
  path: Assets/Cainos/Tile/Texture/TX Village Props - Stairs X32.asset
  artifactKey: Guid(67c392211b03904449ad543bbde00a98) Importer(2089858483,192608db42251d675da83286b1cce702)
Start importing Assets/Cainos/Tile/Texture/TX Village Props - Stairs X32.asset using Guid(67c392211b03904449ad543bbde00a98) Importer(2089858483,192608db42251d675da83286b1cce702) (ScriptedImporter) -> (artifact id: '14a7623b56ff56bcedb3a45353d2536d') in 0.0139536 seconds
Number of updated asset objects reloaded before import = 0Number of asset objects unloaded after import = 2

========================================================================
Received Import Request.
  Time since last request: 0.000011 seconds.
  path: Assets/Cainos/Tile/Texture/TX Village Props.png
  artifactKey: Guid(7810966f0f690954c87305933cabf2b0) Importer(2089858483,192608db42251d675da83286b1cce702)
Start importing Assets/Cainos/Tile/Texture/TX Village Props.png using Guid(7810966f0f690954c87305933cabf2b0) Importer(2089858483,192608db42251d675da83286b1cce702) (ScriptedImporter) -> (artifact id: '8420919ee55fcd6f40f95c7720a157db') in 0.1869223 seconds
Number of updated asset objects reloaded before import = 0Number of asset objects unloaded after import = 193

========================================================================
Received Prepare
Refreshing native plugins compatible for Editor in 0.00 ms, found 0 plugins.
Preloading 0 native plugins for Editor in 0.00 ms.
Unloading 0 Unused Serialized files (Serialized files now loaded: 0)
Unloading 210 unused Assets / (7.2 KB). Loaded Objects now: 817.
Memory consumption went from 82.3 MB to 82.3 MB.
Total: 4.560700 ms (FindLiveObjects: 0.052100 ms CreateObjectMapping: 0.007600 ms MarkObjects: 4.455800 ms  DeleteObjects: 0.043700 ms)

Prepare: number of updated asset objects reloaded= 0
========================================================================
Received Prepare
Refreshing native plugins compatible for Editor in 0.00 ms, found 0 plugins.
Preloading 0 native plugins for Editor in 0.00 ms.
Unloading 0 Unused Serialized files (Serialized files now loaded: 0)
Unloading 210 unused Assets / (7.2 KB). Loaded Objects now: 817.
Memory consumption went from 82.3 MB to 82.3 MB.
Total: 4.079400 ms (FindLiveObjects: 0.051600 ms CreateObjectMapping: 0.007500 ms MarkObjects: 3.976400 ms  DeleteObjects: 0.042800 ms)

Prepare: number of updated asset objects reloaded= 0
